2022-09-22 17:09:46,793 INFO impl.MetricsConfig: Loaded properties from hadoop-metrics2.properties
2022-09-22 17:09:46,854 INFO impl.MetricsSystemImpl: Scheduled Metric snapshot period at 10 second(s).
2022-09-22 17:09:46,855 INFO impl.MetricsSystemImpl: JobTracker metrics system started
2022-09-22 17:09:46,907 WARN mapreduce.JobResourceUploader: Hadoop command-line option parsing not performed. Implement the Tool interface and execute your application with ToolRunner to remedy this.
2022-09-22 17:09:46,933 INFO input.FileInputFormat: Total input files to process : 1
2022-09-22 17:09:46,967 INFO mapreduce.JobSubmitter: number of splits:1
2022-09-22 17:09:47,094 INFO mapreduce.JobSubmitter: Submitting tokens for job: job_local519029703_0001
2022-09-22 17:09:47,094 INFO mapreduce.JobSubmitter: Executing with tokens: []
2022-09-22 17:09:47,206 INFO mapreduce.Job: The url to track the job: http://localhost:8080/
2022-09-22 17:09:47,207 INFO mapreduce.Job: Running job: job_local519029703_0001
2022-09-22 17:09:47,211 INFO mapred.LocalJobRunner: OutputCommitter set in config null
2022-09-22 17:09:47,217 INFO output.FileOutputCommitter: File Output Committer Algorithm version is 2
2022-09-22 17:09:47,217 INFO output.FileOutputCommitter: FileOutputCommitter skip cleanup _temporary folders under output directory:false, ignore cleanup failures: false
2022-09-22 17:09:47,217 INFO mapred.LocalJobRunner: OutputCommitter is org.apache.hadoop.mapreduce.lib.output.FileOutputCommitter
2022-09-22 17:09:47,343 INFO mapred.LocalJobRunner: Waiting for map tasks
2022-09-22 17:09:47,344 INFO mapred.LocalJobRunner: Starting task: attempt_local519029703_0001_m_000000_0
2022-09-22 17:09:47,360 INFO output.FileOutputCommitter: File Output Committer Algorithm version is 2
2022-09-22 17:09:47,362 INFO output.FileOutputCommitter: FileOutputCommitter skip cleanup _temporary folders under output directory:false, ignore cleanup failures: false
2022-09-22 17:09:47,383 INFO mapred.Task:  Using ResourceCalculatorProcessTree : [ ]
2022-09-22 17:09:47,385 INFO mapred.MapTask: Processing split: file:/home/ajaved/project1/small-netflix.csv:0+252
2022-09-22 17:09:47,405 INFO mapred.MapTask: (EQUATOR) 0 kvi 26214396(104857584)
2022-09-22 17:09:47,406 INFO mapred.MapTask: mapreduce.task.io.sort.mb: 100
2022-09-22 17:09:47,406 INFO mapred.MapTask: soft limit at 83886080
2022-09-22 17:09:47,406 INFO mapred.MapTask: bufstart = 0; bufvoid = 104857600
2022-09-22 17:09:47,406 INFO mapred.MapTask: kvstart = 26214396; length = 6553600
2022-09-22 17:09:47,408 INFO mapred.MapTask: Map output collector class = org.apache.hadoop.mapred.MapTask$MapOutputBuffer
2022-09-22 17:09:47,424 INFO mapred.LocalJobRunner: 
2022-09-22 17:09:47,424 INFO mapred.MapTask: Starting flush of map output
2022-09-22 17:09:47,424 INFO mapred.MapTask: Spilling map output
2022-09-22 17:09:47,424 INFO mapred.MapTask: bufstart = 0; bufend = 120; bufvoid = 104857600
2022-09-22 17:09:47,424 INFO mapred.MapTask: kvstart = 26214396(104857584); kvend = 26214340(104857360); length = 57/6553600
2022-09-22 17:09:47,428 INFO mapred.MapTask: Finished spill 0
2022-09-22 17:09:47,434 INFO mapred.Task: Task:attempt_local519029703_0001_m_000000_0 is done. And is in the process of committing
2022-09-22 17:09:47,436 INFO mapred.LocalJobRunner: map
2022-09-22 17:09:47,436 INFO mapred.Task: Task 'attempt_local519029703_0001_m_000000_0' done.
2022-09-22 17:09:47,440 INFO mapred.Task: Final Counters for attempt_local519029703_0001_m_000000_0: Counters: 17
	File System Counters
		FILE: Number of bytes read=5222
		FILE: Number of bytes written=546255
		FILE: Number of read operations=0
		FILE: Number of large read operations=0
		FILE: Number of write operations=0
	Map-Reduce Framework
		Map input records=18
		Map output records=15
		Map output bytes=120
		Map output materialized bytes=156
		Input split bytes=109
		Combine input records=0
		Spilled Records=15
		Failed Shuffles=0
		Merged Map outputs=0
		GC time elapsed (ms)=0
		Total committed heap usage (bytes)=268435456
	File Input Format Counters 
		Bytes Read=252
2022-09-22 17:09:47,440 INFO mapred.LocalJobRunner: Finishing task: attempt_local519029703_0001_m_000000_0
2022-09-22 17:09:47,441 INFO mapred.LocalJobRunner: map task executor complete.
2022-09-22 17:09:47,443 INFO mapred.LocalJobRunner: Waiting for reduce tasks
2022-09-22 17:09:47,445 INFO mapred.LocalJobRunner: Starting task: attempt_local519029703_0001_r_000000_0
2022-09-22 17:09:47,459 INFO output.FileOutputCommitter: File Output Committer Algorithm version is 2
2022-09-22 17:09:47,459 INFO output.FileOutputCommitter: FileOutputCommitter skip cleanup _temporary folders under output directory:false, ignore cleanup failures: false
2022-09-22 17:09:47,459 INFO mapred.Task:  Using ResourceCalculatorProcessTree : [ ]
2022-09-22 17:09:47,463 INFO mapred.ReduceTask: Using ShuffleConsumerPlugin: org.apache.hadoop.mapreduce.task.reduce.Shuffle@165fe5e9
2022-09-22 17:09:47,464 WARN impl.MetricsSystemImpl: JobTracker metrics system already initialized!
2022-09-22 17:09:47,476 INFO reduce.MergeManagerImpl: MergerManager: memoryLimit=3006477056, maxSingleShuffleLimit=751619264, mergeThreshold=1984274944, ioSortFactor=10, memToMemMergeOutputsThreshold=10
2022-09-22 17:09:47,485 INFO reduce.EventFetcher: attempt_local519029703_0001_r_000000_0 Thread started: EventFetcher for fetching Map Completion Events
2022-09-22 17:09:47,502 INFO reduce.LocalFetcher: localfetcher#1 about to shuffle output of map attempt_local519029703_0001_m_000000_0 decomp: 152 len: 156 to MEMORY
2022-09-22 17:09:47,504 INFO reduce.InMemoryMapOutput: Read 152 bytes from map-output for attempt_local519029703_0001_m_000000_0
2022-09-22 17:09:47,505 INFO reduce.MergeManagerImpl: closeInMemoryFile -> map-output of size: 152, inMemoryMapOutputs.size() -> 1, commitMemory -> 0, usedMemory ->152
2022-09-22 17:09:47,507 INFO reduce.EventFetcher: EventFetcher is interrupted.. Returning
2022-09-22 17:09:47,507 INFO mapred.LocalJobRunner: 1 / 1 copied.
2022-09-22 17:09:47,507 INFO reduce.MergeManagerImpl: finalMerge called with 1 in-memory map-outputs and 0 on-disk map-outputs
2022-09-22 17:09:47,511 INFO mapred.Merger: Merging 1 sorted segments
2022-09-22 17:09:47,511 INFO mapred.Merger: Down to the last merge-pass, with 1 segments left of total size: 146 bytes
2022-09-22 17:09:47,512 INFO reduce.MergeManagerImpl: Merged 1 segments, 152 bytes to disk to satisfy reduce memory limit
2022-09-22 17:09:47,512 INFO reduce.MergeManagerImpl: Merging 1 files, 156 bytes from disk
2022-09-22 17:09:47,513 INFO reduce.MergeManagerImpl: Merging 0 segments, 0 bytes from memory into reduce
2022-09-22 17:09:47,513 INFO mapred.Merger: Merging 1 sorted segments
2022-09-22 17:09:47,513 INFO mapred.Merger: Down to the last merge-pass, with 1 segments left of total size: 146 bytes
2022-09-22 17:09:47,513 INFO mapred.LocalJobRunner: 1 / 1 copied.
2022-09-22 17:09:47,607 INFO Configuration.deprecation: mapred.skip.on is deprecated. Instead, use mapreduce.job.skiprecords
2022-09-22 17:09:47,628 INFO mapred.Task: Task:attempt_local519029703_0001_r_000000_0 is done. And is in the process of committing
2022-09-22 17:09:47,629 INFO mapred.LocalJobRunner: 1 / 1 copied.
2022-09-22 17:09:47,629 INFO mapred.Task: Task attempt_local519029703_0001_r_000000_0 is allowed to commit now
2022-09-22 17:09:47,639 INFO output.FileOutputCommitter: Saved output of task 'attempt_local519029703_0001_r_000000_0' to file:/home/ajaved/project1/temp
2022-09-22 17:09:47,640 INFO mapred.LocalJobRunner: reduce > reduce
2022-09-22 17:09:47,640 INFO mapred.Task: Task 'attempt_local519029703_0001_r_000000_0' done.
2022-09-22 17:09:47,641 INFO mapred.Task: Final Counters for attempt_local519029703_0001_r_000000_0: Counters: 24
	File System Counters
		FILE: Number of bytes read=5566
		FILE: Number of bytes written=546465
		FILE: Number of read operations=0
		FILE: Number of large read operations=0
		FILE: Number of write operations=0
	Map-Reduce Framework
		Combine input records=0
		Combine output records=0
		Reduce input groups=7
		Reduce shuffle bytes=156
		Reduce input records=15
		Reduce output records=7
		Spilled Records=15
		Shuffled Maps =1
		Failed Shuffles=0
		Merged Map outputs=1
		GC time elapsed (ms)=0
		Total committed heap usage (bytes)=391118848
	Shuffle Errors
		BAD_ID=0
		CONNECTION=0
		IO_ERROR=0
		WRONG_LENGTH=0
		WRONG_MAP=0
		WRONG_REDUCE=0
	File Output Format Counters 
		Bytes Written=54
2022-09-22 17:09:47,641 INFO mapred.LocalJobRunner: Finishing task: attempt_local519029703_0001_r_000000_0
2022-09-22 17:09:47,641 INFO mapred.LocalJobRunner: reduce task executor complete.
2022-09-22 17:09:48,210 INFO mapreduce.Job: Job job_local519029703_0001 running in uber mode : false
2022-09-22 17:09:48,211 INFO mapreduce.Job:  map 100% reduce 100%
2022-09-22 17:09:48,212 INFO mapreduce.Job: Job job_local519029703_0001 completed successfully
2022-09-22 17:09:48,220 INFO mapreduce.Job: Counters: 30
	File System Counters
		FILE: Number of bytes read=10788
		FILE: Number of bytes written=1092720
		FILE: Number of read operations=0
		FILE: Number of large read operations=0
		FILE: Number of write operations=0
	Map-Reduce Framework
		Map input records=18
		Map output records=15
		Map output bytes=120
		Map output materialized bytes=156
		Input split bytes=109
		Combine input records=0
		Combine output records=0
		Reduce input groups=7
		Reduce shuffle bytes=156
		Reduce input records=15
		Reduce output records=7
		Spilled Records=30
		Shuffled Maps =1
		Failed Shuffles=0
		Merged Map outputs=1
		GC time elapsed (ms)=0
		Total committed heap usage (bytes)=659554304
	Shuffle Errors
		BAD_ID=0
		CONNECTION=0
		IO_ERROR=0
		WRONG_LENGTH=0
		WRONG_MAP=0
		WRONG_REDUCE=0
	File Input Format Counters 
		Bytes Read=252
	File Output Format Counters 
		Bytes Written=54
2022-09-22 17:09:48,237 WARN impl.MetricsSystemImpl: JobTracker metrics system already initialized!
2022-09-22 17:09:48,239 WARN mapreduce.JobResourceUploader: Hadoop command-line option parsing not performed. Implement the Tool interface and execute your application with ToolRunner to remedy this.
2022-09-22 17:09:48,245 INFO input.FileInputFormat: Total input files to process : 1
2022-09-22 17:09:48,247 INFO mapreduce.JobSubmitter: number of splits:1
2022-09-22 17:09:48,264 INFO mapreduce.JobSubmitter: Submitting tokens for job: job_local1204832491_0002
2022-09-22 17:09:48,264 INFO mapreduce.JobSubmitter: Executing with tokens: []
2022-09-22 17:09:48,365 INFO mapreduce.Job: The url to track the job: http://localhost:8080/
2022-09-22 17:09:48,365 INFO mapreduce.Job: Running job: job_local1204832491_0002
2022-09-22 17:09:48,377 INFO mapred.LocalJobRunner: OutputCommitter set in config null
2022-09-22 17:09:48,378 INFO output.FileOutputCommitter: File Output Committer Algorithm version is 2
2022-09-22 17:09:48,378 INFO output.FileOutputCommitter: FileOutputCommitter skip cleanup _temporary folders under output directory:false, ignore cleanup failures: false
2022-09-22 17:09:48,378 INFO mapred.LocalJobRunner: OutputCommitter is org.apache.hadoop.mapreduce.lib.output.FileOutputCommitter
2022-09-22 17:09:48,475 INFO mapred.LocalJobRunner: Waiting for map tasks
2022-09-22 17:09:48,475 INFO mapred.LocalJobRunner: Starting task: attempt_local1204832491_0002_m_000000_0
2022-09-22 17:09:48,477 INFO output.FileOutputCommitter: File Output Committer Algorithm version is 2
2022-09-22 17:09:48,477 INFO output.FileOutputCommitter: FileOutputCommitter skip cleanup _temporary folders under output directory:false, ignore cleanup failures: false
2022-09-22 17:09:48,477 INFO mapred.Task:  Using ResourceCalculatorProcessTree : [ ]
2022-09-22 17:09:48,478 INFO mapred.MapTask: Processing split: file:/home/ajaved/project1/temp/part-r-00000:0+42
2022-09-22 17:09:48,486 INFO mapred.MapTask: (EQUATOR) 0 kvi 26214396(104857584)
2022-09-22 17:09:48,486 INFO mapred.MapTask: mapreduce.task.io.sort.mb: 100
2022-09-22 17:09:48,486 INFO mapred.MapTask: soft limit at 83886080
2022-09-22 17:09:48,486 INFO mapred.MapTask: bufstart = 0; bufvoid = 104857600
2022-09-22 17:09:48,486 INFO mapred.MapTask: kvstart = 26214396; length = 6553600
2022-09-22 17:09:48,487 INFO mapred.MapTask: Map output collector class = org.apache.hadoop.mapred.MapTask$MapOutputBuffer
2022-09-22 17:09:48,492 INFO mapred.LocalJobRunner: 
2022-09-22 17:09:48,492 INFO mapred.MapTask: Starting flush of map output
2022-09-22 17:09:48,492 INFO mapred.MapTask: Spilling map output
2022-09-22 17:09:48,492 INFO mapred.MapTask: bufstart = 0; bufend = 56; bufvoid = 104857600
2022-09-22 17:09:48,492 INFO mapred.MapTask: kvstart = 26214396(104857584); kvend = 26214372(104857488); length = 25/6553600
2022-09-22 17:09:48,493 INFO mapred.MapTask: Finished spill 0
2022-09-22 17:09:48,494 INFO mapred.Task: Task:attempt_local1204832491_0002_m_000000_0 is done. And is in the process of committing
2022-09-22 17:09:48,495 INFO mapred.LocalJobRunner: map
2022-09-22 17:09:48,495 INFO mapred.Task: Task 'attempt_local1204832491_0002_m_000000_0' done.
2022-09-22 17:09:48,495 INFO mapred.Task: Final Counters for attempt_local1204832491_0002_m_000000_0: Counters: 17
	File System Counters
		FILE: Number of bytes read=10593
		FILE: Number of bytes written=1095265
		FILE: Number of read operations=0
		FILE: Number of large read operations=0
		FILE: Number of write operations=0
	Map-Reduce Framework
		Map input records=7
		Map output records=7
		Map output bytes=56
		Map output materialized bytes=76
		Input split bytes=109
		Combine input records=0
		Spilled Records=7
		Failed Shuffles=0
		Merged Map outputs=0
		GC time elapsed (ms)=0
		Total committed heap usage (bytes)=391118848
	File Input Format Counters 
		Bytes Read=58
2022-09-22 17:09:48,496 INFO mapred.LocalJobRunner: Finishing task: attempt_local1204832491_0002_m_000000_0
2022-09-22 17:09:48,496 INFO mapred.LocalJobRunner: map task executor complete.
2022-09-22 17:09:48,497 INFO mapred.LocalJobRunner: Waiting for reduce tasks
2022-09-22 17:09:48,497 INFO mapred.LocalJobRunner: Starting task: attempt_local1204832491_0002_r_000000_0
2022-09-22 17:09:48,498 INFO output.FileOutputCommitter: File Output Committer Algorithm version is 2
2022-09-22 17:09:48,498 INFO output.FileOutputCommitter: FileOutputCommitter skip cleanup _temporary folders under output directory:false, ignore cleanup failures: false
2022-09-22 17:09:48,498 INFO mapred.Task:  Using ResourceCalculatorProcessTree : [ ]
2022-09-22 17:09:48,498 INFO mapred.ReduceTask: Using ShuffleConsumerPlugin: org.apache.hadoop.mapreduce.task.reduce.Shuffle@69e64a4c
2022-09-22 17:09:48,498 WARN impl.MetricsSystemImpl: JobTracker metrics system already initialized!
2022-09-22 17:09:48,499 INFO reduce.MergeManagerImpl: MergerManager: memoryLimit=3006477056, maxSingleShuffleLimit=751619264, mergeThreshold=1984274944, ioSortFactor=10, memToMemMergeOutputsThreshold=10
2022-09-22 17:09:48,500 INFO reduce.EventFetcher: attempt_local1204832491_0002_r_000000_0 Thread started: EventFetcher for fetching Map Completion Events
2022-09-22 17:09:48,501 INFO reduce.LocalFetcher: localfetcher#2 about to shuffle output of map attempt_local1204832491_0002_m_000000_0 decomp: 72 len: 76 to MEMORY
2022-09-22 17:09:48,501 INFO reduce.InMemoryMapOutput: Read 72 bytes from map-output for attempt_local1204832491_0002_m_000000_0
2022-09-22 17:09:48,501 INFO reduce.MergeManagerImpl: closeInMemoryFile -> map-output of size: 72, inMemoryMapOutputs.size() -> 1, commitMemory -> 0, usedMemory ->72
2022-09-22 17:09:48,502 INFO reduce.EventFetcher: EventFetcher is interrupted.. Returning
2022-09-22 17:09:48,502 INFO mapred.LocalJobRunner: 1 / 1 copied.
2022-09-22 17:09:48,502 INFO reduce.MergeManagerImpl: finalMerge called with 1 in-memory map-outputs and 0 on-disk map-outputs
2022-09-22 17:09:48,503 INFO mapred.Merger: Merging 1 sorted segments
2022-09-22 17:09:48,503 INFO mapred.Merger: Down to the last merge-pass, with 1 segments left of total size: 66 bytes
2022-09-22 17:09:48,504 INFO reduce.MergeManagerImpl: Merged 1 segments, 72 bytes to disk to satisfy reduce memory limit
2022-09-22 17:09:48,504 INFO reduce.MergeManagerImpl: Merging 1 files, 76 bytes from disk
2022-09-22 17:09:48,504 INFO reduce.MergeManagerImpl: Merging 0 segments, 0 bytes from memory into reduce
2022-09-22 17:09:48,504 INFO mapred.Merger: Merging 1 sorted segments
2022-09-22 17:09:48,504 INFO mapred.Merger: Down to the last merge-pass, with 1 segments left of total size: 66 bytes
2022-09-22 17:09:48,505 INFO mapred.LocalJobRunner: 1 / 1 copied.
2022-09-22 17:09:48,582 INFO mapred.Task: Task:attempt_local1204832491_0002_r_000000_0 is done. And is in the process of committing
2022-09-22 17:09:48,582 INFO mapred.LocalJobRunner: 1 / 1 copied.
2022-09-22 17:09:48,583 INFO mapred.Task: Task attempt_local1204832491_0002_r_000000_0 is allowed to commit now
2022-09-22 17:09:48,592 INFO output.FileOutputCommitter: Saved output of task 'attempt_local1204832491_0002_r_000000_0' to file:/home/ajaved/project1/output
2022-09-22 17:09:48,592 INFO mapred.LocalJobRunner: reduce > reduce
2022-09-22 17:09:48,593 INFO mapred.Task: Task 'attempt_local1204832491_0002_r_000000_0' done.
2022-09-22 17:09:48,593 INFO mapred.Task: Final Counters for attempt_local1204832491_0002_r_000000_0: Counters: 24
	File System Counters
		FILE: Number of bytes read=10777
		FILE: Number of bytes written=1095389
		FILE: Number of read operations=0
		FILE: Number of large read operations=0
		FILE: Number of write operations=0
	Map-Reduce Framework
		Combine input records=0
		Combine output records=0
		Reduce input groups=6
		Reduce shuffle bytes=76
		Reduce input records=7
		Reduce output records=6
		Spilled Records=7
		Shuffled Maps =1
		Failed Shuffles=0
		Merged Map outputs=1
		GC time elapsed (ms)=0
		Total committed heap usage (bytes)=391118848
	Shuffle Errors
		BAD_ID=0
		CONNECTION=0
		IO_ERROR=0
		WRONG_LENGTH=0
		WRONG_MAP=0
		WRONG_REDUCE=0
	File Output Format Counters 
		Bytes Written=48
2022-09-22 17:09:48,593 INFO mapred.LocalJobRunner: Finishing task: attempt_local1204832491_0002_r_000000_0
2022-09-22 17:09:48,593 INFO mapred.LocalJobRunner: reduce task executor complete.
2022-09-22 17:09:49,365 INFO mapreduce.Job: Job job_local1204832491_0002 running in uber mode : false
2022-09-22 17:09:49,366 INFO mapreduce.Job:  map 100% reduce 100%
2022-09-22 17:09:49,366 INFO mapreduce.Job: Job job_local1204832491_0002 completed successfully
2022-09-22 17:09:49,369 INFO mapreduce.Job: Counters: 30
	File System Counters
		FILE: Number of bytes read=21370
		FILE: Number of bytes written=2190654
		FILE: Number of read operations=0
		FILE: Number of large read operations=0
		FILE: Number of write operations=0
	Map-Reduce Framework
		Map input records=7
		Map output records=7
		Map output bytes=56
		Map output materialized bytes=76
		Input split bytes=109
		Combine input records=0
		Combine output records=0
		Reduce input groups=6
		Reduce shuffle bytes=76
		Reduce input records=7
		Reduce output records=6
		Spilled Records=14
		Shuffled Maps =1
		Failed Shuffles=0
		Merged Map outputs=1
		GC time elapsed (ms)=0
		Total committed heap usage (bytes)=782237696
	Shuffle Errors
		BAD_ID=0
		CONNECTION=0
		IO_ERROR=0
		WRONG_LENGTH=0
		WRONG_MAP=0
		WRONG_REDUCE=0
	File Input Format Counters 
		Bytes Read=58
	File Output Format Counters 
		Bytes Written=48
