WARNING: An illegal reflective access operation has occurred
WARNING: Illegal reflective access by org.apache.spark.unsafe.Platform (file:/expanse/lustre/projects/uot182/fegaras/spark-3.1.2-bin-hadoop3.2/jars/spark-unsafe_2.12-3.1.2.jar) to constructor java.nio.DirectByteBuffer(long,int)
WARNING: Please consider reporting this to the maintainers of org.apache.spark.unsafe.Platform
WARNING: Use --illegal-access=warn to enable warnings of further illegal reflective access operations
WARNING: All illegal access operations will be denied in a future release
22/11/01 08:59:09 WARN NativeCodeLoader: Unable to load native-hadoop library for your platform... using builtin-java classes where applicable
Using Spark's default log4j profile: org/apache/spark/log4j-defaults.properties
22/11/01 08:59:09 INFO SparkContext: Running Spark version 3.1.2
22/11/01 08:59:09 INFO ResourceUtils: ==============================================================
22/11/01 08:59:09 INFO ResourceUtils: No custom resources configured for spark.driver.
22/11/01 08:59:09 INFO ResourceUtils: ==============================================================
22/11/01 08:59:09 INFO SparkContext: Submitted application: Add
22/11/01 08:59:09 INFO ResourceProfile: Default ResourceProfile created, executor resources: Map(cores -> name: cores, amount: 1, script: , vendor: , memory -> name: memory, amount: 1024, script: , vendor: , offHeap -> name: offHeap, amount: 0, script: , vendor: ), task resources: Map(cpus -> name: cpus, amount: 1.0)
22/11/01 08:59:09 INFO ResourceProfile: Limiting resource is cpu
22/11/01 08:59:09 INFO ResourceProfileManager: Added ResourceProfile id: 0
22/11/01 08:59:09 INFO SecurityManager: Changing view acls to: ajaved
22/11/01 08:59:09 INFO SecurityManager: Changing modify acls to: ajaved
22/11/01 08:59:09 INFO SecurityManager: Changing view acls groups to: 
22/11/01 08:59:09 INFO SecurityManager: Changing modify acls groups to: 
22/11/01 08:59:09 INFO SecurityManager: SecurityManager: authentication disabled; ui acls disabled; users  with view permissions: Set(ajaved); groups with view permissions: Set(); users  with modify permissions: Set(ajaved); groups with modify permissions: Set()
22/11/01 08:59:09 INFO Utils: Successfully started service 'sparkDriver' on port 37365.
22/11/01 08:59:09 INFO SparkEnv: Registering MapOutputTracker
22/11/01 08:59:09 INFO SparkEnv: Registering BlockManagerMaster
22/11/01 08:59:09 INFO BlockManagerMasterEndpoint: Using org.apache.spark.storage.DefaultTopologyMapper for getting topology information
22/11/01 08:59:09 INFO BlockManagerMasterEndpoint: BlockManagerMasterEndpoint up
22/11/01 08:59:09 INFO SparkEnv: Registering BlockManagerMasterHeartbeat
22/11/01 08:59:09 INFO DiskBlockManager: Created local directory at /tmp/blockmgr-13e0949a-5b2d-4c21-869a-a0f3061c4863
22/11/01 08:59:10 INFO MemoryStore: MemoryStore started with capacity 434.4 MiB
22/11/01 08:59:10 INFO SparkEnv: Registering OutputCommitCoordinator
22/11/01 08:59:10 WARN Utils: Service 'SparkUI' could not bind on port 4040. Attempting port 4041.
22/11/01 08:59:10 INFO Utils: Successfully started service 'SparkUI' on port 4041.
22/11/01 08:59:10 INFO SparkUI: Bound SparkUI to 0.0.0.0, and started at http://exp-1-18.expanse.sdsc.edu:4041
22/11/01 08:59:10 INFO SparkContext: Added JAR file:/home/ajaved/project4/add.jar at spark://exp-1-18.expanse.sdsc.edu:37365/jars/add.jar with timestamp 1667318349584
22/11/01 08:59:10 INFO Executor: Starting executor ID driver on host exp-1-18.expanse.sdsc.edu
22/11/01 08:59:10 INFO Executor: Fetching spark://exp-1-18.expanse.sdsc.edu:37365/jars/add.jar with timestamp 1667318349584
22/11/01 08:59:10 INFO TransportClientFactory: Successfully created connection to exp-1-18.expanse.sdsc.edu/198.202.103.237:37365 after 23 ms (0 ms spent in bootstraps)
22/11/01 08:59:10 INFO Utils: Fetching spark://exp-1-18.expanse.sdsc.edu:37365/jars/add.jar to /tmp/spark-ba415d79-555a-4619-b60a-865f978c176d/userFiles-3aac38cf-8466-449c-aaa9-8a3f32491b6c/fetchFileTemp13819797568832343404.tmp
22/11/01 08:59:10 INFO Executor: Adding file:/tmp/spark-ba415d79-555a-4619-b60a-865f978c176d/userFiles-3aac38cf-8466-449c-aaa9-8a3f32491b6c/add.jar to class loader
22/11/01 08:59:10 INFO Utils: Successfully started service 'org.apache.spark.network.netty.NettyBlockTransferService' on port 46279.
22/11/01 08:59:10 INFO NettyBlockTransferService: Server created on exp-1-18.expanse.sdsc.edu:46279
22/11/01 08:59:10 INFO BlockManager: Using org.apache.spark.storage.RandomBlockReplicationPolicy for block replication policy
22/11/01 08:59:10 INFO BlockManagerMaster: Registering BlockManager BlockManagerId(driver, exp-1-18.expanse.sdsc.edu, 46279, None)
22/11/01 08:59:10 INFO BlockManagerMasterEndpoint: Registering block manager exp-1-18.expanse.sdsc.edu:46279 with 434.4 MiB RAM, BlockManagerId(driver, exp-1-18.expanse.sdsc.edu, 46279, None)
22/11/01 08:59:10 INFO BlockManagerMaster: Registered BlockManager BlockManagerId(driver, exp-1-18.expanse.sdsc.edu, 46279, None)
22/11/01 08:59:10 INFO BlockManager: Initialized BlockManager: BlockManagerId(driver, exp-1-18.expanse.sdsc.edu, 46279, None)
inside function
22/11/01 08:59:11 INFO MemoryStore: Block broadcast_0 stored as values in memory (estimated size 175.9 KiB, free 434.2 MiB)
22/11/01 08:59:11 INFO MemoryStore: Block broadcast_0_piece0 stored as bytes in memory (estimated size 27.1 KiB, free 434.2 MiB)
22/11/01 08:59:11 INFO BlockManagerInfo: Added broadcast_0_piece0 in memory on exp-1-18.expanse.sdsc.edu:46279 (size: 27.1 KiB, free: 434.4 MiB)
22/11/01 08:59:11 INFO SparkContext: Created broadcast 0 from textFile at Add.scala:71
22/11/01 08:59:11 INFO FileInputFormat: Total input files to process : 1
inside function
22/11/01 08:59:11 INFO MemoryStore: Block broadcast_1 stored as values in memory (estimated size 175.9 KiB, free 434.0 MiB)
22/11/01 08:59:11 INFO MemoryStore: Block broadcast_1_piece0 stored as bytes in memory (estimated size 27.1 KiB, free 434.0 MiB)
22/11/01 08:59:11 INFO BlockManagerInfo: Added broadcast_1_piece0 in memory on exp-1-18.expanse.sdsc.edu:46279 (size: 27.1 KiB, free: 434.3 MiB)
22/11/01 08:59:11 INFO SparkContext: Created broadcast 1 from textFile at Add.scala:71
22/11/01 08:59:11 INFO FileInputFormat: Total input files to process : 1
22/11/01 08:59:11 INFO deprecation: mapred.output.dir is deprecated. Instead, use mapreduce.output.fileoutputformat.outputdir
22/11/01 08:59:11 INFO HadoopMapRedCommitProtocol: Using output committer class org.apache.hadoop.mapred.FileOutputCommitter
22/11/01 08:59:11 INFO FileOutputCommitter: File Output Committer Algorithm version is 1
22/11/01 08:59:11 INFO FileOutputCommitter: FileOutputCommitter skip cleanup _temporary folders under output directory:false, ignore cleanup failures: false
22/11/01 08:59:11 INFO SparkContext: Starting job: runJob at SparkHadoopWriter.scala:83
22/11/01 08:59:11 INFO DAGScheduler: Registering RDD 9 (map at Add.scala:74) as input to shuffle 2
22/11/01 08:59:11 INFO DAGScheduler: Registering RDD 11 (map at Add.scala:75) as input to shuffle 1
22/11/01 08:59:11 INFO DAGScheduler: Registering RDD 3 (map at Add.scala:74) as input to shuffle 3
22/11/01 08:59:11 INFO DAGScheduler: Registering RDD 5 (map at Add.scala:75) as input to shuffle 0
22/11/01 08:59:11 INFO DAGScheduler: Got job 0 (runJob at SparkHadoopWriter.scala:83) with 2 output partitions
22/11/01 08:59:11 INFO DAGScheduler: Final stage: ResultStage 4 (runJob at SparkHadoopWriter.scala:83)
22/11/01 08:59:11 INFO DAGScheduler: Parents of final stage: List(ShuffleMapStage 1, ShuffleMapStage 3)
22/11/01 08:59:11 INFO DAGScheduler: Missing parents: List(ShuffleMapStage 1, ShuffleMapStage 3)
22/11/01 08:59:11 INFO DAGScheduler: Submitting ShuffleMapStage 0 (MapPartitionsRDD[9] at map at Add.scala:74), which has no missing parents
22/11/01 08:59:11 INFO MemoryStore: Block broadcast_2 stored as values in memory (estimated size 7.1 KiB, free 434.0 MiB)
22/11/01 08:59:11 INFO MemoryStore: Block broadcast_2_piece0 stored as bytes in memory (estimated size 3.8 KiB, free 434.0 MiB)
22/11/01 08:59:11 INFO BlockManagerInfo: Added broadcast_2_piece0 in memory on exp-1-18.expanse.sdsc.edu:46279 (size: 3.8 KiB, free: 434.3 MiB)
22/11/01 08:59:11 INFO SparkContext: Created broadcast 2 from broadcast at DAGScheduler.scala:1388
22/11/01 08:59:11 INFO DAGScheduler: Submitting 2 missing tasks from ShuffleMapStage 0 (MapPartitionsRDD[9] at map at Add.scala:74) (first 15 tasks are for partitions Vector(0, 1))
22/11/01 08:59:11 INFO TaskSchedulerImpl: Adding task set 0.0 with 2 tasks resource profile 0
22/11/01 08:59:11 INFO DAGScheduler: Submitting ShuffleMapStage 2 (MapPartitionsRDD[3] at map at Add.scala:74), which has no missing parents
22/11/01 08:59:11 INFO MemoryStore: Block broadcast_3 stored as values in memory (estimated size 7.1 KiB, free 434.0 MiB)
22/11/01 08:59:11 INFO MemoryStore: Block broadcast_3_piece0 stored as bytes in memory (estimated size 3.8 KiB, free 434.0 MiB)
22/11/01 08:59:11 INFO BlockManagerInfo: Added broadcast_3_piece0 in memory on exp-1-18.expanse.sdsc.edu:46279 (size: 3.8 KiB, free: 434.3 MiB)
22/11/01 08:59:11 INFO SparkContext: Created broadcast 3 from broadcast at DAGScheduler.scala:1388
22/11/01 08:59:11 INFO DAGScheduler: Submitting 2 missing tasks from ShuffleMapStage 2 (MapPartitionsRDD[3] at map at Add.scala:74) (first 15 tasks are for partitions Vector(0, 1))
22/11/01 08:59:11 INFO TaskSchedulerImpl: Adding task set 2.0 with 2 tasks resource profile 0
22/11/01 08:59:11 INFO TaskSetManager: Starting task 0.0 in stage 0.0 (TID 0) (exp-1-18.expanse.sdsc.edu, executor driver, partition 0, PROCESS_LOCAL, 4503 bytes) taskResourceAssignments Map()
22/11/01 08:59:11 INFO TaskSetManager: Starting task 1.0 in stage 0.0 (TID 1) (exp-1-18.expanse.sdsc.edu, executor driver, partition 1, PROCESS_LOCAL, 4503 bytes) taskResourceAssignments Map()
22/11/01 08:59:11 INFO Executor: Running task 0.0 in stage 0.0 (TID 0)
22/11/01 08:59:11 INFO Executor: Running task 1.0 in stage 0.0 (TID 1)
22/11/01 08:59:11 INFO HadoopRDD: Input split: file:/home/ajaved/project4/N-matrix-small.txt:0+64
22/11/01 08:59:11 INFO HadoopRDD: Input split: file:/home/ajaved/project4/N-matrix-small.txt:64+65
22/11/01 08:59:11 INFO Executor: Finished task 1.0 in stage 0.0 (TID 1). 1132 bytes result sent to driver
22/11/01 08:59:11 INFO Executor: Finished task 0.0 in stage 0.0 (TID 0). 1132 bytes result sent to driver
22/11/01 08:59:11 INFO TaskSetManager: Starting task 0.0 in stage 2.0 (TID 2) (exp-1-18.expanse.sdsc.edu, executor driver, partition 0, PROCESS_LOCAL, 4503 bytes) taskResourceAssignments Map()
22/11/01 08:59:11 INFO Executor: Running task 0.0 in stage 2.0 (TID 2)
22/11/01 08:59:11 INFO TaskSetManager: Starting task 1.0 in stage 2.0 (TID 3) (exp-1-18.expanse.sdsc.edu, executor driver, partition 1, PROCESS_LOCAL, 4503 bytes) taskResourceAssignments Map()
22/11/01 08:59:11 INFO Executor: Running task 1.0 in stage 2.0 (TID 3)
22/11/01 08:59:11 INFO HadoopRDD: Input split: file:/home/ajaved/project4/M-matrix-small.txt:66+66
22/11/01 08:59:11 INFO HadoopRDD: Input split: file:/home/ajaved/project4/M-matrix-small.txt:0+66
22/11/01 08:59:11 INFO TaskSetManager: Finished task 1.0 in stage 0.0 (TID 1) in 184 ms on exp-1-18.expanse.sdsc.edu (executor driver) (1/2)
22/11/01 08:59:12 INFO Executor: Finished task 0.0 in stage 2.0 (TID 2). 1132 bytes result sent to driver
22/11/01 08:59:12 INFO TaskSetManager: Finished task 0.0 in stage 0.0 (TID 0) in 221 ms on exp-1-18.expanse.sdsc.edu (executor driver) (2/2)
22/11/01 08:59:12 INFO DAGScheduler: ShuffleMapStage 0 (map at Add.scala:74) finished in 0.317 s
22/11/01 08:59:12 INFO DAGScheduler: looking for newly runnable stages
22/11/01 08:59:12 INFO DAGScheduler: running: Set(ShuffleMapStage 2)
22/11/01 08:59:12 INFO DAGScheduler: waiting: Set(ShuffleMapStage 1, ShuffleMapStage 3, ResultStage 4)
22/11/01 08:59:12 INFO DAGScheduler: failed: Set()
22/11/01 08:59:12 INFO DAGScheduler: Submitting ShuffleMapStage 1 (MapPartitionsRDD[11] at map at Add.scala:75), which has no missing parents
22/11/01 08:59:12 INFO Executor: Finished task 1.0 in stage 2.0 (TID 3). 1132 bytes result sent to driver
22/11/01 08:59:12 INFO TaskSchedulerImpl: Removed TaskSet 0.0, whose tasks have all completed, from pool 
22/11/01 08:59:12 INFO MemoryStore: Block broadcast_4 stored as values in memory (estimated size 8.0 KiB, free 434.0 MiB)
22/11/01 08:59:12 INFO TaskSetManager: Finished task 0.0 in stage 2.0 (TID 2) in 63 ms on exp-1-18.expanse.sdsc.edu (executor driver) (1/2)
22/11/01 08:59:12 INFO MemoryStore: Block broadcast_4_piece0 stored as bytes in memory (estimated size 4.2 KiB, free 434.0 MiB)
22/11/01 08:59:12 INFO BlockManagerInfo: Added broadcast_4_piece0 in memory on exp-1-18.expanse.sdsc.edu:46279 (size: 4.2 KiB, free: 434.3 MiB)
22/11/01 08:59:12 INFO SparkContext: Created broadcast 4 from broadcast at DAGScheduler.scala:1388
22/11/01 08:59:12 INFO DAGScheduler: Submitting 2 missing tasks from ShuffleMapStage 1 (MapPartitionsRDD[11] at map at Add.scala:75) (first 15 tasks are for partitions Vector(0, 1))
22/11/01 08:59:12 INFO TaskSchedulerImpl: Adding task set 1.0 with 2 tasks resource profile 0
22/11/01 08:59:12 INFO TaskSetManager: Starting task 1.0 in stage 1.0 (TID 4) (exp-1-18.expanse.sdsc.edu, executor driver, partition 1, NODE_LOCAL, 4260 bytes) taskResourceAssignments Map()
22/11/01 08:59:12 INFO TaskSetManager: Starting task 0.0 in stage 1.0 (TID 5) (exp-1-18.expanse.sdsc.edu, executor driver, partition 0, PROCESS_LOCAL, 4260 bytes) taskResourceAssignments Map()
22/11/01 08:59:12 INFO Executor: Running task 1.0 in stage 1.0 (TID 4)
22/11/01 08:59:12 INFO Executor: Running task 0.0 in stage 1.0 (TID 5)
22/11/01 08:59:12 INFO TaskSetManager: Finished task 1.0 in stage 2.0 (TID 3) in 68 ms on exp-1-18.expanse.sdsc.edu (executor driver) (2/2)
22/11/01 08:59:12 INFO TaskSchedulerImpl: Removed TaskSet 2.0, whose tasks have all completed, from pool 
22/11/01 08:59:12 INFO ShuffleBlockFetcherIterator: Getting 2 (935.0 B) non-empty blocks including 2 (935.0 B) local and 0 (0.0 B) host-local and 0 (0.0 B) remote blocks
22/11/01 08:59:12 INFO ShuffleBlockFetcherIterator: Started 0 remote fetches in 3 ms
22/11/01 08:59:12 INFO DAGScheduler: ShuffleMapStage 2 (map at Add.scala:74) finished in 0.316 s
22/11/01 08:59:12 INFO DAGScheduler: looking for newly runnable stages
22/11/01 08:59:12 INFO DAGScheduler: running: Set(ShuffleMapStage 1)
22/11/01 08:59:12 INFO DAGScheduler: waiting: Set(ShuffleMapStage 3, ResultStage 4)
22/11/01 08:59:12 INFO DAGScheduler: failed: Set()
22/11/01 08:59:12 INFO DAGScheduler: Submitting ShuffleMapStage 3 (MapPartitionsRDD[5] at map at Add.scala:75), which has no missing parents
22/11/01 08:59:12 INFO MemoryStore: Block broadcast_5 stored as values in memory (estimated size 8.0 KiB, free 434.0 MiB)
22/11/01 08:59:12 INFO MemoryStore: Block broadcast_5_piece0 stored as bytes in memory (estimated size 4.2 KiB, free 434.0 MiB)
22/11/01 08:59:12 INFO BlockManagerInfo: Added broadcast_5_piece0 in memory on exp-1-18.expanse.sdsc.edu:46279 (size: 4.2 KiB, free: 434.3 MiB)
22/11/01 08:59:12 INFO ShuffleBlockFetcherIterator: Getting 0 (0.0 B) non-empty blocks including 0 (0.0 B) local and 0 (0.0 B) host-local and 0 (0.0 B) remote blocks
22/11/01 08:59:12 INFO ShuffleBlockFetcherIterator: Started 0 remote fetches in 58 ms
22/11/01 08:59:12 INFO SparkContext: Created broadcast 5 from broadcast at DAGScheduler.scala:1388
22/11/01 08:59:12 INFO DAGScheduler: Submitting 2 missing tasks from ShuffleMapStage 3 (MapPartitionsRDD[5] at map at Add.scala:75) (first 15 tasks are for partitions Vector(0, 1))
22/11/01 08:59:12 INFO TaskSchedulerImpl: Adding task set 3.0 with 2 tasks resource profile 0
22/11/01 08:59:12 INFO BlockManagerInfo: Removed broadcast_2_piece0 on exp-1-18.expanse.sdsc.edu:46279 in memory (size: 3.8 KiB, free: 434.3 MiB)
22/11/01 08:59:12 INFO Executor: Finished task 0.0 in stage 1.0 (TID 5). 1390 bytes result sent to driver
22/11/01 08:59:12 INFO TaskSetManager: Starting task 1.0 in stage 3.0 (TID 6) (exp-1-18.expanse.sdsc.edu, executor driver, partition 1, NODE_LOCAL, 4260 bytes) taskResourceAssignments Map()
22/11/01 08:59:12 INFO TaskSetManager: Finished task 0.0 in stage 1.0 (TID 5) in 119 ms on exp-1-18.expanse.sdsc.edu (executor driver) (1/2)
22/11/01 08:59:12 INFO Executor: Finished task 1.0 in stage 1.0 (TID 4). 1519 bytes result sent to driver
22/11/01 08:59:12 INFO TaskSetManager: Starting task 0.0 in stage 3.0 (TID 7) (exp-1-18.expanse.sdsc.edu, executor driver, partition 0, PROCESS_LOCAL, 4260 bytes) taskResourceAssignments Map()
22/11/01 08:59:12 INFO TaskSetManager: Finished task 1.0 in stage 1.0 (TID 4) in 137 ms on exp-1-18.expanse.sdsc.edu (executor driver) (2/2)
22/11/01 08:59:12 INFO TaskSchedulerImpl: Removed TaskSet 1.0, whose tasks have all completed, from pool 
22/11/01 08:59:12 INFO DAGScheduler: ShuffleMapStage 1 (map at Add.scala:75) finished in 0.156 s
22/11/01 08:59:12 INFO DAGScheduler: looking for newly runnable stages
22/11/01 08:59:12 INFO DAGScheduler: running: Set(ShuffleMapStage 3)
22/11/01 08:59:12 INFO DAGScheduler: waiting: Set(ResultStage 4)
22/11/01 08:59:12 INFO DAGScheduler: failed: Set()
22/11/01 08:59:12 INFO Executor: Running task 0.0 in stage 3.0 (TID 7)
22/11/01 08:59:12 INFO ShuffleBlockFetcherIterator: Getting 0 (0.0 B) non-empty blocks including 0 (0.0 B) local and 0 (0.0 B) host-local and 0 (0.0 B) remote blocks
22/11/01 08:59:12 INFO ShuffleBlockFetcherIterator: Started 0 remote fetches in 0 ms
22/11/01 08:59:12 INFO Executor: Finished task 0.0 in stage 3.0 (TID 7). 1347 bytes result sent to driver
22/11/01 08:59:12 INFO TaskSetManager: Finished task 0.0 in stage 3.0 (TID 7) in 11 ms on exp-1-18.expanse.sdsc.edu (executor driver) (1/2)
22/11/01 08:59:12 INFO Executor: Running task 1.0 in stage 3.0 (TID 6)
22/11/01 08:59:12 INFO ShuffleBlockFetcherIterator: Getting 2 (935.0 B) non-empty blocks including 2 (935.0 B) local and 0 (0.0 B) host-local and 0 (0.0 B) remote blocks
22/11/01 08:59:12 INFO ShuffleBlockFetcherIterator: Started 0 remote fetches in 0 ms
22/11/01 08:59:12 INFO Executor: Finished task 1.0 in stage 3.0 (TID 6). 1476 bytes result sent to driver
22/11/01 08:59:12 INFO TaskSetManager: Finished task 1.0 in stage 3.0 (TID 6) in 41 ms on exp-1-18.expanse.sdsc.edu (executor driver) (2/2)
22/11/01 08:59:12 INFO TaskSchedulerImpl: Removed TaskSet 3.0, whose tasks have all completed, from pool 
22/11/01 08:59:12 INFO DAGScheduler: ShuffleMapStage 3 (map at Add.scala:75) finished in 0.118 s
22/11/01 08:59:12 INFO DAGScheduler: looking for newly runnable stages
22/11/01 08:59:12 INFO DAGScheduler: running: Set()
22/11/01 08:59:12 INFO DAGScheduler: waiting: Set(ResultStage 4)
22/11/01 08:59:12 INFO DAGScheduler: failed: Set()
22/11/01 08:59:12 INFO DAGScheduler: Submitting ResultStage 4 (MapPartitionsRDD[16] at saveAsTextFile at Add.scala:113), which has no missing parents
22/11/01 08:59:12 INFO MemoryStore: Block broadcast_6 stored as values in memory (estimated size 85.7 KiB, free 433.9 MiB)
22/11/01 08:59:12 INFO MemoryStore: Block broadcast_6_piece0 stored as bytes in memory (estimated size 30.8 KiB, free 433.9 MiB)
22/11/01 08:59:12 INFO BlockManagerInfo: Added broadcast_6_piece0 in memory on exp-1-18.expanse.sdsc.edu:46279 (size: 30.8 KiB, free: 434.3 MiB)
22/11/01 08:59:12 INFO SparkContext: Created broadcast 6 from broadcast at DAGScheduler.scala:1388
22/11/01 08:59:12 INFO DAGScheduler: Submitting 2 missing tasks from ResultStage 4 (MapPartitionsRDD[16] at saveAsTextFile at Add.scala:113) (first 15 tasks are for partitions Vector(0, 1))
22/11/01 08:59:12 INFO TaskSchedulerImpl: Adding task set 4.0 with 2 tasks resource profile 0
22/11/01 08:59:12 INFO TaskSetManager: Starting task 0.0 in stage 4.0 (TID 8) (exp-1-18.expanse.sdsc.edu, executor driver, partition 0, PROCESS_LOCAL, 4334 bytes) taskResourceAssignments Map()
22/11/01 08:59:12 INFO TaskSetManager: Starting task 1.0 in stage 4.0 (TID 9) (exp-1-18.expanse.sdsc.edu, executor driver, partition 1, PROCESS_LOCAL, 4334 bytes) taskResourceAssignments Map()
22/11/01 08:59:12 INFO Executor: Running task 0.0 in stage 4.0 (TID 8)
22/11/01 08:59:12 INFO Executor: Running task 1.0 in stage 4.0 (TID 9)
22/11/01 08:59:12 INFO ShuffleBlockFetcherIterator: Getting 0 (0.0 B) non-empty blocks including 0 (0.0 B) local and 0 (0.0 B) host-local and 0 (0.0 B) remote blocks
22/11/01 08:59:12 INFO ShuffleBlockFetcherIterator: Started 0 remote fetches in 0 ms
22/11/01 08:59:12 INFO ShuffleBlockFetcherIterator: Getting 0 (0.0 B) non-empty blocks including 0 (0.0 B) local and 0 (0.0 B) host-local and 0 (0.0 B) remote blocks
22/11/01 08:59:12 INFO ShuffleBlockFetcherIterator: Started 0 remote fetches in 0 ms
22/11/01 08:59:12 INFO HadoopMapRedCommitProtocol: Using output committer class org.apache.hadoop.mapred.FileOutputCommitter
22/11/01 08:59:12 INFO FileOutputCommitter: File Output Committer Algorithm version is 1
22/11/01 08:59:12 INFO FileOutputCommitter: FileOutputCommitter skip cleanup _temporary folders under output directory:false, ignore cleanup failures: false
22/11/01 08:59:12 INFO ShuffleBlockFetcherIterator: Getting 1 (789.0 B) non-empty blocks including 1 (789.0 B) local and 0 (0.0 B) host-local and 0 (0.0 B) remote blocks
22/11/01 08:59:12 INFO ShuffleBlockFetcherIterator: Started 0 remote fetches in 0 ms
22/11/01 08:59:12 INFO ShuffleBlockFetcherIterator: Getting 1 (789.0 B) non-empty blocks including 1 (789.0 B) local and 0 (0.0 B) host-local and 0 (0.0 B) remote blocks
22/11/01 08:59:12 INFO ShuffleBlockFetcherIterator: Started 0 remote fetches in 0 ms
22/11/01 08:59:12 INFO HadoopMapRedCommitProtocol: Using output committer class org.apache.hadoop.mapred.FileOutputCommitter
22/11/01 08:59:12 INFO FileOutputCommitter: File Output Committer Algorithm version is 1
22/11/01 08:59:12 INFO FileOutputCommitter: FileOutputCommitter skip cleanup _temporary folders under output directory:false, ignore cleanup failures: false
22/11/01 08:59:12 INFO FileOutputCommitter: Saved output of task 'attempt_202211010859116427070139475755012_0016_m_000000_0' to file:/home/ajaved/project4/output/_temporary/0/task_202211010859116427070139475755012_0016_m_000000
22/11/01 08:59:12 INFO SparkHadoopMapRedUtil: attempt_202211010859116427070139475755012_0016_m_000000_0: Committed
22/11/01 08:59:12 INFO Executor: Finished task 0.0 in stage 4.0 (TID 8). 1545 bytes result sent to driver
22/11/01 08:59:12 INFO TaskSetManager: Finished task 0.0 in stage 4.0 (TID 8) in 196 ms on exp-1-18.expanse.sdsc.edu (executor driver) (1/2)
22/11/01 08:59:12 INFO BlockManagerInfo: Removed broadcast_5_piece0 on exp-1-18.expanse.sdsc.edu:46279 in memory (size: 4.2 KiB, free: 434.3 MiB)
22/11/01 08:59:12 INFO BlockManagerInfo: Removed broadcast_4_piece0 on exp-1-18.expanse.sdsc.edu:46279 in memory (size: 4.2 KiB, free: 434.3 MiB)
22/11/01 08:59:12 INFO BlockManagerInfo: Removed broadcast_3_piece0 on exp-1-18.expanse.sdsc.edu:46279 in memory (size: 3.8 KiB, free: 434.3 MiB)
22/11/01 08:59:12 INFO FileOutputCommitter: Saved output of task 'attempt_202211010859116427070139475755012_0016_m_000001_0' to file:/home/ajaved/project4/output/_temporary/0/task_202211010859116427070139475755012_0016_m_000001
22/11/01 08:59:12 INFO SparkHadoopMapRedUtil: attempt_202211010859116427070139475755012_0016_m_000001_0: Committed
22/11/01 08:59:12 INFO Executor: Finished task 1.0 in stage 4.0 (TID 9). 1631 bytes result sent to driver
22/11/01 08:59:12 INFO TaskSetManager: Finished task 1.0 in stage 4.0 (TID 9) in 548 ms on exp-1-18.expanse.sdsc.edu (executor driver) (2/2)
22/11/01 08:59:12 INFO TaskSchedulerImpl: Removed TaskSet 4.0, whose tasks have all completed, from pool 
22/11/01 08:59:12 INFO DAGScheduler: ResultStage 4 (runJob at SparkHadoopWriter.scala:83) finished in 0.568 s
22/11/01 08:59:12 INFO DAGScheduler: Job 0 is finished. Cancelling potential speculative or zombie tasks for this job
22/11/01 08:59:12 INFO TaskSchedulerImpl: Killing all running tasks in stage 4: Stage finished
22/11/01 08:59:12 INFO DAGScheduler: Job 0 finished: runJob at SparkHadoopWriter.scala:83, took 1.143509 s
22/11/01 08:59:12 INFO SparkHadoopWriter: Job job_202211010859116427070139475755012_0016 committed.
22/11/01 08:59:13 INFO SparkUI: Stopped Spark web UI at http://exp-1-18.expanse.sdsc.edu:4041
22/11/01 08:59:13 INFO MapOutputTrackerMasterEndpoint: MapOutputTrackerMasterEndpoint stopped!
22/11/01 08:59:13 INFO MemoryStore: MemoryStore cleared
22/11/01 08:59:13 INFO BlockManager: BlockManager stopped
22/11/01 08:59:13 INFO BlockManagerMaster: BlockManagerMaster stopped
22/11/01 08:59:13 INFO OutputCommitCoordinator$OutputCommitCoordinatorEndpoint: OutputCommitCoordinator stopped!
22/11/01 08:59:13 INFO SparkContext: Successfully stopped SparkContext
22/11/01 08:59:13 INFO ShutdownHookManager: Shutdown hook called
22/11/01 08:59:13 INFO ShutdownHookManager: Deleting directory /tmp/spark-fad3738d-83a5-4a03-bbc6-4557eebc43e3
22/11/01 08:59:13 INFO ShutdownHookManager: Deleting directory /tmp/spark-ba415d79-555a-4619-b60a-865f978c176d
