myHadoop: Using HADOOP_HOME=/expanse/lustre/projects/uot182/fegaras/hadoop-3.2.2
myHadoop: Using MH_SCRATCH_DIR=/scratch/ajaved/job_17251773
myHadoop: Using JAVA_HOME=/cm/shared/apps/spack/cpu/opt/spack/linux-centos8-zen2/gcc-10.2.0/openjdk-11.0.2-ysua3xn34v6hnko3reiffhlg2r2q7fol
myHadoop: Generating Hadoop configuration in directory in /home/ajaved/expansecluster...
myHadoop: Backing up old config dir to /home/ajaved/expansecluster.7...
renamed '/home/ajaved/expansecluster' -> '/home/ajaved/expansecluster.7'
myHadoop: Designating exp-1-33 as master node (namenode, secondary namenode, and jobtracker)
myHadoop: The following nodes will be slaves (datanode, tasktracer):
exp-1-33
WARNING: /scratch/ajaved/job_17251773/pids does not exist. Creating.
WARNING: /scratch/ajaved/job_17251773/logs does not exist. Creating.
2022-11-01 09:24:47,975 INFO namenode.NameNode: STARTUP_MSG: 
/************************************************************
STARTUP_MSG: Starting NameNode
STARTUP_MSG:   host = exp-1-33/198.202.103.222
STARTUP_MSG:   args = [-format, -nonInteractive, -force]
STARTUP_MSG:   version = 3.2.2
STARTUP_MSG:   classpath = /home/ajaved/expansecluster:/expanse/lustre/projects/uot182/fegaras/hadoop-3.2.2/share/hadoop/common/lib/jackson-databind-2.9.10.4.jar:/expanse/lustre/projects/uot182/fegaras/hadoop-3.2.2/share/hadoop/common/lib/jsp-api-2.1.jar:/expanse/lustre/projects/uot182/fegaras/hadoop-3.2.2/share/hadoop/common/lib/jackson-jaxrs-1.9.13.jar:/expanse/lustre/projects/uot182/fegaras/hadoop-3.2.2/share/hadoop/common/lib/kerb-identity-1.0.1.jar:/expanse/lustre/projects/uot182/fegaras/hadoop-3.2.2/share/hadoop/common/lib/snappy-java-1.0.5.jar:/expanse/lustre/projects/uot182/fegaras/hadoop-3.2.2/share/hadoop/common/lib/failureaccess-1.0.jar:/expanse/lustre/projects/uot182/fegaras/hadoop-3.2.2/share/hadoop/common/lib/error_prone_annotations-2.2.0.jar:/expanse/lustre/projects/uot182/fegaras/hadoop-3.2.2/share/hadoop/common/lib/protobuf-java-2.5.0.jar:/expanse/lustre/projects/uot182/fegaras/hadoop-3.2.2/share/hadoop/common/lib/jaxb-api-2.2.11.jar:/expanse/lustre/projects/uot182/fegaras/hadoop-3.2.2/share/hadoop/common/lib/commons-beanutils-1.9.4.jar:/expanse/lustre/projects/uot182/fegaras/hadoop-3.2.2/share/hadoop/common/lib/kerb-client-1.0.1.jar:/expanse/lustre/projects/uot182/fegaras/hadoop-3.2.2/share/hadoop/common/lib/jul-to-slf4j-1.7.25.jar:/expanse/lustre/projects/uot182/fegaras/hadoop-3.2.2/share/hadoop/common/lib/commons-logging-1.1.3.jar:/expanse/lustre/projects/uot182/fegaras/hadoop-3.2.2/share/hadoop/common/lib/hadoop-annotations-3.2.2.jar:/expanse/lustre/projects/uot182/fegaras/hadoop-3.2.2/share/hadoop/common/lib/kerb-common-1.0.1.jar:/expanse/lustre/projects/uot182/fegaras/hadoop-3.2.2/share/hadoop/common/lib/kerb-simplekdc-1.0.1.jar:/expanse/lustre/projects/uot182/fegaras/hadoop-3.2.2/share/hadoop/common/lib/woodstox-core-5.0.3.jar:/expanse/lustre/projects/uot182/fegaras/hadoop-3.2.2/share/hadoop/common/lib/metrics-core-3.2.4.jar:/expanse/lustre/projects/uot182/fegaras/hadoop-3.2.2/share/hadoop/common/lib/stax2-api-3.1.4.jar:/expanse/lustre/projects/uot182/fegaras/hadoop-3.2.2/share/hadoop/common/lib/jetty-security-9.4.20.v20190813.jar:/expanse/lustre/projects/uot182/fegaras/hadoop-3.2.2/share/hadoop/common/lib/avro-1.7.7.jar:/expanse/lustre/projects/uot182/fegaras/hadoop-3.2.2/share/hadoop/common/lib/accessors-smart-1.2.jar:/expanse/lustre/projects/uot182/fegaras/hadoop-3.2.2/share/hadoop/common/lib/jersey-servlet-1.19.jar:/expanse/lustre/projects/uot182/fegaras/hadoop-3.2.2/share/hadoop/common/lib/kerb-server-1.0.1.jar:/expanse/lustre/projects/uot182/fegaras/hadoop-3.2.2/share/hadoop/common/lib/jackson-core-asl-1.9.13.jar:/expanse/lustre/projects/uot182/fegaras/hadoop-3.2.2/share/hadoop/common/lib/kerb-crypto-1.0.1.jar:/expanse/lustre/projects/uot182/fegaras/hadoop-3.2.2/share/hadoop/common/lib/jcip-annotations-1.0-1.jar:/expanse/lustre/projects/uot182/fegaras/hadoop-3.2.2/share/hadoop/common/lib/kerby-util-1.0.1.jar:/expanse/lustre/projects/uot182/fegaras/hadoop-3.2.2/share/hadoop/common/lib/jetty-io-9.4.20.v20190813.jar:/expanse/lustre/projects/uot182/fegaras/hadoop-3.2.2/share/hadoop/common/lib/commons-cli-1.2.jar:/expanse/lustre/projects/uot182/fegaras/hadoop-3.2.2/share/hadoop/common/lib/re2j-1.1.jar:/expanse/lustre/projects/uot182/fegaras/hadoop-3.2.2/share/hadoop/common/lib/j2objc-annotations-1.1.jar:/expanse/lustre/projects/uot182/fegaras/hadoop-3.2.2/share/hadoop/common/lib/jsr305-3.0.2.jar:/expanse/lustre/projects/uot182/fegaras/hadoop-3.2.2/share/hadoop/common/lib/nimbus-jose-jwt-7.9.jar:/expanse/lustre/projects/uot182/fegaras/hadoop-3.2.2/share/hadoop/common/lib/commons-lang3-3.7.jar:/expanse/lustre/projects/uot182/fegaras/hadoop-3.2.2/share/hadoop/common/lib/gson-2.2.4.jar:/expanse/lustre/projects/uot182/fegaras/hadoop-3.2.2/share/hadoop/common/lib/token-provider-1.0.1.jar:/expanse/lustre/projects/uot182/fegaras/hadoop-3.2.2/share/hadoop/common/lib/jackson-xc-1.9.13.jar:/expanse/lustre/projects/uot182/fegaras/hadoop-3.2.2/share/hadoop/common/lib/jersey-server-1.19.jar:/expanse/lustre/projects/uot182/fegaras/hadoop-3.2.2/share/hadoop/common/lib/kerb-util-1.0.1.jar:/expanse/lustre/projects/uot182/fegaras/hadoop-3.2.2/share/hadoop/common/lib/kerby-xdr-1.0.1.jar:/expanse/lustre/projects/uot182/fegaras/hadoop-3.2.2/share/hadoop/common/lib/jettison-1.1.jar:/expanse/lustre/projects/uot182/fegaras/hadoop-3.2.2/share/hadoop/common/lib/kerby-asn1-1.0.1.jar:/expanse/lustre/projects/uot182/fegaras/hadoop-3.2.2/share/hadoop/common/lib/hadoop-auth-3.2.2.jar:/expanse/lustre/projects/uot182/fegaras/hadoop-3.2.2/share/hadoop/common/lib/curator-recipes-2.13.0.jar:/expanse/lustre/projects/uot182/fegaras/hadoop-3.2.2/share/hadoop/common/lib/kerby-pkix-1.0.1.jar:/expanse/lustre/projects/uot182/fegaras/hadoop-3.2.2/share/hadoop/common/lib/jersey-core-1.19.jar:/expanse/lustre/projects/uot182/fegaras/hadoop-3.2.2/share/hadoop/common/lib/commons-compress-1.19.jar:/expanse/lustre/projects/uot182/fegaras/hadoop-3.2.2/share/hadoop/common/lib/commons-text-1.4.jar:/expanse/lustre/projects/uot182/fegaras/hadoop-3.2.2/share/hadoop/common/lib/httpcore-4.4.13.jar:/expanse/lustre/projects/uot182/fegaras/hadoop-3.2.2/share/hadoop/common/lib/jetty-server-9.4.20.v20190813.jar:/expanse/lustre/projects/uot182/fegaras/hadoop-3.2.2/share/hadoop/common/lib/json-smart-2.3.jar:/expanse/lustre/projects/uot182/fegaras/hadoop-3.2.2/share/hadoop/common/lib/jetty-webapp-9.4.20.v20190813.jar:/expanse/lustre/projects/uot182/fegaras/hadoop-3.2.2/share/hadoop/common/lib/dnsjava-2.1.7.jar:/expanse/lustre/projects/uot182/fegaras/hadoop-3.2.2/share/hadoop/common/lib/jetty-servlet-9.4.20.v20190813.jar:/expanse/lustre/projects/uot182/fegaras/hadoop-3.2.2/share/hadoop/common/lib/asm-5.0.4.jar:/expanse/lustre/projects/uot182/fegaras/hadoop-3.2.2/share/hadoop/common/lib/log4j-1.2.17.jar:/expanse/lustre/projects/uot182/fegaras/hadoop-3.2.2/share/hadoop/common/lib/jetty-xml-9.4.20.v20190813.jar:/expanse/lustre/projects/uot182/fegaras/hadoop-3.2.2/share/hadoop/common/lib/jackson-annotations-2.9.10.jar:/expanse/lustre/projects/uot182/fegaras/hadoop-3.2.2/share/hadoop/common/lib/htrace-core4-4.1.0-incubating.jar:/expanse/lustre/projects/uot182/fegaras/hadoop-3.2.2/share/hadoop/common/lib/kerb-admin-1.0.1.jar:/expanse/lustre/projects/uot182/fegaras/hadoop-3.2.2/share/hadoop/common/lib/audience-annotations-0.5.0.jar:/expanse/lustre/projects/uot182/fegaras/hadoop-3.2.2/share/hadoop/common/lib/commons-net-3.6.jar:/expanse/lustre/projects/uot182/fegaras/hadoop-3.2.2/share/hadoop/common/lib/javax.servlet-api-3.1.0.jar:/expanse/lustre/projects/uot182/fegaras/hadoop-3.2.2/share/hadoop/common/lib/guava-27.0-jre.jar:/expanse/lustre/projects/uot182/fegaras/hadoop-3.2.2/share/hadoop/common/lib/javax.activation-api-1.2.0.jar:/expanse/lustre/projects/uot182/fegaras/hadoop-3.2.2/share/hadoop/common/lib/kerb-core-1.0.1.jar:/expanse/lustre/projects/uot182/fegaras/hadoop-3.2.2/share/hadoop/common/lib/commons-math3-3.1.1.jar:/expanse/lustre/projects/uot182/fegaras/hadoop-3.2.2/share/hadoop/common/lib/commons-collections-3.2.2.jar:/expanse/lustre/projects/uot182/fegaras/hadoop-3.2.2/share/hadoop/common/lib/jetty-util-9.4.20.v20190813.jar:/expanse/lustre/projects/uot182/fegaras/hadoop-3.2.2/share/hadoop/common/lib/jaxb-impl-2.2.3-1.jar:/expanse/lustre/projects/uot182/fegaras/hadoop-3.2.2/share/hadoop/common/lib/jackson-core-2.9.10.jar:/expanse/lustre/projects/uot182/fegaras/hadoop-3.2.2/share/hadoop/common/lib/zookeeper-3.4.13.jar:/expanse/lustre/projects/uot182/fegaras/hadoop-3.2.2/share/hadoop/common/lib/slf4j-log4j12-1.7.25.jar:/expanse/lustre/projects/uot182/fegaras/hadoop-3.2.2/share/hadoop/common/lib/curator-client-2.13.0.jar:/expanse/lustre/projects/uot182/fegaras/hadoop-3.2.2/share/hadoop/common/lib/checker-qual-2.5.2.jar:/expanse/lustre/projects/uot182/fegaras/hadoop-3.2.2/share/hadoop/common/lib/commons-io-2.5.jar:/expanse/lustre/projects/uot182/fegaras/hadoop-3.2.2/share/hadoop/common/lib/jetty-http-9.4.20.v20190813.jar:/expanse/lustre/projects/uot182/fegaras/hadoop-3.2.2/share/hadoop/common/lib/jsch-0.1.55.jar:/expanse/lustre/projects/uot182/fegaras/hadoop-3.2.2/share/hadoop/common/lib/commons-codec-1.11.jar:/expanse/lustre/projects/uot182/fegaras/hadoop-3.2.2/share/hadoop/common/lib/httpclient-4.5.13.jar:/expanse/lustre/projects/uot182/fegaras/hadoop-3.2.2/share/hadoop/common/lib/commons-configuration2-2.1.1.jar:/expanse/lustre/projects/uot182/fegaras/hadoop-3.2.2/share/hadoop/common/lib/kerby-config-1.0.1.jar:/expanse/lustre/projects/uot182/fegaras/hadoop-3.2.2/share/hadoop/common/lib/animal-sniffer-annotations-1.17.jar:/expanse/lustre/projects/uot182/fegaras/hadoop-3.2.2/share/hadoop/common/lib/listenablefuture-9999.0-empty-to-avoid-conflict-with-guava.jar:/expanse/lustre/projects/uot182/fegaras/hadoop-3.2.2/share/hadoop/common/lib/curator-framework-2.13.0.jar:/expanse/lustre/projects/uot182/fegaras/hadoop-3.2.2/share/hadoop/common/lib/netty-3.10.6.Final.jar:/expanse/lustre/projects/uot182/fegaras/hadoop-3.2.2/share/hadoop/common/lib/paranamer-2.3.jar:/expanse/lustre/projects/uot182/fegaras/hadoop-3.2.2/share/hadoop/common/lib/jsr311-api-1.1.1.jar:/expanse/lustre/projects/uot182/fegaras/hadoop-3.2.2/share/hadoop/common/lib/slf4j-api-1.7.25.jar:/expanse/lustre/projects/uot182/fegaras/hadoop-3.2.2/share/hadoop/common/lib/jackson-mapper-asl-1.9.13.jar:/expanse/lustre/projects/uot182/fegaras/hadoop-3.2.2/share/hadoop/common/lib/jersey-json-1.19.jar:/expanse/lustre/projects/uot182/fegaras/hadoop-3.2.2/share/hadoop/common/hadoop-common-3.2.2.jar:/expanse/lustre/projects/uot182/fegaras/hadoop-3.2.2/share/hadoop/common/hadoop-kms-3.2.2.jar:/expanse/lustre/projects/uot182/fegaras/hadoop-3.2.2/share/hadoop/common/hadoop-common-3.2.2-tests.jar:/expanse/lustre/projects/uot182/fegaras/hadoop-3.2.2/share/hadoop/common/hadoop-nfs-3.2.2.jar:/expanse/lustre/projects/uot182/fegaras/hadoop-3.2.2/share/hadoop/hdfs:/expanse/lustre/projects/uot182/fegaras/hadoop-3.2.2/share/hadoop/hdfs/lib/kerb-identity-1.0.1.jar:/expanse/lustre/projects/uot182/fegaras/hadoop-3.2.2/share/hadoop/hdfs/lib/commons-io-2.5.jar:/expanse/lustre/projects/uot182/fegaras/hadoop-3.2.2/share/hadoop/hdfs/lib/commons-cli-1.2.jar:/expanse/lustre/projects/uot182/fegaras/hadoop-3.2.2/share/hadoop/hdfs/lib/kerby-pkix-1.0.1.jar:/expanse/lustre/projects/uot182/fegaras/hadoop-3.2.2/share/hadoop/hdfs/lib/kerb-util-1.0.1.jar:/expanse/lustre/projects/uot182/fegaras/hadoop-3.2.2/share/hadoop/hdfs/lib/okio-1.6.0.jar:/expanse/lustre/projects/uot182/fegaras/hadoop-3.2.2/share/hadoop/hdfs/lib/protobuf-java-2.5.0.jar:/expanse/lustre/projects/uot182/fegaras/hadoop-3.2.2/share/hadoop/hdfs/lib/kerby-asn1-1.0.1.jar:/expanse/lustre/projects/uot182/fegaras/hadoop-3.2.2/share/hadoop/hdfs/lib/kerby-xdr-1.0.1.jar:/expanse/lustre/projects/uot182/fegaras/hadoop-3.2.2/share/hadoop/hdfs/lib/jackson-mapper-asl-1.9.13.jar:/expanse/lustre/projects/uot182/fegaras/hadoop-3.2.2/share/hadoop/hdfs/lib/jersey-core-1.19.jar:/expanse/lustre/projects/uot182/fegaras/hadoop-3.2.2/share/hadoop/hdfs/lib/gson-2.2.4.jar:/expanse/lustre/projects/uot182/fegaras/hadoop-3.2.2/share/hadoop/hdfs/lib/httpclient-4.5.13.jar:/expanse/lustre/projects/uot182/fegaras/hadoop-3.2.2/share/hadoop/hdfs/lib/commons-configuration2-2.1.1.jar:/expanse/lustre/projects/uot182/fegaras/hadoop-3.2.2/share/hadoop/hdfs/lib/re2j-1.1.jar:/expanse/lustre/projects/uot182/fegaras/hadoop-3.2.2/share/hadoop/hdfs/lib/commons-text-1.4.jar:/expanse/lustre/projects/uot182/fegaras/hadoop-3.2.2/share/hadoop/hdfs/lib/curator-framework-2.13.0.jar:/expanse/lustre/projects/uot182/fegaras/hadoop-3.2.2/share/hadoop/hdfs/lib/jetty-server-9.4.20.v20190813.jar:/expanse/lustre/projects/uot182/fegaras/hadoop-3.2.2/share/hadoop/hdfs/lib/jetty-webapp-9.4.20.v20190813.jar:/expanse/lustre/projects/uot182/fegaras/hadoop-3.2.2/share/hadoop/hdfs/lib/woodstox-core-5.0.3.jar:/expanse/lustre/projects/uot182/fegaras/hadoop-3.2.2/share/hadoop/hdfs/lib/jersey-servlet-1.19.jar:/expanse/lustre/projects/uot182/fegaras/hadoop-3.2.2/share/hadoop/hdfs/lib/accessors-smart-1.2.jar:/expanse/lustre/projects/uot182/fegaras/hadoop-3.2.2/share/hadoop/hdfs/lib/jcip-annotations-1.0-1.jar:/expanse/lustre/projects/uot182/fegaras/hadoop-3.2.2/share/hadoop/hdfs/lib/asm-5.0.4.jar:/expanse/lustre/projects/uot182/fegaras/hadoop-3.2.2/share/hadoop/hdfs/lib/log4j-1.2.17.jar:/expanse/lustre/projects/uot182/fegaras/hadoop-3.2.2/share/hadoop/hdfs/lib/paranamer-2.3.jar:/expanse/lustre/projects/uot182/fegaras/hadoop-3.2.2/share/hadoop/hdfs/lib/httpcore-4.4.13.jar:/expanse/lustre/projects/uot182/fegaras/hadoop-3.2.2/share/hadoop/hdfs/lib/j2objc-annotations-1.1.jar:/expanse/lustre/projects/uot182/fegaras/hadoop-3.2.2/share/hadoop/hdfs/lib/error_prone_annotations-2.2.0.jar:/expanse/lustre/projects/uot182/fegaras/hadoop-3.2.2/share/hadoop/hdfs/lib/commons-codec-1.11.jar:/expanse/lustre/projects/uot182/fegaras/hadoop-3.2.2/share/hadoop/hdfs/lib/okhttp-2.7.5.jar:/expanse/lustre/projects/uot182/fegaras/hadoop-3.2.2/share/hadoop/hdfs/lib/kerby-util-1.0.1.jar:/expanse/lustre/projects/uot182/fegaras/hadoop-3.2.2/share/hadoop/hdfs/lib/kerby-config-1.0.1.jar:/expanse/lustre/projects/uot182/fegaras/hadoop-3.2.2/share/hadoop/hdfs/lib/json-simple-1.1.1.jar:/expanse/lustre/projects/uot182/fegaras/hadoop-3.2.2/share/hadoop/hdfs/lib/guava-27.0-jre.jar:/expanse/lustre/projects/uot182/fegaras/hadoop-3.2.2/share/hadoop/hdfs/lib/checker-qual-2.5.2.jar:/expanse/lustre/projects/uot182/fegaras/hadoop-3.2.2/share/hadoop/hdfs/lib/nimbus-jose-jwt-7.9.jar:/expanse/lustre/projects/uot182/fegaras/hadoop-3.2.2/share/hadoop/hdfs/lib/jaxb-api-2.2.11.jar:/expanse/lustre/projects/uot182/fegaras/hadoop-3.2.2/share/hadoop/hdfs/lib/leveldbjni-all-1.8.jar:/expanse/lustre/projects/uot182/fegaras/hadoop-3.2.2/share/hadoop/hdfs/lib/netty-all-4.1.48.Final.jar:/expanse/lustre/projects/uot182/fegaras/hadoop-3.2.2/share/hadoop/hdfs/lib/jetty-util-ajax-9.4.20.v20190813.jar:/expanse/lustre/projects/uot182/fegaras/hadoop-3.2.2/share/hadoop/hdfs/lib/curator-client-2.13.0.jar:/expanse/lustre/projects/uot182/fegaras/hadoop-3.2.2/share/hadoop/hdfs/lib/curator-recipes-2.13.0.jar:/expanse/lustre/projects/uot182/fegaras/hadoop-3.2.2/share/hadoop/hdfs/lib/jaxb-impl-2.2.3-1.jar:/expanse/lustre/projects/uot182/fegaras/hadoop-3.2.2/share/hadoop/hdfs/lib/javax.servlet-api-3.1.0.jar:/expanse/lustre/projects/uot182/fegaras/hadoop-3.2.2/share/hadoop/hdfs/lib/jetty-security-9.4.20.v20190813.jar:/expanse/lustre/projects/uot182/fegaras/hadoop-3.2.2/share/hadoop/hdfs/lib/netty-3.10.6.Final.jar:/expanse/lustre/projects/uot182/fegaras/hadoop-3.2.2/share/hadoop/hdfs/lib/commons-collections-3.2.2.jar:/expanse/lustre/projects/uot182/fegaras/hadoop-3.2.2/share/hadoop/hdfs/lib/avro-1.7.7.jar:/expanse/lustre/projects/uot182/fegaras/hadoop-3.2.2/share/hadoop/hdfs/lib/stax2-api-3.1.4.jar:/expanse/lustre/projects/uot182/fegaras/hadoop-3.2.2/share/hadoop/hdfs/lib/jetty-http-9.4.20.v20190813.jar:/expanse/lustre/projects/uot182/fegaras/hadoop-3.2.2/share/hadoop/hdfs/lib/jsr311-api-1.1.1.jar:/expanse/lustre/projects/uot182/fegaras/hadoop-3.2.2/share/hadoop/hdfs/lib/jersey-json-1.19.jar:/expanse/lustre/projects/uot182/fegaras/hadoop-3.2.2/share/hadoop/hdfs/lib/jackson-xc-1.9.13.jar:/expanse/lustre/projects/uot182/fegaras/hadoop-3.2.2/share/hadoop/hdfs/lib/commons-lang3-3.7.jar:/expanse/lustre/projects/uot182/fegaras/hadoop-3.2.2/share/hadoop/hdfs/lib/commons-math3-3.1.1.jar:/expanse/lustre/projects/uot182/fegaras/hadoop-3.2.2/share/hadoop/hdfs/lib/kerb-simplekdc-1.0.1.jar:/expanse/lustre/projects/uot182/fegaras/hadoop-3.2.2/share/hadoop/hdfs/lib/animal-sniffer-annotations-1.17.jar:/expanse/lustre/projects/uot182/fegaras/hadoop-3.2.2/share/hadoop/hdfs/lib/dnsjava-2.1.7.jar:/expanse/lustre/projects/uot182/fegaras/hadoop-3.2.2/share/hadoop/hdfs/lib/jackson-core-2.9.10.jar:/expanse/lustre/projects/uot182/fegaras/hadoop-3.2.2/share/hadoop/hdfs/lib/jsch-0.1.55.jar:/expanse/lustre/projects/uot182/fegaras/hadoop-3.2.2/share/hadoop/hdfs/lib/hadoop-auth-3.2.2.jar:/expanse/lustre/projects/uot182/fegaras/hadoop-3.2.2/share/hadoop/hdfs/lib/jackson-jaxrs-1.9.13.jar:/expanse/lustre/projects/uot182/fegaras/hadoop-3.2.2/share/hadoop/hdfs/lib/commons-daemon-1.0.13.jar:/expanse/lustre/projects/uot182/fegaras/hadoop-3.2.2/share/hadoop/hdfs/lib/commons-compress-1.19.jar:/expanse/lustre/projects/uot182/fegaras/hadoop-3.2.2/share/hadoop/hdfs/lib/json-smart-2.3.jar:/expanse/lustre/projects/uot182/fegaras/hadoop-3.2.2/share/hadoop/hdfs/lib/failureaccess-1.0.jar:/expanse/lustre/projects/uot182/fegaras/hadoop-3.2.2/share/hadoop/hdfs/lib/snappy-java-1.0.5.jar:/expanse/lustre/projects/uot182/fegaras/hadoop-3.2.2/share/hadoop/hdfs/lib/htrace-core4-4.1.0-incubating.jar:/expanse/lustre/projects/uot182/fegaras/hadoop-3.2.2/share/hadoop/hdfs/lib/jersey-server-1.19.jar:/expanse/lustre/projects/uot182/fegaras/hadoop-3.2.2/share/hadoop/hdfs/lib/jetty-servlet-9.4.20.v20190813.jar:/expanse/lustre/projects/uot182/fegaras/hadoop-3.2.2/share/hadoop/hdfs/lib/kerb-client-1.0.1.jar:/expanse/lustre/projects/uot182/fegaras/hadoop-3.2.2/share/hadoop/hdfs/lib/jackson-core-asl-1.9.13.jar:/expanse/lustre/projects/uot182/fegaras/hadoop-3.2.2/share/hadoop/hdfs/lib/hadoop-annotations-3.2.2.jar:/expanse/lustre/projects/uot182/fegaras/hadoop-3.2.2/share/hadoop/hdfs/lib/kerb-core-1.0.1.jar:/expanse/lustre/projects/uot182/fegaras/hadoop-3.2.2/share/hadoop/hdfs/lib/commons-net-3.6.jar:/expanse/lustre/projects/uot182/fegaras/hadoop-3.2.2/share/hadoop/hdfs/lib/jetty-io-9.4.20.v20190813.jar:/expanse/lustre/projects/uot182/fegaras/hadoop-3.2.2/share/hadoop/hdfs/lib/zookeeper-3.4.13.jar:/expanse/lustre/projects/uot182/fegaras/hadoop-3.2.2/share/hadoop/hdfs/lib/jetty-util-9.4.20.v20190813.jar:/expanse/lustre/projects/uot182/fegaras/hadoop-3.2.2/share/hadoop/hdfs/lib/jackson-databind-2.9.10.4.jar:/expanse/lustre/projects/uot182/fegaras/hadoop-3.2.2/share/hadoop/hdfs/lib/javax.activation-api-1.2.0.jar:/expanse/lustre/projects/uot182/fegaras/hadoop-3.2.2/share/hadoop/hdfs/lib/jettison-1.1.jar:/expanse/lustre/projects/uot182/fegaras/hadoop-3.2.2/share/hadoop/hdfs/lib/kerb-admin-1.0.1.jar:/expanse/lustre/projects/uot182/fegaras/hadoop-3.2.2/share/hadoop/hdfs/lib/audience-annotations-0.5.0.jar:/expanse/lustre/projects/uot182/fegaras/hadoop-3.2.2/share/hadoop/hdfs/lib/kerb-common-1.0.1.jar:/expanse/lustre/projects/uot182/fegaras/hadoop-3.2.2/share/hadoop/hdfs/lib/jetty-xml-9.4.20.v20190813.jar:/expanse/lustre/projects/uot182/fegaras/hadoop-3.2.2/share/hadoop/hdfs/lib/jackson-annotations-2.9.10.jar:/expanse/lustre/projects/uot182/fegaras/hadoop-3.2.2/share/hadoop/hdfs/lib/token-provider-1.0.1.jar:/expanse/lustre/projects/uot182/fegaras/hadoop-3.2.2/share/hadoop/hdfs/lib/jsr305-3.0.2.jar:/expanse/lustre/projects/uot182/fegaras/hadoop-3.2.2/share/hadoop/hdfs/lib/listenablefuture-9999.0-empty-to-avoid-conflict-with-guava.jar:/expanse/lustre/projects/uot182/fegaras/hadoop-3.2.2/share/hadoop/hdfs/lib/commons-beanutils-1.9.4.jar:/expanse/lustre/projects/uot182/fegaras/hadoop-3.2.2/share/hadoop/hdfs/lib/commons-logging-1.1.3.jar:/expanse/lustre/projects/uot182/fegaras/hadoop-3.2.2/share/hadoop/hdfs/lib/kerb-crypto-1.0.1.jar:/expanse/lustre/projects/uot182/fegaras/hadoop-3.2.2/share/hadoop/hdfs/lib/kerb-server-1.0.1.jar:/expanse/lustre/projects/uot182/fegaras/hadoop-3.2.2/share/hadoop/hdfs/hadoop-hdfs-httpfs-3.2.2.jar:/expanse/lustre/projects/uot182/fegaras/hadoop-3.2.2/share/hadoop/hdfs/hadoop-hdfs-native-client-3.2.2.jar:/expanse/lustre/projects/uot182/fegaras/hadoop-3.2.2/share/hadoop/hdfs/hadoop-hdfs-client-3.2.2-tests.jar:/expanse/lustre/projects/uot182/fegaras/hadoop-3.2.2/share/hadoop/hdfs/hadoop-hdfs-native-client-3.2.2-tests.jar:/expanse/lustre/projects/uot182/fegaras/hadoop-3.2.2/share/hadoop/hdfs/hadoop-hdfs-rbf-3.2.2-tests.jar:/expanse/lustre/projects/uot182/fegaras/hadoop-3.2.2/share/hadoop/hdfs/hadoop-hdfs-3.2.2-tests.jar:/expanse/lustre/projects/uot182/fegaras/hadoop-3.2.2/share/hadoop/hdfs/hadoop-hdfs-3.2.2.jar:/expanse/lustre/projects/uot182/fegaras/hadoop-3.2.2/share/hadoop/hdfs/hadoop-hdfs-nfs-3.2.2.jar:/expanse/lustre/projects/uot182/fegaras/hadoop-3.2.2/share/hadoop/hdfs/hadoop-hdfs-client-3.2.2.jar:/expanse/lustre/projects/uot182/fegaras/hadoop-3.2.2/share/hadoop/hdfs/hadoop-hdfs-rbf-3.2.2.jar:/expanse/lustre/projects/uot182/fegaras/hadoop-3.2.2/share/hadoop/mapreduce/lib/hamcrest-core-1.3.jar:/expanse/lustre/projects/uot182/fegaras/hadoop-3.2.2/share/hadoop/mapreduce/lib/junit-4.11.jar:/expanse/lustre/projects/uot182/fegaras/hadoop-3.2.2/share/hadoop/mapreduce/hadoop-mapreduce-client-core-3.2.2.jar:/expanse/lustre/projects/uot182/fegaras/hadoop-3.2.2/share/hadoop/mapreduce/hadoop-mapreduce-client-jobclient-3.2.2.jar:/expanse/lustre/projects/uot182/fegaras/hadoop-3.2.2/share/hadoop/mapreduce/hadoop-mapreduce-client-common-3.2.2.jar:/expanse/lustre/projects/uot182/fegaras/hadoop-3.2.2/share/hadoop/mapreduce/hadoop-mapreduce-client-hs-3.2.2.jar:/expanse/lustre/projects/uot182/fegaras/hadoop-3.2.2/share/hadoop/mapreduce/hadoop-mapreduce-client-jobclient-3.2.2-tests.jar:/expanse/lustre/projects/uot182/fegaras/hadoop-3.2.2/share/hadoop/mapreduce/hadoop-mapreduce-examples-3.2.2.jar:/expanse/lustre/projects/uot182/fegaras/hadoop-3.2.2/share/hadoop/mapreduce/hadoop-mapreduce-client-hs-plugins-3.2.2.jar:/expanse/lustre/projects/uot182/fegaras/hadoop-3.2.2/share/hadoop/mapreduce/hadoop-mapreduce-client-uploader-3.2.2.jar:/expanse/lustre/projects/uot182/fegaras/hadoop-3.2.2/share/hadoop/mapreduce/hadoop-mapreduce-client-nativetask-3.2.2.jar:/expanse/lustre/projects/uot182/fegaras/hadoop-3.2.2/share/hadoop/mapreduce/hadoop-mapreduce-client-shuffle-3.2.2.jar:/expanse/lustre/projects/uot182/fegaras/hadoop-3.2.2/share/hadoop/mapreduce/hadoop-mapreduce-client-app-3.2.2.jar:/expanse/lustre/projects/uot182/fegaras/hadoop-3.2.2/share/hadoop/yarn:/expanse/lustre/projects/uot182/fegaras/hadoop-3.2.2/share/hadoop/yarn/lib/java-util-1.9.0.jar:/expanse/lustre/projects/uot182/fegaras/hadoop-3.2.2/share/hadoop/yarn/lib/jackson-jaxrs-base-2.9.10.jar:/expanse/lustre/projects/uot182/fegaras/hadoop-3.2.2/share/hadoop/yarn/lib/mssql-jdbc-6.2.1.jre7.jar:/expanse/lustre/projects/uot182/fegaras/hadoop-3.2.2/share/hadoop/yarn/lib/json-io-2.5.1.jar:/expanse/lustre/projects/uot182/fegaras/hadoop-3.2.2/share/hadoop/yarn/lib/bcprov-jdk15on-1.60.jar:/expanse/lustre/projects/uot182/fegaras/hadoop-3.2.2/share/hadoop/yarn/lib/ehcache-3.3.1.jar:/expanse/lustre/projects/uot182/fegaras/hadoop-3.2.2/share/hadoop/yarn/lib/fst-2.50.jar:/expanse/lustre/projects/uot182/fegaras/hadoop-3.2.2/share/hadoop/yarn/lib/guice-4.0.jar:/expanse/lustre/projects/uot182/fegaras/hadoop-3.2.2/share/hadoop/yarn/lib/bcpkix-jdk15on-1.60.jar:/expanse/lustre/projects/uot182/fegaras/hadoop-3.2.2/share/hadoop/yarn/lib/objenesis-1.0.jar:/expanse/lustre/projects/uot182/fegaras/hadoop-3.2.2/share/hadoop/yarn/lib/jackson-module-jaxb-annotations-2.9.10.jar:/expanse/lustre/projects/uot182/fegaras/hadoop-3.2.2/share/hadoop/yarn/lib/aopalliance-1.0.jar:/expanse/lustre/projects/uot182/fegaras/hadoop-3.2.2/share/hadoop/yarn/lib/jersey-client-1.19.jar:/expanse/lustre/projects/uot182/fegaras/hadoop-3.2.2/share/hadoop/yarn/lib/snakeyaml-1.16.jar:/expanse/lustre/projects/uot182/fegaras/hadoop-3.2.2/share/hadoop/yarn/lib/jackson-jaxrs-json-provider-2.9.10.jar:/expanse/lustre/projects/uot182/fegaras/hadoop-3.2.2/share/hadoop/yarn/lib/javax.inject-1.jar:/expanse/lustre/projects/uot182/fegaras/hadoop-3.2.2/share/hadoop/yarn/lib/jersey-guice-1.19.jar:/expanse/lustre/projects/uot182/fegaras/hadoop-3.2.2/share/hadoop/yarn/lib/geronimo-jcache_1.0_spec-1.0-alpha-1.jar:/expanse/lustre/projects/uot182/fegaras/hadoop-3.2.2/share/hadoop/yarn/lib/swagger-annotations-1.5.4.jar:/expanse/lustre/projects/uot182/fegaras/hadoop-3.2.2/share/hadoop/yarn/lib/guice-servlet-4.0.jar:/expanse/lustre/projects/uot182/fegaras/hadoop-3.2.2/share/hadoop/yarn/lib/metrics-core-3.2.4.jar:/expanse/lustre/projects/uot182/fegaras/hadoop-3.2.2/share/hadoop/yarn/lib/HikariCP-java7-2.4.12.jar:/expanse/lustre/projects/uot182/fegaras/hadoop-3.2.2/share/hadoop/yarn/hadoop-yarn-applications-distributedshell-3.2.2.jar:/expanse/lustre/projects/uot182/fegaras/hadoop-3.2.2/share/hadoop/yarn/hadoop-yarn-server-web-proxy-3.2.2.jar:/expanse/lustre/projects/uot182/fegaras/hadoop-3.2.2/share/hadoop/yarn/hadoop-yarn-services-core-3.2.2.jar:/expanse/lustre/projects/uot182/fegaras/hadoop-3.2.2/share/hadoop/yarn/hadoop-yarn-server-common-3.2.2.jar:/expanse/lustre/projects/uot182/fegaras/hadoop-3.2.2/share/hadoop/yarn/hadoop-yarn-server-sharedcachemanager-3.2.2.jar:/expanse/lustre/projects/uot182/fegaras/hadoop-3.2.2/share/hadoop/yarn/hadoop-yarn-server-router-3.2.2.jar:/expanse/lustre/projects/uot182/fegaras/hadoop-3.2.2/share/hadoop/yarn/hadoop-yarn-api-3.2.2.jar:/expanse/lustre/projects/uot182/fegaras/hadoop-3.2.2/share/hadoop/yarn/hadoop-yarn-registry-3.2.2.jar:/expanse/lustre/projects/uot182/fegaras/hadoop-3.2.2/share/hadoop/yarn/hadoop-yarn-server-timeline-pluginstorage-3.2.2.jar:/expanse/lustre/projects/uot182/fegaras/hadoop-3.2.2/share/hadoop/yarn/hadoop-yarn-server-tests-3.2.2.jar:/expanse/lustre/projects/uot182/fegaras/hadoop-3.2.2/share/hadoop/yarn/hadoop-yarn-services-api-3.2.2.jar:/expanse/lustre/projects/uot182/fegaras/hadoop-3.2.2/share/hadoop/yarn/hadoop-yarn-server-nodemanager-3.2.2.jar:/expanse/lustre/projects/uot182/fegaras/hadoop-3.2.2/share/hadoop/yarn/hadoop-yarn-applications-unmanaged-am-launcher-3.2.2.jar:/expanse/lustre/projects/uot182/fegaras/hadoop-3.2.2/share/hadoop/yarn/hadoop-yarn-server-resourcemanager-3.2.2.jar:/expanse/lustre/projects/uot182/fegaras/hadoop-3.2.2/share/hadoop/yarn/hadoop-yarn-client-3.2.2.jar:/expanse/lustre/projects/uot182/fegaras/hadoop-3.2.2/share/hadoop/yarn/hadoop-yarn-server-applicationhistoryservice-3.2.2.jar:/expanse/lustre/projects/uot182/fegaras/hadoop-3.2.2/share/hadoop/yarn/hadoop-yarn-common-3.2.2.jar:/expanse/lustre/projects/uot182/fegaras/hadoop-3.2.2/share/hadoop/yarn/hadoop-yarn-submarine-3.2.2.jar
STARTUP_MSG:   build = Unknown -r 7a3bc90b05f257c8ace2f76d74264906f0f7a932; compiled by 'hexiaoqiao' on 2021-01-03T09:26Z
STARTUP_MSG:   java = 11.0.2
************************************************************/
2022-11-01 09:24:47,981 INFO namenode.NameNode: registered UNIX signal handlers for [TERM, HUP, INT]
2022-11-01 09:24:48,035 INFO namenode.NameNode: createNameNode [-format, -nonInteractive, -force]
2022-11-01 09:24:48,318 INFO common.Util: Assuming 'file' scheme for path /scratch/ajaved/job_17251773/namenode_data in configuration.
2022-11-01 09:24:48,318 INFO common.Util: Assuming 'file' scheme for path /scratch/ajaved/job_17251773/namenode_data in configuration.
Formatting using clusterid: CID-5b472c32-5238-4bf3-80f4-ee0af5e2647f
2022-11-01 09:24:48,338 INFO namenode.FSEditLog: Edit logging is async:true
2022-11-01 09:24:48,357 INFO namenode.FSNamesystem: KeyProvider: null
2022-11-01 09:24:48,357 INFO namenode.FSNamesystem: fsLock is fair: true
2022-11-01 09:24:48,357 INFO namenode.FSNamesystem: Detailed lock hold time metrics enabled: false
2022-11-01 09:24:48,386 INFO namenode.FSNamesystem: fsOwner             = ajaved (auth:SIMPLE)
2022-11-01 09:24:48,386 INFO namenode.FSNamesystem: supergroup          = supergroup
2022-11-01 09:24:48,386 INFO namenode.FSNamesystem: isPermissionEnabled = true
2022-11-01 09:24:48,387 INFO namenode.FSNamesystem: HA Enabled: false
2022-11-01 09:24:48,497 INFO common.Util: dfs.datanode.fileio.profiling.sampling.percentage set to 0. Disabling file IO profiling
2022-11-01 09:24:48,503 INFO blockmanagement.DatanodeManager: dfs.block.invalidate.limit: configured=1000, counted=60, effected=1000
2022-11-01 09:24:48,503 INFO blockmanagement.DatanodeManager: dfs.namenode.datanode.registration.ip-hostname-check=true
2022-11-01 09:24:48,505 INFO blockmanagement.BlockManager: dfs.namenode.startup.delay.block.deletion.sec is set to 000:00:00:00.000
2022-11-01 09:24:48,506 INFO blockmanagement.BlockManager: The block deletion will start around 2022 Nov 01 09:24:48
2022-11-01 09:24:48,506 INFO util.GSet: Computing capacity for map BlocksMap
2022-11-01 09:24:48,507 INFO util.GSet: VM type       = 64-bit
2022-11-01 09:24:48,507 INFO util.GSet: 2.0% max memory 30.0 GB = 613.8 MB
2022-11-01 09:24:48,507 INFO util.GSet: capacity      = 2^26 = 67108864 entries
2022-11-01 09:24:48,543 INFO blockmanagement.BlockManager: Storage policy satisfier is disabled
2022-11-01 09:24:48,543 INFO blockmanagement.BlockManager: dfs.block.access.token.enable = false
2022-11-01 09:24:48,547 INFO Configuration.deprecation: No unit for dfs.namenode.safemode.extension(30000) assuming MILLISECONDS
2022-11-01 09:24:48,547 INFO blockmanagement.BlockManagerSafeMode: dfs.namenode.safemode.threshold-pct = 0.9990000128746033
2022-11-01 09:24:48,547 INFO blockmanagement.BlockManagerSafeMode: dfs.namenode.safemode.min.datanodes = 0
2022-11-01 09:24:48,547 INFO blockmanagement.BlockManagerSafeMode: dfs.namenode.safemode.extension = 30000
2022-11-01 09:24:48,548 INFO blockmanagement.BlockManager: defaultReplication         = 3
2022-11-01 09:24:48,548 INFO blockmanagement.BlockManager: maxReplication             = 512
2022-11-01 09:24:48,548 INFO blockmanagement.BlockManager: minReplication             = 1
2022-11-01 09:24:48,548 INFO blockmanagement.BlockManager: maxReplicationStreams      = 2
2022-11-01 09:24:48,548 INFO blockmanagement.BlockManager: redundancyRecheckInterval  = 3000ms
2022-11-01 09:24:48,548 INFO blockmanagement.BlockManager: encryptDataTransfer        = false
2022-11-01 09:24:48,548 INFO blockmanagement.BlockManager: maxNumBlocksToLog          = 1000
2022-11-01 09:24:48,562 INFO namenode.FSDirectory: GLOBAL serial map: bits=29 maxEntries=536870911
2022-11-01 09:24:48,562 INFO namenode.FSDirectory: USER serial map: bits=24 maxEntries=16777215
2022-11-01 09:24:48,562 INFO namenode.FSDirectory: GROUP serial map: bits=24 maxEntries=16777215
2022-11-01 09:24:48,562 INFO namenode.FSDirectory: XATTR serial map: bits=24 maxEntries=16777215
2022-11-01 09:24:48,568 INFO util.GSet: Computing capacity for map INodeMap
2022-11-01 09:24:48,568 INFO util.GSet: VM type       = 64-bit
2022-11-01 09:24:48,568 INFO util.GSet: 1.0% max memory 30.0 GB = 306.9 MB
2022-11-01 09:24:48,568 INFO util.GSet: capacity      = 2^25 = 33554432 entries
2022-11-01 09:24:48,583 INFO namenode.FSDirectory: ACLs enabled? false
2022-11-01 09:24:48,583 INFO namenode.FSDirectory: POSIX ACL inheritance enabled? true
2022-11-01 09:24:48,583 INFO namenode.FSDirectory: XAttrs enabled? true
2022-11-01 09:24:48,583 INFO namenode.NameNode: Caching file names occurring more than 10 times
2022-11-01 09:24:48,587 INFO snapshot.SnapshotManager: Loaded config captureOpenFiles: false, skipCaptureAccessTimeOnlyChange: false, snapshotDiffAllowSnapRootDescendant: true, maxSnapshotLimit: 65536
2022-11-01 09:24:48,588 INFO snapshot.SnapshotManager: SkipList is disabled
2022-11-01 09:24:48,591 INFO util.GSet: Computing capacity for map cachedBlocks
2022-11-01 09:24:48,591 INFO util.GSet: VM type       = 64-bit
2022-11-01 09:24:48,592 INFO util.GSet: 0.25% max memory 30.0 GB = 76.7 MB
2022-11-01 09:24:48,592 INFO util.GSet: capacity      = 2^23 = 8388608 entries
2022-11-01 09:24:48,601 INFO metrics.TopMetrics: NNTop conf: dfs.namenode.top.window.num.buckets = 10
2022-11-01 09:24:48,601 INFO metrics.TopMetrics: NNTop conf: dfs.namenode.top.num.users = 10
2022-11-01 09:24:48,601 INFO metrics.TopMetrics: NNTop conf: dfs.namenode.top.windows.minutes = 1,5,25
2022-11-01 09:24:48,604 INFO namenode.FSNamesystem: Retry cache on namenode is enabled
2022-11-01 09:24:48,604 INFO namenode.FSNamesystem: Retry cache will use 0.03 of total heap and retry cache entry expiry time is 600000 millis
2022-11-01 09:24:48,605 INFO util.GSet: Computing capacity for map NameNodeRetryCache
2022-11-01 09:24:48,605 INFO util.GSet: VM type       = 64-bit
2022-11-01 09:24:48,605 INFO util.GSet: 0.029999999329447746% max memory 30.0 GB = 9.2 MB
2022-11-01 09:24:48,605 INFO util.GSet: capacity      = 2^20 = 1048576 entries
2022-11-01 09:24:48,621 INFO namenode.FSImage: Allocated new BlockPoolId: BP-237645437-198.202.103.222-1667319888616
2022-11-01 09:24:48,631 INFO common.Storage: Storage directory /scratch/ajaved/job_17251773/namenode_data has been successfully formatted.
2022-11-01 09:24:48,655 INFO namenode.FSImageFormatProtobuf: Saving image file /scratch/ajaved/job_17251773/namenode_data/current/fsimage.ckpt_0000000000000000000 using no compression
2022-11-01 09:24:48,737 INFO namenode.FSImageFormatProtobuf: Image file /scratch/ajaved/job_17251773/namenode_data/current/fsimage.ckpt_0000000000000000000 of size 401 bytes saved in 0 seconds .
2022-11-01 09:24:48,749 INFO namenode.NNStorageRetentionManager: Going to retain 1 images with txid >= 0
2022-11-01 09:24:48,752 INFO namenode.FSImage: FSImageSaver clean checkpoint: txid=0 when meet shutdown.
2022-11-01 09:24:48,753 INFO namenode.NameNode: SHUTDOWN_MSG: 
/************************************************************
SHUTDOWN_MSG: Shutting down NameNode at exp-1-33/198.202.103.222
************************************************************/
myHadoop:  
myHadoop: Enabling experimental Spark support
myHadoop: Using SPARK_CONF_DIR=/home/ajaved/expansecluster/spark
myHadoop:  
To use Spark, you will want to type the following commands:"
  source /home/ajaved/expansecluster/spark/spark-env.sh
  myspark start
Starting namenodes on [exp-1-33]
Starting datanodes
WARNING: HADOOP_SECURE_DN_PID_DIR has been replaced by HADOOP_SECURE_PID_DIR. Using value of HADOOP_SECURE_DN_PID_DIR.
localhost: @@@@@@@@@@@@@@@@@@@@@@@@@@@@@@@@@@@@@@@@@@@@@@@@@@@@@@@@@@@
localhost: @    WARNING: REMOTE HOST IDENTIFICATION HAS CHANGED!     @
localhost: @@@@@@@@@@@@@@@@@@@@@@@@@@@@@@@@@@@@@@@@@@@@@@@@@@@@@@@@@@@
localhost: IT IS POSSIBLE THAT SOMEONE IS DOING SOMETHING NASTY!
localhost: Someone could be eavesdropping on you right now (man-in-the-middle attack)!
localhost: It is also possible that a host key has just been changed.
localhost: The fingerprint for the ED25519 key sent by the remote host is
localhost: SHA256:unNiMRwMShojm69D+N6v+pxFj77KrwQbmPI0Tzjmz2Y.
localhost: Please contact your system administrator.
localhost: Add correct host key in /home/ajaved/.ssh/known_hosts to get rid of this message.
localhost: Offending ED25519 key in /home/ajaved/.ssh/known_hosts:1
localhost: Password authentication is disabled to avoid man-in-the-middle attacks.
localhost: Keyboard-interactive authentication is disabled to avoid man-in-the-middle attacks.
localhost: WARNING: HADOOP_SECURE_DN_PID_DIR has been replaced by HADOOP_SECURE_PID_DIR. Using value of HADOOP_SECURE_DN_PID_DIR.
Starting secondary namenodes [exp-1-33]
starting org.apache.spark.deploy.master.Master, logging to /scratch/ajaved/job_17251773/logs/spark-ajaved-org.apache.spark.deploy.master.Master-1-exp-1-33.out
exp-1-33: starting org.apache.spark.deploy.worker.Worker, logging to /expanse/lustre/projects/uot182/fegaras/spark-3.1.2-bin-hadoop3.2/logs/spark-ajaved-org.apache.spark.deploy.worker.Worker-1-exp-1-33.out
WARNING: An illegal reflective access operation has occurred
WARNING: Illegal reflective access by org.apache.spark.unsafe.Platform (file:/expanse/lustre/projects/uot182/fegaras/spark-3.1.2-bin-hadoop3.2/jars/spark-unsafe_2.12-3.1.2.jar) to constructor java.nio.DirectByteBuffer(long,int)
WARNING: Please consider reporting this to the maintainers of org.apache.spark.unsafe.Platform
WARNING: Use --illegal-access=warn to enable warnings of further illegal reflective access operations
WARNING: All illegal access operations will be denied in a future release
2022-11-01 09:25:12,958 WARN util.NativeCodeLoader: Unable to load native-hadoop library for your platform... using builtin-java classes where applicable
2022-11-01 09:25:13,098 INFO spark.SparkContext: Running Spark version 3.1.2
2022-11-01 09:25:13,127 INFO resource.ResourceUtils: ==============================================================
2022-11-01 09:25:13,127 INFO resource.ResourceUtils: No custom resources configured for spark.driver.
2022-11-01 09:25:13,127 INFO resource.ResourceUtils: ==============================================================
2022-11-01 09:25:13,128 INFO spark.SparkContext: Submitted application: Add
2022-11-01 09:25:13,142 INFO resource.ResourceProfile: Default ResourceProfile created, executor resources: Map(cores -> name: cores, amount: 1, script: , vendor: , memory -> name: memory, amount: 16384, script: , vendor: , offHeap -> name: offHeap, amount: 0, script: , vendor: ), task resources: Map(cpus -> name: cpus, amount: 1.0)
2022-11-01 09:25:13,160 INFO resource.ResourceProfile: Limiting resource is cpu
2022-11-01 09:25:13,161 INFO resource.ResourceProfileManager: Added ResourceProfile id: 0
2022-11-01 09:25:13,198 INFO spark.SecurityManager: Changing view acls to: ajaved
2022-11-01 09:25:13,198 INFO spark.SecurityManager: Changing modify acls to: ajaved
2022-11-01 09:25:13,198 INFO spark.SecurityManager: Changing view acls groups to: 
2022-11-01 09:25:13,198 INFO spark.SecurityManager: Changing modify acls groups to: 
2022-11-01 09:25:13,198 INFO spark.SecurityManager: SecurityManager: authentication disabled; ui acls disabled; users  with view permissions: Set(ajaved); groups with view permissions: Set(); users  with modify permissions: Set(ajaved); groups with modify permissions: Set()
2022-11-01 09:25:13,405 INFO util.Utils: Successfully started service 'sparkDriver' on port 41421.
2022-11-01 09:25:13,434 INFO spark.SparkEnv: Registering MapOutputTracker
2022-11-01 09:25:13,456 INFO spark.SparkEnv: Registering BlockManagerMaster
2022-11-01 09:25:13,470 INFO storage.BlockManagerMasterEndpoint: Using org.apache.spark.storage.DefaultTopologyMapper for getting topology information
2022-11-01 09:25:13,470 INFO storage.BlockManagerMasterEndpoint: BlockManagerMasterEndpoint up
2022-11-01 09:25:13,474 INFO spark.SparkEnv: Registering BlockManagerMasterHeartbeat
2022-11-01 09:25:13,484 INFO storage.DiskBlockManager: Created local directory at /tmp/blockmgr-f56cfb61-9954-4978-9dd2-aa16e46cf7a3
2022-11-01 09:25:13,511 INFO memory.MemoryStore: MemoryStore started with capacity 9.4 GiB
2022-11-01 09:25:13,525 INFO spark.SparkEnv: Registering OutputCommitCoordinator
2022-11-01 09:25:13,596 INFO util.log: Logging initialized @1747ms to org.sparkproject.jetty.util.log.Slf4jLog
2022-11-01 09:25:13,644 INFO server.Server: jetty-9.4.40.v20210413; built: 2021-04-13T20:42:42.668Z; git: b881a572662e1943a14ae12e7e1207989f218b74; jvm 11.0.2+9
2022-11-01 09:25:13,658 INFO server.Server: Started @1810ms
2022-11-01 09:25:13,687 INFO server.AbstractConnector: Started ServerConnector@621ca9b3{HTTP/1.1, (http/1.1)}{exp-1-33:4040}
2022-11-01 09:25:13,687 INFO util.Utils: Successfully started service 'SparkUI' on port 4040.
2022-11-01 09:25:13,705 INFO handler.ContextHandler: Started o.s.j.s.ServletContextHandler@57402ba1{/jobs,null,AVAILABLE,@Spark}
2022-11-01 09:25:13,707 INFO handler.ContextHandler: Started o.s.j.s.ServletContextHandler@42b28ff1{/jobs/json,null,AVAILABLE,@Spark}
2022-11-01 09:25:13,708 INFO handler.ContextHandler: Started o.s.j.s.ServletContextHandler@718dbd79{/jobs/job,null,AVAILABLE,@Spark}
2022-11-01 09:25:13,710 INFO handler.ContextHandler: Started o.s.j.s.ServletContextHandler@39c385d6{/jobs/job/json,null,AVAILABLE,@Spark}
2022-11-01 09:25:13,711 INFO handler.ContextHandler: Started o.s.j.s.ServletContextHandler@692e028d{/stages,null,AVAILABLE,@Spark}
2022-11-01 09:25:13,711 INFO handler.ContextHandler: Started o.s.j.s.ServletContextHandler@43e1692f{/stages/json,null,AVAILABLE,@Spark}
2022-11-01 09:25:13,712 INFO handler.ContextHandler: Started o.s.j.s.ServletContextHandler@27df0f3d{/stages/stage,null,AVAILABLE,@Spark}
2022-11-01 09:25:13,713 INFO handler.ContextHandler: Started o.s.j.s.ServletContextHandler@aa4d8cc{/stages/stage/json,null,AVAILABLE,@Spark}
2022-11-01 09:25:13,714 INFO handler.ContextHandler: Started o.s.j.s.ServletContextHandler@1fde0371{/stages/pool,null,AVAILABLE,@Spark}
2022-11-01 09:25:13,715 INFO handler.ContextHandler: Started o.s.j.s.ServletContextHandler@5c8e67b9{/stages/pool/json,null,AVAILABLE,@Spark}
2022-11-01 09:25:13,716 INFO handler.ContextHandler: Started o.s.j.s.ServletContextHandler@49206065{/storage,null,AVAILABLE,@Spark}
2022-11-01 09:25:13,716 INFO handler.ContextHandler: Started o.s.j.s.ServletContextHandler@1317b708{/storage/json,null,AVAILABLE,@Spark}
2022-11-01 09:25:13,717 INFO handler.ContextHandler: Started o.s.j.s.ServletContextHandler@2e51d054{/storage/rdd,null,AVAILABLE,@Spark}
2022-11-01 09:25:13,717 INFO handler.ContextHandler: Started o.s.j.s.ServletContextHandler@615e3f51{/storage/rdd/json,null,AVAILABLE,@Spark}
2022-11-01 09:25:13,718 INFO handler.ContextHandler: Started o.s.j.s.ServletContextHandler@608bc8f8{/environment,null,AVAILABLE,@Spark}
2022-11-01 09:25:13,719 INFO handler.ContextHandler: Started o.s.j.s.ServletContextHandler@44a6a68e{/environment/json,null,AVAILABLE,@Spark}
2022-11-01 09:25:13,719 INFO handler.ContextHandler: Started o.s.j.s.ServletContextHandler@79316f3a{/executors,null,AVAILABLE,@Spark}
2022-11-01 09:25:13,720 INFO handler.ContextHandler: Started o.s.j.s.ServletContextHandler@49fe3142{/executors/json,null,AVAILABLE,@Spark}
2022-11-01 09:25:13,721 INFO handler.ContextHandler: Started o.s.j.s.ServletContextHandler@61c42416{/executors/threadDump,null,AVAILABLE,@Spark}
2022-11-01 09:25:13,723 INFO handler.ContextHandler: Started o.s.j.s.ServletContextHandler@a565cbd{/executors/threadDump/json,null,AVAILABLE,@Spark}
2022-11-01 09:25:13,730 INFO handler.ContextHandler: Started o.s.j.s.ServletContextHandler@2f66f0d0{/static,null,AVAILABLE,@Spark}
2022-11-01 09:25:13,730 INFO handler.ContextHandler: Started o.s.j.s.ServletContextHandler@11f406f8{/,null,AVAILABLE,@Spark}
2022-11-01 09:25:13,731 INFO handler.ContextHandler: Started o.s.j.s.ServletContextHandler@622fdb81{/api,null,AVAILABLE,@Spark}
2022-11-01 09:25:13,732 INFO handler.ContextHandler: Started o.s.j.s.ServletContextHandler@15b82644{/jobs/job/kill,null,AVAILABLE,@Spark}
2022-11-01 09:25:13,732 INFO handler.ContextHandler: Started o.s.j.s.ServletContextHandler@574cd322{/stages/stage/kill,null,AVAILABLE,@Spark}
2022-11-01 09:25:13,734 INFO ui.SparkUI: Bound SparkUI to exp-1-33, and started at http://exp-1-33.expanse.sdsc.edu:4040
2022-11-01 09:25:13,749 INFO spark.SparkContext: Added JAR file:/home/ajaved/project4/add.jar at spark://exp-1-33.expanse.sdsc.edu:41421/jars/add.jar with timestamp 1667319913092
2022-11-01 09:25:13,910 INFO client.StandaloneAppClient$ClientEndpoint: Connecting to master spark://exp-1-33:7077...
2022-11-01 09:25:13,952 INFO client.TransportClientFactory: Successfully created connection to exp-1-33/198.202.103.222:7077 after 24 ms (0 ms spent in bootstraps)
2022-11-01 09:25:14,079 INFO cluster.StandaloneSchedulerBackend: Connected to Spark cluster with app ID app-20221101092514-0000
2022-11-01 09:25:14,087 INFO util.Utils: Successfully started service 'org.apache.spark.network.netty.NettyBlockTransferService' on port 35141.
2022-11-01 09:25:14,087 INFO netty.NettyBlockTransferService: Server created on exp-1-33.expanse.sdsc.edu:35141
2022-11-01 09:25:14,088 INFO storage.BlockManager: Using org.apache.spark.storage.RandomBlockReplicationPolicy for block replication policy
2022-11-01 09:25:14,089 INFO client.StandaloneAppClient$ClientEndpoint: Executor added: app-20221101092514-0000/0 on worker-20221101092505-198.202.103.222-41753 (198.202.103.222:41753) with 128 core(s)
2022-11-01 09:25:14,091 INFO cluster.StandaloneSchedulerBackend: Granted executor ID app-20221101092514-0000/0 on hostPort 198.202.103.222:41753 with 128 core(s), 16.0 GiB RAM
2022-11-01 09:25:14,095 INFO storage.BlockManagerMaster: Registering BlockManager BlockManagerId(driver, exp-1-33.expanse.sdsc.edu, 35141, None)
2022-11-01 09:25:14,098 INFO storage.BlockManagerMasterEndpoint: Registering block manager exp-1-33.expanse.sdsc.edu:35141 with 9.4 GiB RAM, BlockManagerId(driver, exp-1-33.expanse.sdsc.edu, 35141, None)
2022-11-01 09:25:14,100 INFO storage.BlockManagerMaster: Registered BlockManager BlockManagerId(driver, exp-1-33.expanse.sdsc.edu, 35141, None)
2022-11-01 09:25:14,101 INFO storage.BlockManager: Initialized BlockManager: BlockManagerId(driver, exp-1-33.expanse.sdsc.edu, 35141, None)
2022-11-01 09:25:14,209 INFO client.StandaloneAppClient$ClientEndpoint: Executor updated: app-20221101092514-0000/0 is now RUNNING
2022-11-01 09:25:14,220 INFO handler.ContextHandler: Started o.s.j.s.ServletContextHandler@51a18b21{/metrics/json,null,AVAILABLE,@Spark}
2022-11-01 09:25:14,257 INFO cluster.StandaloneSchedulerBackend: SchedulerBackend is ready for scheduling beginning after reached minRegisteredResourcesRatio: 0.0
inside function
2022-11-01 09:25:14,634 INFO memory.MemoryStore: Block broadcast_0 stored as values in memory (estimated size 177.3 KiB, free 9.4 GiB)
2022-11-01 09:25:14,706 INFO memory.MemoryStore: Block broadcast_0_piece0 stored as bytes in memory (estimated size 27.6 KiB, free 9.4 GiB)
2022-11-01 09:25:14,709 INFO storage.BlockManagerInfo: Added broadcast_0_piece0 in memory on exp-1-33.expanse.sdsc.edu:35141 (size: 27.6 KiB, free: 9.4 GiB)
2022-11-01 09:25:14,712 INFO spark.SparkContext: Created broadcast 0 from textFile at Add.scala:71
2022-11-01 09:25:15,075 INFO mapred.FileInputFormat: Total input files to process : 1
2022-11-01 09:25:15,100 INFO net.NetworkTopology: Adding a new node: /default-rack/198.202.103.222:9866
inside function
2022-11-01 09:25:15,151 INFO memory.MemoryStore: Block broadcast_1 stored as values in memory (estimated size 177.3 KiB, free 9.4 GiB)
2022-11-01 09:25:15,158 INFO memory.MemoryStore: Block broadcast_1_piece0 stored as bytes in memory (estimated size 27.6 KiB, free 9.4 GiB)
2022-11-01 09:25:15,159 INFO storage.BlockManagerInfo: Added broadcast_1_piece0 in memory on exp-1-33.expanse.sdsc.edu:35141 (size: 27.6 KiB, free: 9.4 GiB)
2022-11-01 09:25:15,160 INFO spark.SparkContext: Created broadcast 1 from textFile at Add.scala:71
2022-11-01 09:25:15,176 INFO mapred.FileInputFormat: Total input files to process : 1
2022-11-01 09:25:15,178 INFO net.NetworkTopology: Adding a new node: /default-rack/198.202.103.222:9866
2022-11-01 09:25:15,222 INFO Configuration.deprecation: mapred.output.dir is deprecated. Instead, use mapreduce.output.fileoutputformat.outputdir
2022-11-01 09:25:15,225 INFO io.HadoopMapRedCommitProtocol: Using output committer class org.apache.hadoop.mapred.FileOutputCommitter
2022-11-01 09:25:15,226 INFO output.FileOutputCommitter: File Output Committer Algorithm version is 1
2022-11-01 09:25:15,226 INFO output.FileOutputCommitter: FileOutputCommitter skip cleanup _temporary folders under output directory:false, ignore cleanup failures: false
2022-11-01 09:25:15,246 INFO spark.SparkContext: Starting job: runJob at SparkHadoopWriter.scala:83
2022-11-01 09:25:15,258 INFO scheduler.DAGScheduler: Registering RDD 9 (map at Add.scala:74) as input to shuffle 2
2022-11-01 09:25:15,260 INFO scheduler.DAGScheduler: Registering RDD 11 (map at Add.scala:75) as input to shuffle 1
2022-11-01 09:25:15,261 INFO scheduler.DAGScheduler: Registering RDD 3 (map at Add.scala:74) as input to shuffle 3
2022-11-01 09:25:15,261 INFO scheduler.DAGScheduler: Registering RDD 5 (map at Add.scala:75) as input to shuffle 0
2022-11-01 09:25:15,262 INFO scheduler.DAGScheduler: Got job 0 (runJob at SparkHadoopWriter.scala:83) with 2 output partitions
2022-11-01 09:25:15,262 INFO scheduler.DAGScheduler: Final stage: ResultStage 4 (runJob at SparkHadoopWriter.scala:83)
2022-11-01 09:25:15,263 INFO scheduler.DAGScheduler: Parents of final stage: List(ShuffleMapStage 1, ShuffleMapStage 3)
2022-11-01 09:25:15,264 INFO scheduler.DAGScheduler: Missing parents: List(ShuffleMapStage 1, ShuffleMapStage 3)
2022-11-01 09:25:15,269 INFO scheduler.DAGScheduler: Submitting ShuffleMapStage 0 (MapPartitionsRDD[9] at map at Add.scala:74), which has no missing parents
2022-11-01 09:25:15,309 INFO memory.MemoryStore: Block broadcast_2 stored as values in memory (estimated size 7.1 KiB, free 9.4 GiB)
2022-11-01 09:25:15,312 INFO memory.MemoryStore: Block broadcast_2_piece0 stored as bytes in memory (estimated size 3.8 KiB, free 9.4 GiB)
2022-11-01 09:25:15,312 INFO storage.BlockManagerInfo: Added broadcast_2_piece0 in memory on exp-1-33.expanse.sdsc.edu:35141 (size: 3.8 KiB, free: 9.4 GiB)
2022-11-01 09:25:15,313 INFO spark.SparkContext: Created broadcast 2 from broadcast at DAGScheduler.scala:1388
2022-11-01 09:25:15,325 INFO scheduler.DAGScheduler: Submitting 2 missing tasks from ShuffleMapStage 0 (MapPartitionsRDD[9] at map at Add.scala:74) (first 15 tasks are for partitions Vector(0, 1))
2022-11-01 09:25:15,326 INFO scheduler.TaskSchedulerImpl: Adding task set 0.0 with 2 tasks resource profile 0
2022-11-01 09:25:15,344 INFO scheduler.DAGScheduler: Submitting ShuffleMapStage 2 (MapPartitionsRDD[3] at map at Add.scala:74), which has no missing parents
2022-11-01 09:25:15,349 INFO memory.MemoryStore: Block broadcast_3 stored as values in memory (estimated size 7.1 KiB, free 9.4 GiB)
2022-11-01 09:25:15,350 INFO memory.MemoryStore: Block broadcast_3_piece0 stored as bytes in memory (estimated size 3.8 KiB, free 9.4 GiB)
2022-11-01 09:25:15,351 INFO storage.BlockManagerInfo: Added broadcast_3_piece0 in memory on exp-1-33.expanse.sdsc.edu:35141 (size: 3.8 KiB, free: 9.4 GiB)
2022-11-01 09:25:15,351 INFO spark.SparkContext: Created broadcast 3 from broadcast at DAGScheduler.scala:1388
2022-11-01 09:25:15,352 INFO scheduler.DAGScheduler: Submitting 2 missing tasks from ShuffleMapStage 2 (MapPartitionsRDD[3] at map at Add.scala:74) (first 15 tasks are for partitions Vector(0, 1))
2022-11-01 09:25:15,352 INFO scheduler.TaskSchedulerImpl: Adding task set 2.0 with 2 tasks resource profile 0
2022-11-01 09:25:15,918 INFO cluster.CoarseGrainedSchedulerBackend$DriverEndpoint: Registered executor NettyRpcEndpointRef(spark-client://Executor) (198.202.103.222:37442) with ID 0,  ResourceProfileId 0
2022-11-01 09:25:16,017 INFO storage.BlockManagerMasterEndpoint: Registering block manager 198.202.103.222:34353 with 9.4 GiB RAM, BlockManagerId(0, 198.202.103.222, 34353, None)
2022-11-01 09:25:16,169 INFO scheduler.TaskSetManager: Starting task 1.0 in stage 0.0 (TID 0) (198.202.103.222, executor 0, partition 1, NODE_LOCAL, 4514 bytes) taskResourceAssignments Map()
2022-11-01 09:25:16,171 INFO scheduler.TaskSetManager: Starting task 1.0 in stage 2.0 (TID 1) (198.202.103.222, executor 0, partition 1, NODE_LOCAL, 4514 bytes) taskResourceAssignments Map()
2022-11-01 09:25:16,369 INFO storage.BlockManagerInfo: Added broadcast_3_piece0 in memory on 198.202.103.222:34353 (size: 3.8 KiB, free: 9.4 GiB)
2022-11-01 09:25:16,370 INFO storage.BlockManagerInfo: Added broadcast_2_piece0 in memory on 198.202.103.222:34353 (size: 3.8 KiB, free: 9.4 GiB)
2022-11-01 09:25:16,619 INFO storage.BlockManagerInfo: Added broadcast_1_piece0 in memory on 198.202.103.222:34353 (size: 27.6 KiB, free: 9.4 GiB)
2022-11-01 09:25:16,620 INFO storage.BlockManagerInfo: Added broadcast_0_piece0 in memory on 198.202.103.222:34353 (size: 27.6 KiB, free: 9.4 GiB)
2022-11-01 09:25:18,828 INFO scheduler.TaskSetManager: Starting task 0.0 in stage 0.0 (TID 2) (198.202.103.222, executor 0, partition 0, ANY, 4514 bytes) taskResourceAssignments Map()
2022-11-01 09:25:21,566 INFO scheduler.TaskSetManager: Starting task 0.0 in stage 2.0 (TID 3) (198.202.103.222, executor 0, partition 0, ANY, 4514 bytes) taskResourceAssignments Map()
2022-11-01 09:25:25,653 INFO scheduler.TaskSetManager: Finished task 1.0 in stage 0.0 (TID 0) in 9495 ms on 198.202.103.222 (executor 0) (1/2)
2022-11-01 09:25:26,237 INFO scheduler.TaskSetManager: Finished task 1.0 in stage 2.0 (TID 1) in 10066 ms on 198.202.103.222 (executor 0) (1/2)
2022-11-01 09:25:29,930 INFO scheduler.TaskSetManager: Finished task 0.0 in stage 0.0 (TID 2) in 11104 ms on 198.202.103.222 (executor 0) (2/2)
2022-11-01 09:25:29,930 INFO scheduler.TaskSchedulerImpl: Removed TaskSet 0.0, whose tasks have all completed, from pool 
2022-11-01 09:25:29,932 INFO scheduler.DAGScheduler: ShuffleMapStage 0 (map at Add.scala:74) finished in 14.647 s
2022-11-01 09:25:29,932 INFO scheduler.DAGScheduler: looking for newly runnable stages
2022-11-01 09:25:29,932 INFO scheduler.DAGScheduler: running: Set(ShuffleMapStage 2)
2022-11-01 09:25:29,933 INFO scheduler.DAGScheduler: waiting: Set(ShuffleMapStage 1, ShuffleMapStage 3, ResultStage 4)
2022-11-01 09:25:29,933 INFO scheduler.DAGScheduler: failed: Set()
2022-11-01 09:25:29,935 INFO scheduler.DAGScheduler: Submitting ShuffleMapStage 1 (MapPartitionsRDD[11] at map at Add.scala:75), which has no missing parents
2022-11-01 09:25:29,945 INFO memory.MemoryStore: Block broadcast_4 stored as values in memory (estimated size 8.0 KiB, free 9.4 GiB)
2022-11-01 09:25:29,947 INFO memory.MemoryStore: Block broadcast_4_piece0 stored as bytes in memory (estimated size 4.2 KiB, free 9.4 GiB)
2022-11-01 09:25:29,948 INFO storage.BlockManagerInfo: Added broadcast_4_piece0 in memory on exp-1-33.expanse.sdsc.edu:35141 (size: 4.2 KiB, free: 9.4 GiB)
2022-11-01 09:25:29,949 INFO spark.SparkContext: Created broadcast 4 from broadcast at DAGScheduler.scala:1388
2022-11-01 09:25:29,949 INFO scheduler.DAGScheduler: Submitting 2 missing tasks from ShuffleMapStage 1 (MapPartitionsRDD[11] at map at Add.scala:75) (first 15 tasks are for partitions Vector(0, 1))
2022-11-01 09:25:29,949 INFO scheduler.TaskSchedulerImpl: Adding task set 1.0 with 2 tasks resource profile 0
2022-11-01 09:25:29,951 INFO scheduler.TaskSetManager: Starting task 0.0 in stage 1.0 (TID 4) (198.202.103.222, executor 0, partition 0, NODE_LOCAL, 4264 bytes) taskResourceAssignments Map()
2022-11-01 09:25:29,952 INFO scheduler.TaskSetManager: Starting task 1.0 in stage 1.0 (TID 5) (198.202.103.222, executor 0, partition 1, NODE_LOCAL, 4264 bytes) taskResourceAssignments Map()
2022-11-01 09:25:29,971 INFO storage.BlockManagerInfo: Added broadcast_4_piece0 in memory on 198.202.103.222:34353 (size: 4.2 KiB, free: 9.4 GiB)
2022-11-01 09:25:29,995 INFO spark.MapOutputTrackerMasterEndpoint: Asked to send map output locations for shuffle 2 to 198.202.103.222:37442
2022-11-01 09:25:30,017 INFO scheduler.TaskSetManager: Finished task 0.0 in stage 2.0 (TID 3) in 8451 ms on 198.202.103.222 (executor 0) (2/2)
2022-11-01 09:25:30,017 INFO scheduler.TaskSchedulerImpl: Removed TaskSet 2.0, whose tasks have all completed, from pool 
2022-11-01 09:25:30,018 INFO scheduler.DAGScheduler: ShuffleMapStage 2 (map at Add.scala:74) finished in 14.673 s
2022-11-01 09:25:30,018 INFO scheduler.DAGScheduler: looking for newly runnable stages
2022-11-01 09:25:30,018 INFO scheduler.DAGScheduler: running: Set(ShuffleMapStage 1)
2022-11-01 09:25:30,018 INFO scheduler.DAGScheduler: waiting: Set(ShuffleMapStage 3, ResultStage 4)
2022-11-01 09:25:30,018 INFO scheduler.DAGScheduler: failed: Set()
2022-11-01 09:25:30,019 INFO scheduler.DAGScheduler: Submitting ShuffleMapStage 3 (MapPartitionsRDD[5] at map at Add.scala:75), which has no missing parents
2022-11-01 09:25:30,021 INFO memory.MemoryStore: Block broadcast_5 stored as values in memory (estimated size 8.0 KiB, free 9.4 GiB)
2022-11-01 09:25:30,023 INFO memory.MemoryStore: Block broadcast_5_piece0 stored as bytes in memory (estimated size 4.2 KiB, free 9.4 GiB)
2022-11-01 09:25:30,024 INFO storage.BlockManagerInfo: Added broadcast_5_piece0 in memory on exp-1-33.expanse.sdsc.edu:35141 (size: 4.2 KiB, free: 9.4 GiB)
2022-11-01 09:25:30,024 INFO spark.SparkContext: Created broadcast 5 from broadcast at DAGScheduler.scala:1388
2022-11-01 09:25:30,025 INFO scheduler.DAGScheduler: Submitting 2 missing tasks from ShuffleMapStage 3 (MapPartitionsRDD[5] at map at Add.scala:75) (first 15 tasks are for partitions Vector(0, 1))
2022-11-01 09:25:30,025 INFO scheduler.TaskSchedulerImpl: Adding task set 3.0 with 2 tasks resource profile 0
2022-11-01 09:25:30,027 INFO scheduler.TaskSetManager: Starting task 0.0 in stage 3.0 (TID 6) (198.202.103.222, executor 0, partition 0, NODE_LOCAL, 4264 bytes) taskResourceAssignments Map()
2022-11-01 09:25:30,027 INFO scheduler.TaskSetManager: Starting task 1.0 in stage 3.0 (TID 7) (198.202.103.222, executor 0, partition 1, NODE_LOCAL, 4264 bytes) taskResourceAssignments Map()
2022-11-01 09:25:30,039 INFO storage.BlockManagerInfo: Added broadcast_5_piece0 in memory on 198.202.103.222:34353 (size: 4.2 KiB, free: 9.4 GiB)
2022-11-01 09:25:30,049 INFO spark.MapOutputTrackerMasterEndpoint: Asked to send map output locations for shuffle 3 to 198.202.103.222:37442
2022-11-01 09:28:16,508 INFO scheduler.TaskSetManager: Finished task 1.0 in stage 3.0 (TID 7) in 166481 ms on 198.202.103.222 (executor 0) (1/2)
2022-11-01 09:28:16,544 INFO scheduler.TaskSetManager: Finished task 1.0 in stage 1.0 (TID 5) in 166593 ms on 198.202.103.222 (executor 0) (1/2)
2022-11-01 09:28:22,497 INFO scheduler.TaskSetManager: Finished task 0.0 in stage 1.0 (TID 4) in 172546 ms on 198.202.103.222 (executor 0) (2/2)
2022-11-01 09:28:22,497 INFO scheduler.TaskSchedulerImpl: Removed TaskSet 1.0, whose tasks have all completed, from pool 
2022-11-01 09:28:22,498 INFO scheduler.DAGScheduler: ShuffleMapStage 1 (map at Add.scala:75) finished in 172.558 s
2022-11-01 09:28:22,498 INFO scheduler.DAGScheduler: looking for newly runnable stages
2022-11-01 09:28:22,498 INFO scheduler.DAGScheduler: running: Set(ShuffleMapStage 3)
2022-11-01 09:28:22,498 INFO scheduler.DAGScheduler: waiting: Set(ResultStage 4)
2022-11-01 09:28:22,498 INFO scheduler.DAGScheduler: failed: Set()
2022-11-01 09:28:22,654 INFO scheduler.TaskSetManager: Finished task 0.0 in stage 3.0 (TID 6) in 172628 ms on 198.202.103.222 (executor 0) (2/2)
2022-11-01 09:28:22,654 INFO scheduler.TaskSchedulerImpl: Removed TaskSet 3.0, whose tasks have all completed, from pool 
2022-11-01 09:28:22,655 INFO scheduler.DAGScheduler: ShuffleMapStage 3 (map at Add.scala:75) finished in 172.635 s
2022-11-01 09:28:22,655 INFO scheduler.DAGScheduler: looking for newly runnable stages
2022-11-01 09:28:22,655 INFO scheduler.DAGScheduler: running: Set()
2022-11-01 09:28:22,655 INFO scheduler.DAGScheduler: waiting: Set(ResultStage 4)
2022-11-01 09:28:22,655 INFO scheduler.DAGScheduler: failed: Set()
2022-11-01 09:28:22,655 INFO scheduler.DAGScheduler: Submitting ResultStage 4 (MapPartitionsRDD[16] at saveAsTextFile at Add.scala:113), which has no missing parents
2022-11-01 09:28:22,668 INFO memory.MemoryStore: Block broadcast_6 stored as values in memory (estimated size 86.4 KiB, free 9.4 GiB)
2022-11-01 09:28:22,671 INFO memory.MemoryStore: Block broadcast_6_piece0 stored as bytes in memory (estimated size 31.4 KiB, free 9.4 GiB)
2022-11-01 09:28:22,671 INFO storage.BlockManagerInfo: Added broadcast_6_piece0 in memory on exp-1-33.expanse.sdsc.edu:35141 (size: 31.4 KiB, free: 9.4 GiB)
2022-11-01 09:28:22,672 INFO spark.SparkContext: Created broadcast 6 from broadcast at DAGScheduler.scala:1388
2022-11-01 09:28:22,673 INFO scheduler.DAGScheduler: Submitting 2 missing tasks from ResultStage 4 (MapPartitionsRDD[16] at saveAsTextFile at Add.scala:113) (first 15 tasks are for partitions Vector(0, 1))
2022-11-01 09:28:22,673 INFO scheduler.TaskSchedulerImpl: Adding task set 4.0 with 2 tasks resource profile 0
2022-11-01 09:28:22,676 INFO scheduler.TaskSetManager: Starting task 0.0 in stage 4.0 (TID 8) (198.202.103.222, executor 0, partition 0, PROCESS_LOCAL, 4338 bytes) taskResourceAssignments Map()
2022-11-01 09:28:22,676 INFO scheduler.TaskSetManager: Starting task 1.0 in stage 4.0 (TID 9) (198.202.103.222, executor 0, partition 1, PROCESS_LOCAL, 4338 bytes) taskResourceAssignments Map()
2022-11-01 09:28:22,692 INFO storage.BlockManagerInfo: Added broadcast_6_piece0 in memory on 198.202.103.222:34353 (size: 31.4 KiB, free: 9.4 GiB)
2022-11-01 09:28:22,740 INFO spark.MapOutputTrackerMasterEndpoint: Asked to send map output locations for shuffle 0 to 198.202.103.222:37442
2022-11-01 09:28:22,744 INFO spark.MapOutputTrackerMasterEndpoint: Asked to send map output locations for shuffle 1 to 198.202.103.222:37442
2022-11-01 09:29:52,347 INFO scheduler.TaskSetManager: Finished task 1.0 in stage 4.0 (TID 9) in 89671 ms on 198.202.103.222 (executor 0) (1/2)
2022-11-01 09:29:58,694 INFO scheduler.TaskSetManager: Finished task 0.0 in stage 4.0 (TID 8) in 96020 ms on 198.202.103.222 (executor 0) (2/2)
2022-11-01 09:29:58,694 INFO scheduler.TaskSchedulerImpl: Removed TaskSet 4.0, whose tasks have all completed, from pool 
2022-11-01 09:29:58,695 INFO scheduler.DAGScheduler: ResultStage 4 (runJob at SparkHadoopWriter.scala:83) finished in 96.038 s
2022-11-01 09:29:58,698 INFO scheduler.DAGScheduler: Job 0 is finished. Cancelling potential speculative or zombie tasks for this job
2022-11-01 09:29:58,698 INFO scheduler.TaskSchedulerImpl: Killing all running tasks in stage 4: Stage finished
2022-11-01 09:29:58,701 INFO scheduler.DAGScheduler: Job 0 finished: runJob at SparkHadoopWriter.scala:83, took 283.454497 s
2022-11-01 09:29:58,766 INFO io.SparkHadoopWriter: Job job_202211010925158483731029399490882_0016 committed.
2022-11-01 09:29:58,775 INFO server.AbstractConnector: Stopped Spark@621ca9b3{HTTP/1.1, (http/1.1)}{exp-1-33:4040}
2022-11-01 09:29:58,776 INFO ui.SparkUI: Stopped Spark web UI at http://exp-1-33.expanse.sdsc.edu:4040
2022-11-01 09:29:58,778 INFO cluster.StandaloneSchedulerBackend: Shutting down all executors
2022-11-01 09:29:58,779 INFO cluster.CoarseGrainedSchedulerBackend$DriverEndpoint: Asking each executor to shut down
2022-11-01 09:29:58,790 INFO spark.MapOutputTrackerMasterEndpoint: MapOutputTrackerMasterEndpoint stopped!
2022-11-01 09:29:58,807 INFO memory.MemoryStore: MemoryStore cleared
2022-11-01 09:29:58,807 INFO storage.BlockManager: BlockManager stopped
2022-11-01 09:29:58,811 INFO storage.BlockManagerMaster: BlockManagerMaster stopped
2022-11-01 09:29:58,813 INFO scheduler.OutputCommitCoordinator$OutputCommitCoordinatorEndpoint: OutputCommitCoordinator stopped!
2022-11-01 09:29:58,836 INFO spark.SparkContext: Successfully stopped SparkContext
2022-11-01 09:29:58,839 INFO util.ShutdownHookManager: Shutdown hook called
2022-11-01 09:29:58,839 INFO util.ShutdownHookManager: Deleting directory /tmp/spark-251442cf-2b23-4331-933f-9d8eec3e2d92
2022-11-01 09:29:58,855 INFO util.ShutdownHookManager: Deleting directory /tmp/spark-cdb68a0a-7607-4952-bfd4-66b770586ebc
Stopping namenodes on [exp-1-33]
Stopping datanodes
WARNING: HADOOP_SECURE_DN_PID_DIR has been replaced by HADOOP_SECURE_PID_DIR. Using value of HADOOP_SECURE_DN_PID_DIR.
localhost: @@@@@@@@@@@@@@@@@@@@@@@@@@@@@@@@@@@@@@@@@@@@@@@@@@@@@@@@@@@
localhost: @    WARNING: REMOTE HOST IDENTIFICATION HAS CHANGED!     @
localhost: @@@@@@@@@@@@@@@@@@@@@@@@@@@@@@@@@@@@@@@@@@@@@@@@@@@@@@@@@@@
localhost: IT IS POSSIBLE THAT SOMEONE IS DOING SOMETHING NASTY!
localhost: Someone could be eavesdropping on you right now (man-in-the-middle attack)!
localhost: It is also possible that a host key has just been changed.
localhost: The fingerprint for the ED25519 key sent by the remote host is
localhost: SHA256:unNiMRwMShojm69D+N6v+pxFj77KrwQbmPI0Tzjmz2Y.
localhost: Please contact your system administrator.
localhost: Add correct host key in /home/ajaved/.ssh/known_hosts to get rid of this message.
localhost: Offending ED25519 key in /home/ajaved/.ssh/known_hosts:1
localhost: Password authentication is disabled to avoid man-in-the-middle attacks.
localhost: Keyboard-interactive authentication is disabled to avoid man-in-the-middle attacks.
localhost: WARNING: HADOOP_SECURE_DN_PID_DIR has been replaced by HADOOP_SECURE_PID_DIR. Using value of HADOOP_SECURE_DN_PID_DIR.
Stopping secondary namenodes [exp-1-33]
Copying Hadoop logs back to /home/ajaved/expansecluster/logs...
'/scratch/ajaved/job_17251773/logs' -> '/home/ajaved/expansecluster/logs'
'/scratch/ajaved/job_17251773/logs/hadoop-ajaved-namenode-exp-1-33.out' -> '/home/ajaved/expansecluster/logs/hadoop-ajaved-namenode-exp-1-33.out'
'/scratch/ajaved/job_17251773/logs/SecurityAuth-ajaved.audit' -> '/home/ajaved/expansecluster/logs/SecurityAuth-ajaved.audit'
'/scratch/ajaved/job_17251773/logs/hadoop-ajaved-datanode-exp-1-33.out' -> '/home/ajaved/expansecluster/logs/hadoop-ajaved-datanode-exp-1-33.out'
'/scratch/ajaved/job_17251773/logs/hadoop-ajaved-namenode-exp-1-33.log' -> '/home/ajaved/expansecluster/logs/hadoop-ajaved-namenode-exp-1-33.log'
'/scratch/ajaved/job_17251773/logs/hadoop-ajaved-datanode-exp-1-33.log' -> '/home/ajaved/expansecluster/logs/hadoop-ajaved-datanode-exp-1-33.log'
'/scratch/ajaved/job_17251773/logs/hadoop-ajaved-secondarynamenode-exp-1-33.out' -> '/home/ajaved/expansecluster/logs/hadoop-ajaved-secondarynamenode-exp-1-33.out'
'/scratch/ajaved/job_17251773/logs/hadoop-ajaved-secondarynamenode-exp-1-33.log' -> '/home/ajaved/expansecluster/logs/hadoop-ajaved-secondarynamenode-exp-1-33.log'
'/scratch/ajaved/job_17251773/logs/spark-ajaved-org.apache.spark.deploy.master.Master-1-exp-1-33.out' -> '/home/ajaved/expansecluster/logs/spark-ajaved-org.apache.spark.deploy.master.Master-1-exp-1-33.out'
removed '/scratch/ajaved/job_17251773/tmp/dfs/namesecondary/current/fsimage_0000000000000000000.md5'
removed '/scratch/ajaved/job_17251773/tmp/dfs/namesecondary/current/edits_0000000000000000001-0000000000000000025'
removed '/scratch/ajaved/job_17251773/tmp/dfs/namesecondary/current/VERSION'
removed '/scratch/ajaved/job_17251773/tmp/dfs/namesecondary/current/fsimage_0000000000000000025.md5'
removed '/scratch/ajaved/job_17251773/tmp/dfs/namesecondary/current/fsimage_0000000000000000025'
removed '/scratch/ajaved/job_17251773/tmp/dfs/namesecondary/current/fsimage_0000000000000000000'
removed directory '/scratch/ajaved/job_17251773/tmp/dfs/namesecondary/current'
removed directory '/scratch/ajaved/job_17251773/tmp/dfs/namesecondary'
removed directory '/scratch/ajaved/job_17251773/tmp/dfs'
removed directory '/scratch/ajaved/job_17251773/tmp'
removed '/scratch/ajaved/job_17251773/hdfs_data/current/BP-237645437-198.202.103.222-1667319888616/scanner.cursor'
removed directory '/scratch/ajaved/job_17251773/hdfs_data/current/BP-237645437-198.202.103.222-1667319888616/tmp'
removed directory '/scratch/ajaved/job_17251773/hdfs_data/current/BP-237645437-198.202.103.222-1667319888616/current/rbw'
removed '/scratch/ajaved/job_17251773/hdfs_data/current/BP-237645437-198.202.103.222-1667319888616/current/VERSION'
removed '/scratch/ajaved/job_17251773/hdfs_data/current/BP-237645437-198.202.103.222-1667319888616/current/dfsUsed'
removed '/scratch/ajaved/job_17251773/hdfs_data/current/BP-237645437-198.202.103.222-1667319888616/current/finalized/subdir0/subdir0/blk_1073741827'
removed '/scratch/ajaved/job_17251773/hdfs_data/current/BP-237645437-198.202.103.222-1667319888616/current/finalized/subdir0/subdir0/blk_1073741828'
removed '/scratch/ajaved/job_17251773/hdfs_data/current/BP-237645437-198.202.103.222-1667319888616/current/finalized/subdir0/subdir0/blk_1073741829'
removed '/scratch/ajaved/job_17251773/hdfs_data/current/BP-237645437-198.202.103.222-1667319888616/current/finalized/subdir0/subdir0/blk_1073741830'
removed '/scratch/ajaved/job_17251773/hdfs_data/current/BP-237645437-198.202.103.222-1667319888616/current/finalized/subdir0/subdir0/blk_1073741828_1004.meta'
removed '/scratch/ajaved/job_17251773/hdfs_data/current/BP-237645437-198.202.103.222-1667319888616/current/finalized/subdir0/subdir0/blk_1073741829_1005.meta'
removed '/scratch/ajaved/job_17251773/hdfs_data/current/BP-237645437-198.202.103.222-1667319888616/current/finalized/subdir0/subdir0/blk_1073741826_1002.meta'
removed '/scratch/ajaved/job_17251773/hdfs_data/current/BP-237645437-198.202.103.222-1667319888616/current/finalized/subdir0/subdir0/blk_1073741825'
removed '/scratch/ajaved/job_17251773/hdfs_data/current/BP-237645437-198.202.103.222-1667319888616/current/finalized/subdir0/subdir0/blk_1073741827_1003.meta'
removed '/scratch/ajaved/job_17251773/hdfs_data/current/BP-237645437-198.202.103.222-1667319888616/current/finalized/subdir0/subdir0/blk_1073741830_1006.meta'
removed '/scratch/ajaved/job_17251773/hdfs_data/current/BP-237645437-198.202.103.222-1667319888616/current/finalized/subdir0/subdir0/blk_1073741825_1001.meta'
removed '/scratch/ajaved/job_17251773/hdfs_data/current/BP-237645437-198.202.103.222-1667319888616/current/finalized/subdir0/subdir0/blk_1073741826'
removed directory '/scratch/ajaved/job_17251773/hdfs_data/current/BP-237645437-198.202.103.222-1667319888616/current/finalized/subdir0/subdir0'
removed directory '/scratch/ajaved/job_17251773/hdfs_data/current/BP-237645437-198.202.103.222-1667319888616/current/finalized/subdir0'
removed directory '/scratch/ajaved/job_17251773/hdfs_data/current/BP-237645437-198.202.103.222-1667319888616/current/finalized'
removed directory '/scratch/ajaved/job_17251773/hdfs_data/current/BP-237645437-198.202.103.222-1667319888616/current'
removed directory '/scratch/ajaved/job_17251773/hdfs_data/current/BP-237645437-198.202.103.222-1667319888616'
removed '/scratch/ajaved/job_17251773/hdfs_data/current/VERSION'
removed directory '/scratch/ajaved/job_17251773/hdfs_data/current'
removed directory '/scratch/ajaved/job_17251773/hdfs_data'
removed '/scratch/ajaved/job_17251773/logs/hadoop-ajaved-namenode-exp-1-33.log'
removed '/scratch/ajaved/job_17251773/logs/hadoop-ajaved-datanode-exp-1-33.out'
removed '/scratch/ajaved/job_17251773/logs/hadoop-ajaved-secondarynamenode-exp-1-33.log'
removed '/scratch/ajaved/job_17251773/logs/SecurityAuth-ajaved.audit'
removed '/scratch/ajaved/job_17251773/logs/hadoop-ajaved-namenode-exp-1-33.out'
removed '/scratch/ajaved/job_17251773/logs/hadoop-ajaved-secondarynamenode-exp-1-33.out'
removed '/scratch/ajaved/job_17251773/logs/hadoop-ajaved-datanode-exp-1-33.log'
removed '/scratch/ajaved/job_17251773/logs/spark-ajaved-org.apache.spark.deploy.master.Master-1-exp-1-33.out'
removed directory '/scratch/ajaved/job_17251773/logs'
removed '/scratch/ajaved/job_17251773/namenode_data/current/seen_txid'
removed '/scratch/ajaved/job_17251773/namenode_data/current/fsimage_0000000000000000000.md5'
removed '/scratch/ajaved/job_17251773/namenode_data/current/edits_0000000000000000001-0000000000000000025'
removed '/scratch/ajaved/job_17251773/namenode_data/current/VERSION'
removed '/scratch/ajaved/job_17251773/namenode_data/current/fsimage_0000000000000000000'
removed '/scratch/ajaved/job_17251773/namenode_data/current/edits_inprogress_0000000000000000026'
removed directory '/scratch/ajaved/job_17251773/namenode_data/current'
removed directory '/scratch/ajaved/job_17251773/namenode_data'
removed directory '/scratch/ajaved/job_17251773/pids'
