WARNING: log4j.properties is not found. HADOOP_CONF_DIR may be incomplete.
2022-10-17 16:26:29,266 WARN  [main] impl.MetricsConfig (MetricsConfig.java:loadFirst(136)) - Cannot locate configuration: tried hadoop-metrics2-jobtracker.properties,hadoop-metrics2.properties
2022-10-17 16:26:29,335 INFO  [main] impl.MetricsSystemImpl (MetricsSystemImpl.java:startTimer(378)) - Scheduled Metric snapshot period at 10 second(s).
2022-10-17 16:26:29,335 INFO  [main] impl.MetricsSystemImpl (MetricsSystemImpl.java:start(191)) - JobTracker metrics system started
2022-10-17 16:26:29,387 WARN  [main] mapreduce.JobResourceUploader (JobResourceUploader.java:uploadResourcesInternal(149)) - Hadoop command-line option parsing not performed. Implement the Tool interface and execute your application with ToolRunner to remedy this.
2022-10-17 16:26:29,413 INFO  [main] input.FileInputFormat (FileInputFormat.java:listStatus(292)) - Total input files to process : 1
2022-10-17 16:26:29,426 INFO  [main] mapreduce.JobSubmitter (JobSubmitter.java:submitJobInternal(202)) - number of splits:1
2022-10-17 16:26:29,647 INFO  [main] mapreduce.JobSubmitter (JobSubmitter.java:printTokens(298)) - Submitting tokens for job: job_local726683536_0001
2022-10-17 16:26:29,648 INFO  [main] mapreduce.JobSubmitter (JobSubmitter.java:printTokens(299)) - Executing with tokens: []
2022-10-17 16:26:29,720 INFO  [main] mapreduce.Job (Job.java:submit(1569)) - The url to track the job: http://localhost:8080/
2022-10-17 16:26:29,724 INFO  [main] mapreduce.Job (Job.java:monitorAndPrintJob(1614)) - Running job: job_local726683536_0001
2022-10-17 16:26:29,728 INFO  [Thread-4] mapred.LocalJobRunner (LocalJobRunner.java:createOutputCommitter(501)) - OutputCommitter set in config null
2022-10-17 16:26:29,736 INFO  [Thread-4] output.FileOutputCommitter (FileOutputCommitter.java:<init>(141)) - File Output Committer Algorithm version is 2
2022-10-17 16:26:29,736 INFO  [Thread-4] output.FileOutputCommitter (FileOutputCommitter.java:<init>(156)) - FileOutputCommitter skip cleanup _temporary folders under output directory:false, ignore cleanup failures: false
2022-10-17 16:26:29,737 INFO  [Thread-4] mapred.LocalJobRunner (LocalJobRunner.java:createOutputCommitter(519)) - OutputCommitter is org.apache.hadoop.mapreduce.lib.output.FileOutputCommitter
2022-10-17 16:26:29,837 INFO  [Thread-4] mapred.LocalJobRunner (LocalJobRunner.java:runTasks(478)) - Waiting for map tasks
2022-10-17 16:26:29,838 INFO  [LocalJobRunner Map Task Executor #0] mapred.LocalJobRunner (LocalJobRunner.java:run(252)) - Starting task: attempt_local726683536_0001_m_000000_0
2022-10-17 16:26:29,854 INFO  [LocalJobRunner Map Task Executor #0] output.FileOutputCommitter (FileOutputCommitter.java:<init>(141)) - File Output Committer Algorithm version is 2
2022-10-17 16:26:29,854 INFO  [LocalJobRunner Map Task Executor #0] output.FileOutputCommitter (FileOutputCommitter.java:<init>(156)) - FileOutputCommitter skip cleanup _temporary folders under output directory:false, ignore cleanup failures: false
2022-10-17 16:26:29,872 INFO  [LocalJobRunner Map Task Executor #0] mapred.Task (Task.java:initialize(626)) -  Using ResourceCalculatorProcessTree : [ ]
2022-10-17 16:26:29,874 INFO  [LocalJobRunner Map Task Executor #0] mapred.MapTask (MapTask.java:runNewMapper(768)) - Processing split: file:/home/ajaved/project3/small-graph.txt:0+56
0,3,3,2,1
0,2,2,4,3
0,1,1,3,4,6
0,5,5,6
0,6,6,5,7,1
0,0,0,8,9
0,4,4,2,1
0,8,8,0
0,9,9,0
0,7,7,6
2022-10-17 16:26:29,931 INFO  [LocalJobRunner Map Task Executor #0] mapred.LocalJobRunner (LocalJobRunner.java:statusUpdate(634)) - 
2022-10-17 16:26:29,943 INFO  [LocalJobRunner Map Task Executor #0] mapred.Task (Task.java:done(1244)) - Task:attempt_local726683536_0001_m_000000_0 is done. And is in the process of committing
2022-10-17 16:26:29,944 INFO  [LocalJobRunner Map Task Executor #0] mapred.LocalJobRunner (LocalJobRunner.java:statusUpdate(634)) - 
2022-10-17 16:26:29,944 INFO  [LocalJobRunner Map Task Executor #0] mapred.Task (Task.java:commit(1421)) - Task attempt_local726683536_0001_m_000000_0 is allowed to commit now
2022-10-17 16:26:29,959 INFO  [LocalJobRunner Map Task Executor #0] output.FileOutputCommitter (FileOutputCommitter.java:commitTask(606)) - Saved output of task 'attempt_local726683536_0001_m_000000_0' to file:/home/ajaved/project3/temp/f0
2022-10-17 16:26:29,960 INFO  [LocalJobRunner Map Task Executor #0] mapred.LocalJobRunner (LocalJobRunner.java:statusUpdate(634)) - map
2022-10-17 16:26:29,960 INFO  [LocalJobRunner Map Task Executor #0] mapred.Task (Task.java:sendDone(1380)) - Task 'attempt_local726683536_0001_m_000000_0' done.
2022-10-17 16:26:29,964 INFO  [LocalJobRunner Map Task Executor #0] mapred.Task (Task.java:done(1276)) - Final Counters for attempt_local726683536_0001_m_000000_0: Counters: 15
	File System Counters
		FILE: Number of bytes read=8297
		FILE: Number of bytes written=548360
		FILE: Number of read operations=0
		FILE: Number of large read operations=0
		FILE: Number of write operations=0
	Map-Reduce Framework
		Map input records=10
		Map output records=10
		Input split bytes=107
		Spilled Records=0
		Failed Shuffles=0
		Merged Map outputs=0
		GC time elapsed (ms)=0
		Total committed heap usage (bytes)=2147483648
	File Input Format Counters 
		Bytes Read=56
	File Output Format Counters 
		Bytes Written=345
2022-10-17 16:26:29,964 INFO  [LocalJobRunner Map Task Executor #0] mapred.LocalJobRunner (LocalJobRunner.java:run(277)) - Finishing task: attempt_local726683536_0001_m_000000_0
2022-10-17 16:26:29,965 INFO  [Thread-4] mapred.LocalJobRunner (LocalJobRunner.java:runTasks(486)) - map task executor complete.
2022-10-17 16:26:30,731 INFO  [main] mapreduce.Job (Job.java:monitorAndPrintJob(1635)) - Job job_local726683536_0001 running in uber mode : false
2022-10-17 16:26:30,733 INFO  [main] mapreduce.Job (Job.java:monitorAndPrintJob(1642)) -  map 100% reduce 0%
2022-10-17 16:26:30,734 INFO  [main] mapreduce.Job (Job.java:monitorAndPrintJob(1653)) - Job job_local726683536_0001 completed successfully
2022-10-17 16:26:30,737 INFO  [main] mapreduce.Job (Job.java:monitorAndPrintJob(1660)) - Counters: 15
	File System Counters
		FILE: Number of bytes read=8297
		FILE: Number of bytes written=548360
		FILE: Number of read operations=0
		FILE: Number of large read operations=0
		FILE: Number of write operations=0
	Map-Reduce Framework
		Map input records=10
		Map output records=10
		Input split bytes=107
		Spilled Records=0
		Failed Shuffles=0
		Merged Map outputs=0
		GC time elapsed (ms)=0
		Total committed heap usage (bytes)=2147483648
	File Input Format Counters 
		Bytes Read=56
	File Output Format Counters 
		Bytes Written=345
2022-10-17 16:26:30,762 WARN  [main] impl.MetricsSystemImpl (MetricsSystemImpl.java:init(151)) - JobTracker metrics system already initialized!
2022-10-17 16:26:30,764 WARN  [main] mapreduce.JobResourceUploader (JobResourceUploader.java:uploadResourcesInternal(149)) - Hadoop command-line option parsing not performed. Implement the Tool interface and execute your application with ToolRunner to remedy this.
2022-10-17 16:26:30,770 INFO  [main] input.FileInputFormat (FileInputFormat.java:listStatus(292)) - Total input files to process : 1
2022-10-17 16:26:30,772 INFO  [main] mapreduce.JobSubmitter (JobSubmitter.java:submitJobInternal(202)) - number of splits:1
2022-10-17 16:26:30,782 INFO  [main] mapreduce.JobSubmitter (JobSubmitter.java:printTokens(298)) - Submitting tokens for job: job_local160508292_0002
2022-10-17 16:26:30,782 INFO  [main] mapreduce.JobSubmitter (JobSubmitter.java:printTokens(299)) - Executing with tokens: []
2022-10-17 16:26:30,829 INFO  [main] mapreduce.Job (Job.java:submit(1569)) - The url to track the job: http://localhost:8080/
2022-10-17 16:26:30,829 INFO  [main] mapreduce.Job (Job.java:monitorAndPrintJob(1614)) - Running job: job_local160508292_0002
2022-10-17 16:26:30,829 INFO  [Thread-7] mapred.LocalJobRunner (LocalJobRunner.java:createOutputCommitter(501)) - OutputCommitter set in config null
2022-10-17 16:26:30,830 INFO  [Thread-7] output.FileOutputCommitter (FileOutputCommitter.java:<init>(141)) - File Output Committer Algorithm version is 2
2022-10-17 16:26:30,830 INFO  [Thread-7] output.FileOutputCommitter (FileOutputCommitter.java:<init>(156)) - FileOutputCommitter skip cleanup _temporary folders under output directory:false, ignore cleanup failures: false
2022-10-17 16:26:30,830 INFO  [Thread-7] mapred.LocalJobRunner (LocalJobRunner.java:createOutputCommitter(519)) - OutputCommitter is org.apache.hadoop.mapreduce.lib.output.FileOutputCommitter
2022-10-17 16:26:30,876 INFO  [Thread-7] mapred.LocalJobRunner (LocalJobRunner.java:runTasks(478)) - Waiting for map tasks
2022-10-17 16:26:30,877 INFO  [LocalJobRunner Map Task Executor #0] mapred.LocalJobRunner (LocalJobRunner.java:run(252)) - Starting task: attempt_local160508292_0002_m_000000_0
2022-10-17 16:26:30,878 INFO  [LocalJobRunner Map Task Executor #0] output.FileOutputCommitter (FileOutputCommitter.java:<init>(141)) - File Output Committer Algorithm version is 2
2022-10-17 16:26:30,878 INFO  [LocalJobRunner Map Task Executor #0] output.FileOutputCommitter (FileOutputCommitter.java:<init>(156)) - FileOutputCommitter skip cleanup _temporary folders under output directory:false, ignore cleanup failures: false
2022-10-17 16:26:30,878 INFO  [LocalJobRunner Map Task Executor #0] mapred.Task (Task.java:initialize(626)) -  Using ResourceCalculatorProcessTree : [ ]
2022-10-17 16:26:30,879 INFO  [LocalJobRunner Map Task Executor #0] mapred.MapTask (MapTask.java:runNewMapper(768)) - Processing split: file:/home/ajaved/project3/temp/f0/part-m-00000:0+333
2022-10-17 16:26:30,898 INFO  [LocalJobRunner Map Task Executor #0] mapred.MapTask (MapTask.java:setEquator(1219)) - (EQUATOR) 0 kvi 26214396(104857584)
2022-10-17 16:26:30,898 INFO  [LocalJobRunner Map Task Executor #0] mapred.MapTask (MapTask.java:init(1012)) - mapreduce.task.io.sort.mb: 100
2022-10-17 16:26:30,898 INFO  [LocalJobRunner Map Task Executor #0] mapred.MapTask (MapTask.java:init(1013)) - soft limit at 83886080
2022-10-17 16:26:30,898 INFO  [LocalJobRunner Map Task Executor #0] mapred.MapTask (MapTask.java:init(1014)) - bufstart = 0; bufvoid = 104857600
2022-10-17 16:26:30,898 INFO  [LocalJobRunner Map Task Executor #0] mapred.MapTask (MapTask.java:init(1015)) - kvstart = 26214396; length = 6553600
2022-10-17 16:26:30,900 INFO  [LocalJobRunner Map Task Executor #0] mapred.MapTask (MapTask.java:createSortingCollector(409)) - Map output collector class = org.apache.hadoop.mapred.MapTask$MapOutputBuffer
Tag=0
Group=3
VID = 3
Value0= 2
Value1= 1
GroupMapper
0,3,3,2,1
2
1,3
1,3
Tag=0
Group=2
VID = 2
Value0= 4
Value1= 3
GroupMapper
0,2,2,4,3
2
1,2
1,2
Tag=0
Group=1
VID = 1
Value0= 3
Value1= 4
Value2= 6
GroupMapper
0,1,1,3,4,6
3
1,1
1,1
1,1
Tag=0
Group=5
VID = 5
Value0= 6
GroupMapper
0,5,5,6
1
1,5
Tag=0
Group=6
VID = 6
Value0= 5
Value1= 7
Value2= 1
GroupMapper
0,6,6,5,7,1
3
1,6
1,6
1,6
Tag=0
Group=0
VID = 0
Value0= 8
Value1= 9
GroupMapper
0,0,0,8,9
2
1,0
1,0
Tag=0
Group=4
VID = 4
Value0= 2
Value1= 1
GroupMapper
0,4,4,2,1
2
1,4
1,4
Tag=0
Group=8
VID = 8
Value0= 0
GroupMapper
0,8,8,0
1
1,8
Tag=0
Group=9
VID = 9
Value0= 0
GroupMapper
0,9,9,0
1
1,9
Tag=0
Group=7
VID = 7
Value0= 6
GroupMapper
0,7,7,6
1
1,7
2022-10-17 16:26:30,913 INFO  [LocalJobRunner Map Task Executor #0] mapred.LocalJobRunner (LocalJobRunner.java:statusUpdate(634)) - 
2022-10-17 16:26:30,914 INFO  [LocalJobRunner Map Task Executor #0] mapred.MapTask (MapTask.java:flush(1476)) - Starting flush of map output
2022-10-17 16:26:30,914 INFO  [LocalJobRunner Map Task Executor #0] mapred.MapTask (MapTask.java:flush(1498)) - Spilling map output
2022-10-17 16:26:30,914 INFO  [LocalJobRunner Map Task Executor #0] mapred.MapTask (MapTask.java:flush(1499)) - bufstart = 0; bufend = 420; bufvoid = 104857600
2022-10-17 16:26:30,914 INFO  [LocalJobRunner Map Task Executor #0] mapred.MapTask (MapTask.java:flush(1501)) - kvstart = 26214396(104857584); kvend = 26214288(104857152); length = 109/6553600
2022-10-17 16:26:30,917 INFO  [LocalJobRunner Map Task Executor #0] mapred.MapTask (MapTask.java:sortAndSpill(1696)) - Finished spill 0
2022-10-17 16:26:30,919 INFO  [LocalJobRunner Map Task Executor #0] mapred.Task (Task.java:done(1244)) - Task:attempt_local160508292_0002_m_000000_0 is done. And is in the process of committing
2022-10-17 16:26:30,921 INFO  [LocalJobRunner Map Task Executor #0] mapred.LocalJobRunner (LocalJobRunner.java:statusUpdate(634)) - map
2022-10-17 16:26:30,921 INFO  [LocalJobRunner Map Task Executor #0] mapred.Task (Task.java:sendDone(1380)) - Task 'attempt_local160508292_0002_m_000000_0' done.
2022-10-17 16:26:30,921 INFO  [LocalJobRunner Map Task Executor #0] mapred.Task (Task.java:done(1276)) - Final Counters for attempt_local160508292_0002_m_000000_0: Counters: 17
	File System Counters
		FILE: Number of bytes read=16890
		FILE: Number of bytes written=1098165
		FILE: Number of read operations=0
		FILE: Number of large read operations=0
		FILE: Number of write operations=0
	Map-Reduce Framework
		Map input records=10
		Map output records=28
		Map output bytes=420
		Map output materialized bytes=482
		Input split bytes=112
		Combine input records=0
		Spilled Records=28
		Failed Shuffles=0
		Merged Map outputs=0
		GC time elapsed (ms)=0
		Total committed heap usage (bytes)=2147483648
	File Input Format Counters 
		Bytes Read=345
2022-10-17 16:26:30,921 INFO  [LocalJobRunner Map Task Executor #0] mapred.LocalJobRunner (LocalJobRunner.java:run(277)) - Finishing task: attempt_local160508292_0002_m_000000_0
2022-10-17 16:26:30,921 INFO  [Thread-7] mapred.LocalJobRunner (LocalJobRunner.java:runTasks(486)) - map task executor complete.
2022-10-17 16:26:30,924 INFO  [Thread-7] mapred.LocalJobRunner (LocalJobRunner.java:runTasks(478)) - Waiting for reduce tasks
2022-10-17 16:26:30,924 INFO  [pool-6-thread-1] mapred.LocalJobRunner (LocalJobRunner.java:run(330)) - Starting task: attempt_local160508292_0002_r_000000_0
2022-10-17 16:26:30,928 INFO  [pool-6-thread-1] output.FileOutputCommitter (FileOutputCommitter.java:<init>(141)) - File Output Committer Algorithm version is 2
2022-10-17 16:26:30,928 INFO  [pool-6-thread-1] output.FileOutputCommitter (FileOutputCommitter.java:<init>(156)) - FileOutputCommitter skip cleanup _temporary folders under output directory:false, ignore cleanup failures: false
2022-10-17 16:26:30,928 INFO  [pool-6-thread-1] mapred.Task (Task.java:initialize(626)) -  Using ResourceCalculatorProcessTree : [ ]
2022-10-17 16:26:30,930 INFO  [pool-6-thread-1] mapred.ReduceTask (ReduceTask.java:run(363)) - Using ShuffleConsumerPlugin: org.apache.hadoop.mapreduce.task.reduce.Shuffle@66b98f9b
2022-10-17 16:26:30,931 WARN  [pool-6-thread-1] impl.MetricsSystemImpl (MetricsSystemImpl.java:init(151)) - JobTracker metrics system already initialized!
2022-10-17 16:26:30,941 INFO  [pool-6-thread-1] reduce.MergeManagerImpl (MergeManagerImpl.java:<init>(198)) - The max number of bytes for a single in-memory shuffle cannot be larger than Integer.MAX_VALUE. Setting it to Integer.MAX_VALUE
2022-10-17 16:26:30,941 INFO  [pool-6-thread-1] reduce.MergeManagerImpl (MergeManagerImpl.java:<init>(208)) - MergerManager: memoryLimit=22525089792, maxSingleShuffleLimit=2147483647, mergeThreshold=14866560000, ioSortFactor=10, memToMemMergeOutputsThreshold=10
2022-10-17 16:26:30,942 INFO  [EventFetcher for fetching Map Completion Events] reduce.EventFetcher (EventFetcher.java:run(61)) - attempt_local160508292_0002_r_000000_0 Thread started: EventFetcher for fetching Map Completion Events
2022-10-17 16:26:30,989 INFO  [localfetcher#1] reduce.LocalFetcher (LocalFetcher.java:copyMapOutput(145)) - localfetcher#1 about to shuffle output of map attempt_local160508292_0002_m_000000_0 decomp: 478 len: 482 to MEMORY
2022-10-17 16:26:30,991 INFO  [localfetcher#1] reduce.InMemoryMapOutput (InMemoryMapOutput.java:doShuffle(94)) - Read 478 bytes from map-output for attempt_local160508292_0002_m_000000_0
2022-10-17 16:26:30,991 INFO  [localfetcher#1] reduce.MergeManagerImpl (MergeManagerImpl.java:closeInMemoryFile(323)) - closeInMemoryFile -> map-output of size: 478, inMemoryMapOutputs.size() -> 1, commitMemory -> 0, usedMemory ->478
2022-10-17 16:26:30,992 INFO  [EventFetcher for fetching Map Completion Events] reduce.EventFetcher (EventFetcher.java:run(76)) - EventFetcher is interrupted.. Returning
2022-10-17 16:26:30,993 INFO  [pool-6-thread-1] mapred.LocalJobRunner (LocalJobRunner.java:statusUpdate(634)) - 1 / 1 copied.
2022-10-17 16:26:30,994 INFO  [pool-6-thread-1] reduce.MergeManagerImpl (MergeManagerImpl.java:finalMerge(695)) - finalMerge called with 1 in-memory map-outputs and 0 on-disk map-outputs
2022-10-17 16:26:30,997 INFO  [pool-6-thread-1] mapred.Merger (Merger.java:merge(606)) - Merging 1 sorted segments
2022-10-17 16:26:30,997 INFO  [pool-6-thread-1] mapred.Merger (Merger.java:merge(705)) - Down to the last merge-pass, with 1 segments left of total size: 468 bytes
2022-10-17 16:26:30,998 INFO  [pool-6-thread-1] reduce.MergeManagerImpl (MergeManagerImpl.java:finalMerge(762)) - Merged 1 segments, 478 bytes to disk to satisfy reduce memory limit
2022-10-17 16:26:30,999 INFO  [pool-6-thread-1] reduce.MergeManagerImpl (MergeManagerImpl.java:finalMerge(792)) - Merging 1 files, 482 bytes from disk
2022-10-17 16:26:30,999 INFO  [pool-6-thread-1] reduce.MergeManagerImpl (MergeManagerImpl.java:finalMerge(807)) - Merging 0 segments, 0 bytes from memory into reduce
2022-10-17 16:26:30,999 INFO  [pool-6-thread-1] mapred.Merger (Merger.java:merge(606)) - Merging 1 sorted segments
2022-10-17 16:26:30,999 INFO  [pool-6-thread-1] mapred.Merger (Merger.java:merge(705)) - Down to the last merge-pass, with 1 segments left of total size: 468 bytes
2022-10-17 16:26:31,000 INFO  [pool-6-thread-1] mapred.LocalJobRunner (LocalJobRunner.java:statusUpdate(634)) - 1 / 1 copied.
2022-10-17 16:26:31,071 INFO  [pool-6-thread-1] Configuration.deprecation (Configuration.java:logDeprecation(1395)) - mapred.skip.on is deprecated. Instead, use mapreduce.job.skiprecords
Tag=0
Group=0
VID = 0
Value0= 8
Value1= 9
0,0,0,8,9
Tag=0
Group=1
VID = 1
Value0= 3
Value1= 4
Value2= 6
0,1,1,3,4,6
Tag=0
Group=2
VID = 2
Value0= 4
Value1= 3
0,2,2,4,3
Tag=0
Group=3
VID = 3
Value0= 2
Value1= 1
0,1,3,2,1
Tag=0
Group=4
VID = 4
Value0= 2
Value1= 1
0,1,4,2,1
Tag=0
Group=5
VID = 5
Value0= 6
0,5,5,6
Tag=0
Group=6
VID = 6
Value0= 5
Value1= 7
Value2= 1
0,1,6,5,7,1
Tag=0
Group=7
VID = 7
Value0= 6
0,6,7,6
Tag=0
Group=8
VID = 8
Value0= 0
0,0,8,0
Tag=0
Group=9
VID = 9
Value0= 0
0,0,9,0
2022-10-17 16:26:31,090 INFO  [pool-6-thread-1] mapred.Task (Task.java:done(1244)) - Task:attempt_local160508292_0002_r_000000_0 is done. And is in the process of committing
2022-10-17 16:26:31,090 INFO  [pool-6-thread-1] mapred.LocalJobRunner (LocalJobRunner.java:statusUpdate(634)) - 1 / 1 copied.
2022-10-17 16:26:31,091 INFO  [pool-6-thread-1] mapred.Task (Task.java:commit(1421)) - Task attempt_local160508292_0002_r_000000_0 is allowed to commit now
2022-10-17 16:26:31,101 INFO  [pool-6-thread-1] output.FileOutputCommitter (FileOutputCommitter.java:commitTask(606)) - Saved output of task 'attempt_local160508292_0002_r_000000_0' to file:/home/ajaved/project3/temp/f1
2022-10-17 16:26:31,101 INFO  [pool-6-thread-1] mapred.LocalJobRunner (LocalJobRunner.java:statusUpdate(634)) - reduce > reduce
2022-10-17 16:26:31,101 INFO  [pool-6-thread-1] mapred.Task (Task.java:sendDone(1380)) - Task 'attempt_local160508292_0002_r_000000_0' done.
2022-10-17 16:26:31,102 INFO  [pool-6-thread-1] mapred.Task (Task.java:done(1276)) - Final Counters for attempt_local160508292_0002_r_000000_0: Counters: 24
	File System Counters
		FILE: Number of bytes read=17886
		FILE: Number of bytes written=1098992
		FILE: Number of read operations=0
		FILE: Number of large read operations=0
		FILE: Number of write operations=0
	Map-Reduce Framework
		Combine input records=0
		Combine output records=0
		Reduce input groups=10
		Reduce shuffle bytes=482
		Reduce input records=28
		Reduce output records=10
		Spilled Records=28
		Shuffled Maps =1
		Failed Shuffles=0
		Merged Map outputs=1
		GC time elapsed (ms)=22
		Total committed heap usage (bytes)=2147483648
	Shuffle Errors
		BAD_ID=0
		CONNECTION=0
		IO_ERROR=0
		WRONG_LENGTH=0
		WRONG_MAP=0
		WRONG_REDUCE=0
	File Output Format Counters 
		Bytes Written=345
2022-10-17 16:26:31,102 INFO  [pool-6-thread-1] mapred.LocalJobRunner (LocalJobRunner.java:run(353)) - Finishing task: attempt_local160508292_0002_r_000000_0
2022-10-17 16:26:31,102 INFO  [Thread-7] mapred.LocalJobRunner (LocalJobRunner.java:runTasks(486)) - reduce task executor complete.
2022-10-17 16:26:31,830 INFO  [main] mapreduce.Job (Job.java:monitorAndPrintJob(1635)) - Job job_local160508292_0002 running in uber mode : false
2022-10-17 16:26:31,830 INFO  [main] mapreduce.Job (Job.java:monitorAndPrintJob(1642)) -  map 100% reduce 100%
2022-10-17 16:26:31,830 INFO  [main] mapreduce.Job (Job.java:monitorAndPrintJob(1653)) - Job job_local160508292_0002 completed successfully
2022-10-17 16:26:31,833 INFO  [main] mapreduce.Job (Job.java:monitorAndPrintJob(1660)) - Counters: 30
	File System Counters
		FILE: Number of bytes read=34776
		FILE: Number of bytes written=2197157
		FILE: Number of read operations=0
		FILE: Number of large read operations=0
		FILE: Number of write operations=0
	Map-Reduce Framework
		Map input records=10
		Map output records=28
		Map output bytes=420
		Map output materialized bytes=482
		Input split bytes=112
		Combine input records=0
		Combine output records=0
		Reduce input groups=10
		Reduce shuffle bytes=482
		Reduce input records=28
		Reduce output records=10
		Spilled Records=56
		Shuffled Maps =1
		Failed Shuffles=0
		Merged Map outputs=1
		GC time elapsed (ms)=22
		Total committed heap usage (bytes)=4294967296
	Shuffle Errors
		BAD_ID=0
		CONNECTION=0
		IO_ERROR=0
		WRONG_LENGTH=0
		WRONG_MAP=0
		WRONG_REDUCE=0
	File Input Format Counters 
		Bytes Read=345
	File Output Format Counters 
		Bytes Written=345
2022-10-17 16:26:31,843 WARN  [main] impl.MetricsSystemImpl (MetricsSystemImpl.java:init(151)) - JobTracker metrics system already initialized!
2022-10-17 16:26:31,844 WARN  [main] mapreduce.JobResourceUploader (JobResourceUploader.java:uploadResourcesInternal(149)) - Hadoop command-line option parsing not performed. Implement the Tool interface and execute your application with ToolRunner to remedy this.
2022-10-17 16:26:31,847 INFO  [main] input.FileInputFormat (FileInputFormat.java:listStatus(292)) - Total input files to process : 1
2022-10-17 16:26:31,848 INFO  [main] mapreduce.JobSubmitter (JobSubmitter.java:submitJobInternal(202)) - number of splits:1
2022-10-17 16:26:31,864 INFO  [main] mapreduce.JobSubmitter (JobSubmitter.java:printTokens(298)) - Submitting tokens for job: job_local97982312_0003
2022-10-17 16:26:31,864 INFO  [main] mapreduce.JobSubmitter (JobSubmitter.java:printTokens(299)) - Executing with tokens: []
2022-10-17 16:26:31,903 INFO  [main] mapreduce.Job (Job.java:submit(1569)) - The url to track the job: http://localhost:8080/
2022-10-17 16:26:31,903 INFO  [main] mapreduce.Job (Job.java:monitorAndPrintJob(1614)) - Running job: job_local97982312_0003
2022-10-17 16:26:31,903 INFO  [Thread-14] mapred.LocalJobRunner (LocalJobRunner.java:createOutputCommitter(501)) - OutputCommitter set in config null
2022-10-17 16:26:31,904 INFO  [Thread-14] output.FileOutputCommitter (FileOutputCommitter.java:<init>(141)) - File Output Committer Algorithm version is 2
2022-10-17 16:26:31,904 INFO  [Thread-14] output.FileOutputCommitter (FileOutputCommitter.java:<init>(156)) - FileOutputCommitter skip cleanup _temporary folders under output directory:false, ignore cleanup failures: false
2022-10-17 16:26:31,904 INFO  [Thread-14] mapred.LocalJobRunner (LocalJobRunner.java:createOutputCommitter(519)) - OutputCommitter is org.apache.hadoop.mapreduce.lib.output.FileOutputCommitter
2022-10-17 16:26:31,984 INFO  [Thread-14] mapred.LocalJobRunner (LocalJobRunner.java:runTasks(478)) - Waiting for map tasks
2022-10-17 16:26:31,984 INFO  [LocalJobRunner Map Task Executor #0] mapred.LocalJobRunner (LocalJobRunner.java:run(252)) - Starting task: attempt_local97982312_0003_m_000000_0
2022-10-17 16:26:31,985 INFO  [LocalJobRunner Map Task Executor #0] output.FileOutputCommitter (FileOutputCommitter.java:<init>(141)) - File Output Committer Algorithm version is 2
2022-10-17 16:26:31,985 INFO  [LocalJobRunner Map Task Executor #0] output.FileOutputCommitter (FileOutputCommitter.java:<init>(156)) - FileOutputCommitter skip cleanup _temporary folders under output directory:false, ignore cleanup failures: false
2022-10-17 16:26:31,985 INFO  [LocalJobRunner Map Task Executor #0] mapred.Task (Task.java:initialize(626)) -  Using ResourceCalculatorProcessTree : [ ]
2022-10-17 16:26:31,986 INFO  [LocalJobRunner Map Task Executor #0] mapred.MapTask (MapTask.java:runNewMapper(768)) - Processing split: file:/home/ajaved/project3/temp/f1/part-r-00000:0+333
2022-10-17 16:26:31,994 INFO  [LocalJobRunner Map Task Executor #0] mapred.MapTask (MapTask.java:setEquator(1219)) - (EQUATOR) 0 kvi 26214396(104857584)
2022-10-17 16:26:31,994 INFO  [LocalJobRunner Map Task Executor #0] mapred.MapTask (MapTask.java:init(1012)) - mapreduce.task.io.sort.mb: 100
2022-10-17 16:26:31,994 INFO  [LocalJobRunner Map Task Executor #0] mapred.MapTask (MapTask.java:init(1013)) - soft limit at 83886080
2022-10-17 16:26:31,994 INFO  [LocalJobRunner Map Task Executor #0] mapred.MapTask (MapTask.java:init(1014)) - bufstart = 0; bufvoid = 104857600
2022-10-17 16:26:31,994 INFO  [LocalJobRunner Map Task Executor #0] mapred.MapTask (MapTask.java:init(1015)) - kvstart = 26214396; length = 6553600
2022-10-17 16:26:31,995 INFO  [LocalJobRunner Map Task Executor #0] mapred.MapTask (MapTask.java:createSortingCollector(409)) - Map output collector class = org.apache.hadoop.mapred.MapTask$MapOutputBuffer
Tag=0
Group=0
VID = 0
Value0= 8
Value1= 9
GroupMapper
0,0,0,8,9
2
1,0
1,0
Tag=0
Group=1
VID = 1
Value0= 3
Value1= 4
Value2= 6
GroupMapper
0,1,1,3,4,6
3
1,1
1,1
1,1
Tag=0
Group=2
VID = 2
Value0= 4
Value1= 3
GroupMapper
0,2,2,4,3
2
1,2
1,2
Tag=0
Group=1
VID = 3
Value0= 2
Value1= 1
GroupMapper
0,1,3,2,1
2
1,1
1,1
Tag=0
Group=1
VID = 4
Value0= 2
Value1= 1
GroupMapper
0,1,4,2,1
2
1,1
1,1
Tag=0
Group=5
VID = 5
Value0= 6
GroupMapper
0,5,5,6
1
1,5
Tag=0
Group=1
VID = 6
Value0= 5
Value1= 7
Value2= 1
GroupMapper
0,1,6,5,7,1
3
1,1
1,1
1,1
Tag=0
Group=6
VID = 7
Value0= 6
GroupMapper
0,6,7,6
1
1,6
Tag=0
Group=0
VID = 8
Value0= 0
GroupMapper
0,0,8,0
1
1,0
Tag=0
Group=0
VID = 9
Value0= 0
GroupMapper
0,0,9,0
1
1,0
2022-10-17 16:26:31,997 INFO  [LocalJobRunner Map Task Executor #0] mapred.LocalJobRunner (LocalJobRunner.java:statusUpdate(634)) - 
2022-10-17 16:26:31,998 INFO  [LocalJobRunner Map Task Executor #0] mapred.MapTask (MapTask.java:flush(1476)) - Starting flush of map output
2022-10-17 16:26:31,998 INFO  [LocalJobRunner Map Task Executor #0] mapred.MapTask (MapTask.java:flush(1498)) - Spilling map output
2022-10-17 16:26:31,998 INFO  [LocalJobRunner Map Task Executor #0] mapred.MapTask (MapTask.java:flush(1499)) - bufstart = 0; bufend = 420; bufvoid = 104857600
2022-10-17 16:26:31,998 INFO  [LocalJobRunner Map Task Executor #0] mapred.MapTask (MapTask.java:flush(1501)) - kvstart = 26214396(104857584); kvend = 26214288(104857152); length = 109/6553600
2022-10-17 16:26:32,000 INFO  [LocalJobRunner Map Task Executor #0] mapred.MapTask (MapTask.java:sortAndSpill(1696)) - Finished spill 0
2022-10-17 16:26:32,000 INFO  [LocalJobRunner Map Task Executor #0] mapred.Task (Task.java:done(1244)) - Task:attempt_local97982312_0003_m_000000_0 is done. And is in the process of committing
2022-10-17 16:26:32,001 INFO  [LocalJobRunner Map Task Executor #0] mapred.LocalJobRunner (LocalJobRunner.java:statusUpdate(634)) - map
2022-10-17 16:26:32,001 INFO  [LocalJobRunner Map Task Executor #0] mapred.Task (Task.java:sendDone(1380)) - Task 'attempt_local97982312_0003_m_000000_0' done.
2022-10-17 16:26:32,002 INFO  [LocalJobRunner Map Task Executor #0] mapred.Task (Task.java:done(1276)) - Final Counters for attempt_local97982312_0003_m_000000_0: Counters: 17
	File System Counters
		FILE: Number of bytes read=26479
		FILE: Number of bytes written=1646169
		FILE: Number of read operations=0
		FILE: Number of large read operations=0
		FILE: Number of write operations=0
	Map-Reduce Framework
		Map input records=10
		Map output records=28
		Map output bytes=420
		Map output materialized bytes=482
		Input split bytes=112
		Combine input records=0
		Spilled Records=28
		Failed Shuffles=0
		Merged Map outputs=0
		GC time elapsed (ms)=0
		Total committed heap usage (bytes)=2147483648
	File Input Format Counters 
		Bytes Read=345
2022-10-17 16:26:32,002 INFO  [LocalJobRunner Map Task Executor #0] mapred.LocalJobRunner (LocalJobRunner.java:run(277)) - Finishing task: attempt_local97982312_0003_m_000000_0
2022-10-17 16:26:32,002 INFO  [Thread-14] mapred.LocalJobRunner (LocalJobRunner.java:runTasks(486)) - map task executor complete.
2022-10-17 16:26:32,003 INFO  [Thread-14] mapred.LocalJobRunner (LocalJobRunner.java:runTasks(478)) - Waiting for reduce tasks
2022-10-17 16:26:32,003 INFO  [pool-11-thread-1] mapred.LocalJobRunner (LocalJobRunner.java:run(330)) - Starting task: attempt_local97982312_0003_r_000000_0
2022-10-17 16:26:32,004 INFO  [pool-11-thread-1] output.FileOutputCommitter (FileOutputCommitter.java:<init>(141)) - File Output Committer Algorithm version is 2
2022-10-17 16:26:32,004 INFO  [pool-11-thread-1] output.FileOutputCommitter (FileOutputCommitter.java:<init>(156)) - FileOutputCommitter skip cleanup _temporary folders under output directory:false, ignore cleanup failures: false
2022-10-17 16:26:32,005 INFO  [pool-11-thread-1] mapred.Task (Task.java:initialize(626)) -  Using ResourceCalculatorProcessTree : [ ]
2022-10-17 16:26:32,005 INFO  [pool-11-thread-1] mapred.ReduceTask (ReduceTask.java:run(363)) - Using ShuffleConsumerPlugin: org.apache.hadoop.mapreduce.task.reduce.Shuffle@29237adf
2022-10-17 16:26:32,005 WARN  [pool-11-thread-1] impl.MetricsSystemImpl (MetricsSystemImpl.java:init(151)) - JobTracker metrics system already initialized!
2022-10-17 16:26:32,006 INFO  [pool-11-thread-1] reduce.MergeManagerImpl (MergeManagerImpl.java:<init>(198)) - The max number of bytes for a single in-memory shuffle cannot be larger than Integer.MAX_VALUE. Setting it to Integer.MAX_VALUE
2022-10-17 16:26:32,006 INFO  [pool-11-thread-1] reduce.MergeManagerImpl (MergeManagerImpl.java:<init>(208)) - MergerManager: memoryLimit=22525089792, maxSingleShuffleLimit=2147483647, mergeThreshold=14866560000, ioSortFactor=10, memToMemMergeOutputsThreshold=10
2022-10-17 16:26:32,006 INFO  [EventFetcher for fetching Map Completion Events] reduce.EventFetcher (EventFetcher.java:run(61)) - attempt_local97982312_0003_r_000000_0 Thread started: EventFetcher for fetching Map Completion Events
2022-10-17 16:26:32,007 INFO  [localfetcher#2] reduce.LocalFetcher (LocalFetcher.java:copyMapOutput(145)) - localfetcher#2 about to shuffle output of map attempt_local97982312_0003_m_000000_0 decomp: 478 len: 482 to MEMORY
2022-10-17 16:26:32,008 INFO  [localfetcher#2] reduce.InMemoryMapOutput (InMemoryMapOutput.java:doShuffle(94)) - Read 478 bytes from map-output for attempt_local97982312_0003_m_000000_0
2022-10-17 16:26:32,008 INFO  [localfetcher#2] reduce.MergeManagerImpl (MergeManagerImpl.java:closeInMemoryFile(323)) - closeInMemoryFile -> map-output of size: 478, inMemoryMapOutputs.size() -> 1, commitMemory -> 0, usedMemory ->478
2022-10-17 16:26:32,009 INFO  [EventFetcher for fetching Map Completion Events] reduce.EventFetcher (EventFetcher.java:run(76)) - EventFetcher is interrupted.. Returning
2022-10-17 16:26:32,009 INFO  [pool-11-thread-1] mapred.LocalJobRunner (LocalJobRunner.java:statusUpdate(634)) - 1 / 1 copied.
2022-10-17 16:26:32,009 INFO  [pool-11-thread-1] reduce.MergeManagerImpl (MergeManagerImpl.java:finalMerge(695)) - finalMerge called with 1 in-memory map-outputs and 0 on-disk map-outputs
2022-10-17 16:26:32,010 INFO  [pool-11-thread-1] mapred.Merger (Merger.java:merge(606)) - Merging 1 sorted segments
2022-10-17 16:26:32,010 INFO  [pool-11-thread-1] mapred.Merger (Merger.java:merge(705)) - Down to the last merge-pass, with 1 segments left of total size: 468 bytes
2022-10-17 16:26:32,010 INFO  [pool-11-thread-1] reduce.MergeManagerImpl (MergeManagerImpl.java:finalMerge(762)) - Merged 1 segments, 478 bytes to disk to satisfy reduce memory limit
2022-10-17 16:26:32,011 INFO  [pool-11-thread-1] reduce.MergeManagerImpl (MergeManagerImpl.java:finalMerge(792)) - Merging 1 files, 482 bytes from disk
2022-10-17 16:26:32,011 INFO  [pool-11-thread-1] reduce.MergeManagerImpl (MergeManagerImpl.java:finalMerge(807)) - Merging 0 segments, 0 bytes from memory into reduce
2022-10-17 16:26:32,011 INFO  [pool-11-thread-1] mapred.Merger (Merger.java:merge(606)) - Merging 1 sorted segments
2022-10-17 16:26:32,011 INFO  [pool-11-thread-1] mapred.Merger (Merger.java:merge(705)) - Down to the last merge-pass, with 1 segments left of total size: 468 bytes
2022-10-17 16:26:32,011 INFO  [pool-11-thread-1] mapred.LocalJobRunner (LocalJobRunner.java:statusUpdate(634)) - 1 / 1 copied.
Tag=0
Group=0
VID = 0
Value0= 8
Value1= 9
0,0,0,8,9
Tag=0
Group=1
VID = 1
Value0= 3
Value1= 4
Value2= 6
0,1,1,3,4,6
Tag=0
Group=2
VID = 2
Value0= 4
Value1= 3
0,1,2,4,3
Tag=0
Group=1
VID = 3
Value0= 2
Value1= 1
0,1,3,2,1
Tag=0
Group=1
VID = 4
Value0= 2
Value1= 1
0,1,4,2,1
Tag=0
Group=5
VID = 5
Value0= 6
0,1,5,6
Tag=0
Group=1
VID = 6
Value0= 5
Value1= 7
Value2= 1
0,1,6,5,7,1
Tag=0
Group=6
VID = 7
Value0= 6
0,1,7,6
Tag=0
Group=0
VID = 8
Value0= 0
0,0,8,0
Tag=0
Group=0
VID = 9
Value0= 0
0,0,9,0
2022-10-17 16:26:32,093 INFO  [pool-11-thread-1] mapred.Task (Task.java:done(1244)) - Task:attempt_local97982312_0003_r_000000_0 is done. And is in the process of committing
2022-10-17 16:26:32,094 INFO  [pool-11-thread-1] mapred.LocalJobRunner (LocalJobRunner.java:statusUpdate(634)) - 1 / 1 copied.
2022-10-17 16:26:32,094 INFO  [pool-11-thread-1] mapred.Task (Task.java:commit(1421)) - Task attempt_local97982312_0003_r_000000_0 is allowed to commit now
2022-10-17 16:26:32,109 INFO  [pool-11-thread-1] output.FileOutputCommitter (FileOutputCommitter.java:commitTask(606)) - Saved output of task 'attempt_local97982312_0003_r_000000_0' to file:/home/ajaved/project3/temp/f2
2022-10-17 16:26:32,109 INFO  [pool-11-thread-1] mapred.LocalJobRunner (LocalJobRunner.java:statusUpdate(634)) - reduce > reduce
2022-10-17 16:26:32,110 INFO  [pool-11-thread-1] mapred.Task (Task.java:sendDone(1380)) - Task 'attempt_local97982312_0003_r_000000_0' done.
2022-10-17 16:26:32,110 INFO  [pool-11-thread-1] mapred.Task (Task.java:done(1276)) - Final Counters for attempt_local97982312_0003_r_000000_0: Counters: 24
	File System Counters
		FILE: Number of bytes read=27475
		FILE: Number of bytes written=1646996
		FILE: Number of read operations=0
		FILE: Number of large read operations=0
		FILE: Number of write operations=0
	Map-Reduce Framework
		Combine input records=0
		Combine output records=0
		Reduce input groups=10
		Reduce shuffle bytes=482
		Reduce input records=28
		Reduce output records=10
		Spilled Records=28
		Shuffled Maps =1
		Failed Shuffles=0
		Merged Map outputs=1
		GC time elapsed (ms)=0
		Total committed heap usage (bytes)=2147483648
	Shuffle Errors
		BAD_ID=0
		CONNECTION=0
		IO_ERROR=0
		WRONG_LENGTH=0
		WRONG_MAP=0
		WRONG_REDUCE=0
	File Output Format Counters 
		Bytes Written=345
2022-10-17 16:26:32,110 INFO  [pool-11-thread-1] mapred.LocalJobRunner (LocalJobRunner.java:run(353)) - Finishing task: attempt_local97982312_0003_r_000000_0
2022-10-17 16:26:32,110 INFO  [Thread-14] mapred.LocalJobRunner (LocalJobRunner.java:runTasks(486)) - reduce task executor complete.
2022-10-17 16:26:32,904 INFO  [main] mapreduce.Job (Job.java:monitorAndPrintJob(1635)) - Job job_local97982312_0003 running in uber mode : false
2022-10-17 16:26:32,904 INFO  [main] mapreduce.Job (Job.java:monitorAndPrintJob(1642)) -  map 100% reduce 100%
2022-10-17 16:26:32,905 INFO  [main] mapreduce.Job (Job.java:monitorAndPrintJob(1653)) - Job job_local97982312_0003 completed successfully
2022-10-17 16:26:32,907 INFO  [main] mapreduce.Job (Job.java:monitorAndPrintJob(1660)) - Counters: 30
	File System Counters
		FILE: Number of bytes read=53954
		FILE: Number of bytes written=3293165
		FILE: Number of read operations=0
		FILE: Number of large read operations=0
		FILE: Number of write operations=0
	Map-Reduce Framework
		Map input records=10
		Map output records=28
		Map output bytes=420
		Map output materialized bytes=482
		Input split bytes=112
		Combine input records=0
		Combine output records=0
		Reduce input groups=10
		Reduce shuffle bytes=482
		Reduce input records=28
		Reduce output records=10
		Spilled Records=56
		Shuffled Maps =1
		Failed Shuffles=0
		Merged Map outputs=1
		GC time elapsed (ms)=0
		Total committed heap usage (bytes)=4294967296
	Shuffle Errors
		BAD_ID=0
		CONNECTION=0
		IO_ERROR=0
		WRONG_LENGTH=0
		WRONG_MAP=0
		WRONG_REDUCE=0
	File Input Format Counters 
		Bytes Read=345
	File Output Format Counters 
		Bytes Written=345
2022-10-17 16:26:32,917 WARN  [main] impl.MetricsSystemImpl (MetricsSystemImpl.java:init(151)) - JobTracker metrics system already initialized!
2022-10-17 16:26:32,918 WARN  [main] mapreduce.JobResourceUploader (JobResourceUploader.java:uploadResourcesInternal(149)) - Hadoop command-line option parsing not performed. Implement the Tool interface and execute your application with ToolRunner to remedy this.
2022-10-17 16:26:32,921 INFO  [main] input.FileInputFormat (FileInputFormat.java:listStatus(292)) - Total input files to process : 1
2022-10-17 16:26:32,922 INFO  [main] mapreduce.JobSubmitter (JobSubmitter.java:submitJobInternal(202)) - number of splits:1
2022-10-17 16:26:32,928 INFO  [main] mapreduce.JobSubmitter (JobSubmitter.java:printTokens(298)) - Submitting tokens for job: job_local1590306003_0004
2022-10-17 16:26:32,928 INFO  [main] mapreduce.JobSubmitter (JobSubmitter.java:printTokens(299)) - Executing with tokens: []
2022-10-17 16:26:32,964 INFO  [main] mapreduce.Job (Job.java:submit(1569)) - The url to track the job: http://localhost:8080/
2022-10-17 16:26:32,965 INFO  [main] mapreduce.Job (Job.java:monitorAndPrintJob(1614)) - Running job: job_local1590306003_0004
2022-10-17 16:26:32,965 INFO  [Thread-21] mapred.LocalJobRunner (LocalJobRunner.java:createOutputCommitter(501)) - OutputCommitter set in config null
2022-10-17 16:26:32,965 INFO  [Thread-21] output.FileOutputCommitter (FileOutputCommitter.java:<init>(141)) - File Output Committer Algorithm version is 2
2022-10-17 16:26:32,965 INFO  [Thread-21] output.FileOutputCommitter (FileOutputCommitter.java:<init>(156)) - FileOutputCommitter skip cleanup _temporary folders under output directory:false, ignore cleanup failures: false
2022-10-17 16:26:32,965 INFO  [Thread-21] mapred.LocalJobRunner (LocalJobRunner.java:createOutputCommitter(519)) - OutputCommitter is org.apache.hadoop.mapreduce.lib.output.FileOutputCommitter
2022-10-17 16:26:33,045 INFO  [Thread-21] mapred.LocalJobRunner (LocalJobRunner.java:runTasks(478)) - Waiting for map tasks
2022-10-17 16:26:33,045 INFO  [LocalJobRunner Map Task Executor #0] mapred.LocalJobRunner (LocalJobRunner.java:run(252)) - Starting task: attempt_local1590306003_0004_m_000000_0
2022-10-17 16:26:33,046 INFO  [LocalJobRunner Map Task Executor #0] output.FileOutputCommitter (FileOutputCommitter.java:<init>(141)) - File Output Committer Algorithm version is 2
2022-10-17 16:26:33,046 INFO  [LocalJobRunner Map Task Executor #0] output.FileOutputCommitter (FileOutputCommitter.java:<init>(156)) - FileOutputCommitter skip cleanup _temporary folders under output directory:false, ignore cleanup failures: false
2022-10-17 16:26:33,046 INFO  [LocalJobRunner Map Task Executor #0] mapred.Task (Task.java:initialize(626)) -  Using ResourceCalculatorProcessTree : [ ]
2022-10-17 16:26:33,047 INFO  [LocalJobRunner Map Task Executor #0] mapred.MapTask (MapTask.java:runNewMapper(768)) - Processing split: file:/home/ajaved/project3/temp/f2/part-r-00000:0+333
2022-10-17 16:26:33,058 INFO  [LocalJobRunner Map Task Executor #0] mapred.MapTask (MapTask.java:setEquator(1219)) - (EQUATOR) 0 kvi 26214396(104857584)
2022-10-17 16:26:33,058 INFO  [LocalJobRunner Map Task Executor #0] mapred.MapTask (MapTask.java:init(1012)) - mapreduce.task.io.sort.mb: 100
2022-10-17 16:26:33,058 INFO  [LocalJobRunner Map Task Executor #0] mapred.MapTask (MapTask.java:init(1013)) - soft limit at 83886080
2022-10-17 16:26:33,058 INFO  [LocalJobRunner Map Task Executor #0] mapred.MapTask (MapTask.java:init(1014)) - bufstart = 0; bufvoid = 104857600
2022-10-17 16:26:33,058 INFO  [LocalJobRunner Map Task Executor #0] mapred.MapTask (MapTask.java:init(1015)) - kvstart = 26214396; length = 6553600
2022-10-17 16:26:33,059 INFO  [LocalJobRunner Map Task Executor #0] mapred.MapTask (MapTask.java:createSortingCollector(409)) - Map output collector class = org.apache.hadoop.mapred.MapTask$MapOutputBuffer
Tag=0
Group=0
VID = 0
Value0= 8
Value1= 9
GroupMapper
0,0,0,8,9
2
1,0
1,0
Tag=0
Group=1
VID = 1
Value0= 3
Value1= 4
Value2= 6
GroupMapper
0,1,1,3,4,6
3
1,1
1,1
1,1
Tag=0
Group=1
VID = 2
Value0= 4
Value1= 3
GroupMapper
0,1,2,4,3
2
1,1
1,1
Tag=0
Group=1
VID = 3
Value0= 2
Value1= 1
GroupMapper
0,1,3,2,1
2
1,1
1,1
Tag=0
Group=1
VID = 4
Value0= 2
Value1= 1
GroupMapper
0,1,4,2,1
2
1,1
1,1
Tag=0
Group=1
VID = 5
Value0= 6
GroupMapper
0,1,5,6
1
1,1
Tag=0
Group=1
VID = 6
Value0= 5
Value1= 7
Value2= 1
GroupMapper
0,1,6,5,7,1
3
1,1
1,1
1,1
Tag=0
Group=1
VID = 7
Value0= 6
GroupMapper
0,1,7,6
1
1,1
Tag=0
Group=0
VID = 8
Value0= 0
GroupMapper
0,0,8,0
1
1,0
Tag=0
Group=0
VID = 9
Value0= 0
GroupMapper
0,0,9,0
1
1,0
2022-10-17 16:26:33,061 INFO  [LocalJobRunner Map Task Executor #0] mapred.LocalJobRunner (LocalJobRunner.java:statusUpdate(634)) - 
2022-10-17 16:26:33,062 INFO  [LocalJobRunner Map Task Executor #0] mapred.MapTask (MapTask.java:flush(1476)) - Starting flush of map output
2022-10-17 16:26:33,062 INFO  [LocalJobRunner Map Task Executor #0] mapred.MapTask (MapTask.java:flush(1498)) - Spilling map output
2022-10-17 16:26:33,062 INFO  [LocalJobRunner Map Task Executor #0] mapred.MapTask (MapTask.java:flush(1499)) - bufstart = 0; bufend = 420; bufvoid = 104857600
2022-10-17 16:26:33,062 INFO  [LocalJobRunner Map Task Executor #0] mapred.MapTask (MapTask.java:flush(1501)) - kvstart = 26214396(104857584); kvend = 26214288(104857152); length = 109/6553600
2022-10-17 16:26:33,063 INFO  [LocalJobRunner Map Task Executor #0] mapred.MapTask (MapTask.java:sortAndSpill(1696)) - Finished spill 0
2022-10-17 16:26:33,063 INFO  [LocalJobRunner Map Task Executor #0] mapred.Task (Task.java:done(1244)) - Task:attempt_local1590306003_0004_m_000000_0 is done. And is in the process of committing
2022-10-17 16:26:33,064 INFO  [LocalJobRunner Map Task Executor #0] mapred.LocalJobRunner (LocalJobRunner.java:statusUpdate(634)) - map
2022-10-17 16:26:33,064 INFO  [LocalJobRunner Map Task Executor #0] mapred.Task (Task.java:sendDone(1380)) - Task 'attempt_local1590306003_0004_m_000000_0' done.
2022-10-17 16:26:33,065 INFO  [LocalJobRunner Map Task Executor #0] mapred.Task (Task.java:done(1276)) - Final Counters for attempt_local1590306003_0004_m_000000_0: Counters: 17
	File System Counters
		FILE: Number of bytes read=36068
		FILE: Number of bytes written=2199429
		FILE: Number of read operations=0
		FILE: Number of large read operations=0
		FILE: Number of write operations=0
	Map-Reduce Framework
		Map input records=10
		Map output records=28
		Map output bytes=420
		Map output materialized bytes=482
		Input split bytes=112
		Combine input records=0
		Spilled Records=28
		Failed Shuffles=0
		Merged Map outputs=0
		GC time elapsed (ms)=0
		Total committed heap usage (bytes)=2147483648
	File Input Format Counters 
		Bytes Read=345
2022-10-17 16:26:33,065 INFO  [LocalJobRunner Map Task Executor #0] mapred.LocalJobRunner (LocalJobRunner.java:run(277)) - Finishing task: attempt_local1590306003_0004_m_000000_0
2022-10-17 16:26:33,065 INFO  [Thread-21] mapred.LocalJobRunner (LocalJobRunner.java:runTasks(486)) - map task executor complete.
2022-10-17 16:26:33,065 INFO  [Thread-21] mapred.LocalJobRunner (LocalJobRunner.java:runTasks(478)) - Waiting for reduce tasks
2022-10-17 16:26:33,065 INFO  [pool-14-thread-1] mapred.LocalJobRunner (LocalJobRunner.java:run(330)) - Starting task: attempt_local1590306003_0004_r_000000_0
2022-10-17 16:26:33,066 INFO  [pool-14-thread-1] output.FileOutputCommitter (FileOutputCommitter.java:<init>(141)) - File Output Committer Algorithm version is 2
2022-10-17 16:26:33,067 INFO  [pool-14-thread-1] output.FileOutputCommitter (FileOutputCommitter.java:<init>(156)) - FileOutputCommitter skip cleanup _temporary folders under output directory:false, ignore cleanup failures: false
2022-10-17 16:26:33,067 INFO  [pool-14-thread-1] mapred.Task (Task.java:initialize(626)) -  Using ResourceCalculatorProcessTree : [ ]
2022-10-17 16:26:33,067 INFO  [pool-14-thread-1] mapred.ReduceTask (ReduceTask.java:run(363)) - Using ShuffleConsumerPlugin: org.apache.hadoop.mapreduce.task.reduce.Shuffle@7cd39fe5
2022-10-17 16:26:33,067 WARN  [pool-14-thread-1] impl.MetricsSystemImpl (MetricsSystemImpl.java:init(151)) - JobTracker metrics system already initialized!
2022-10-17 16:26:33,068 INFO  [pool-14-thread-1] reduce.MergeManagerImpl (MergeManagerImpl.java:<init>(198)) - The max number of bytes for a single in-memory shuffle cannot be larger than Integer.MAX_VALUE. Setting it to Integer.MAX_VALUE
2022-10-17 16:26:33,068 INFO  [pool-14-thread-1] reduce.MergeManagerImpl (MergeManagerImpl.java:<init>(208)) - MergerManager: memoryLimit=22525089792, maxSingleShuffleLimit=2147483647, mergeThreshold=14866560000, ioSortFactor=10, memToMemMergeOutputsThreshold=10
2022-10-17 16:26:33,068 INFO  [EventFetcher for fetching Map Completion Events] reduce.EventFetcher (EventFetcher.java:run(61)) - attempt_local1590306003_0004_r_000000_0 Thread started: EventFetcher for fetching Map Completion Events
2022-10-17 16:26:33,069 INFO  [localfetcher#3] reduce.LocalFetcher (LocalFetcher.java:copyMapOutput(145)) - localfetcher#3 about to shuffle output of map attempt_local1590306003_0004_m_000000_0 decomp: 478 len: 482 to MEMORY
2022-10-17 16:26:33,069 INFO  [localfetcher#3] reduce.InMemoryMapOutput (InMemoryMapOutput.java:doShuffle(94)) - Read 478 bytes from map-output for attempt_local1590306003_0004_m_000000_0
2022-10-17 16:26:33,069 INFO  [localfetcher#3] reduce.MergeManagerImpl (MergeManagerImpl.java:closeInMemoryFile(323)) - closeInMemoryFile -> map-output of size: 478, inMemoryMapOutputs.size() -> 1, commitMemory -> 0, usedMemory ->478
2022-10-17 16:26:33,070 INFO  [EventFetcher for fetching Map Completion Events] reduce.EventFetcher (EventFetcher.java:run(76)) - EventFetcher is interrupted.. Returning
2022-10-17 16:26:33,070 INFO  [pool-14-thread-1] mapred.LocalJobRunner (LocalJobRunner.java:statusUpdate(634)) - 1 / 1 copied.
2022-10-17 16:26:33,070 INFO  [pool-14-thread-1] reduce.MergeManagerImpl (MergeManagerImpl.java:finalMerge(695)) - finalMerge called with 1 in-memory map-outputs and 0 on-disk map-outputs
2022-10-17 16:26:33,071 INFO  [pool-14-thread-1] mapred.Merger (Merger.java:merge(606)) - Merging 1 sorted segments
2022-10-17 16:26:33,071 INFO  [pool-14-thread-1] mapred.Merger (Merger.java:merge(705)) - Down to the last merge-pass, with 1 segments left of total size: 468 bytes
2022-10-17 16:26:33,072 INFO  [pool-14-thread-1] reduce.MergeManagerImpl (MergeManagerImpl.java:finalMerge(762)) - Merged 1 segments, 478 bytes to disk to satisfy reduce memory limit
2022-10-17 16:26:33,072 INFO  [pool-14-thread-1] reduce.MergeManagerImpl (MergeManagerImpl.java:finalMerge(792)) - Merging 1 files, 482 bytes from disk
2022-10-17 16:26:33,072 INFO  [pool-14-thread-1] reduce.MergeManagerImpl (MergeManagerImpl.java:finalMerge(807)) - Merging 0 segments, 0 bytes from memory into reduce
2022-10-17 16:26:33,072 INFO  [pool-14-thread-1] mapred.Merger (Merger.java:merge(606)) - Merging 1 sorted segments
2022-10-17 16:26:33,072 INFO  [pool-14-thread-1] mapred.Merger (Merger.java:merge(705)) - Down to the last merge-pass, with 1 segments left of total size: 468 bytes
2022-10-17 16:26:33,072 INFO  [pool-14-thread-1] mapred.LocalJobRunner (LocalJobRunner.java:statusUpdate(634)) - 1 / 1 copied.
Tag=0
Group=0
VID = 0
Value0= 8
Value1= 9
0,0,0,8,9
Tag=0
Group=1
VID = 1
Value0= 3
Value1= 4
Value2= 6
0,1,1,3,4,6
Tag=0
Group=1
VID = 2
Value0= 4
Value1= 3
0,1,2,4,3
Tag=0
Group=1
VID = 3
Value0= 2
Value1= 1
0,1,3,2,1
Tag=0
Group=1
VID = 4
Value0= 2
Value1= 1
0,1,4,2,1
Tag=0
Group=1
VID = 5
Value0= 6
0,1,5,6
Tag=0
Group=1
VID = 6
Value0= 5
Value1= 7
Value2= 1
0,1,6,5,7,1
Tag=0
Group=1
VID = 7
Value0= 6
0,1,7,6
Tag=0
Group=0
VID = 8
Value0= 0
0,0,8,0
Tag=0
Group=0
VID = 9
Value0= 0
0,0,9,0
2022-10-17 16:26:33,131 INFO  [pool-14-thread-1] mapred.Task (Task.java:done(1244)) - Task:attempt_local1590306003_0004_r_000000_0 is done. And is in the process of committing
2022-10-17 16:26:33,131 INFO  [pool-14-thread-1] mapred.LocalJobRunner (LocalJobRunner.java:statusUpdate(634)) - 1 / 1 copied.
2022-10-17 16:26:33,131 INFO  [pool-14-thread-1] mapred.Task (Task.java:commit(1421)) - Task attempt_local1590306003_0004_r_000000_0 is allowed to commit now
2022-10-17 16:26:33,141 INFO  [pool-14-thread-1] output.FileOutputCommitter (FileOutputCommitter.java:commitTask(606)) - Saved output of task 'attempt_local1590306003_0004_r_000000_0' to file:/home/ajaved/project3/temp/f3
2022-10-17 16:26:33,142 INFO  [pool-14-thread-1] mapred.LocalJobRunner (LocalJobRunner.java:statusUpdate(634)) - reduce > reduce
2022-10-17 16:26:33,142 INFO  [pool-14-thread-1] mapred.Task (Task.java:sendDone(1380)) - Task 'attempt_local1590306003_0004_r_000000_0' done.
2022-10-17 16:26:33,142 INFO  [pool-14-thread-1] mapred.Task (Task.java:done(1276)) - Final Counters for attempt_local1590306003_0004_r_000000_0: Counters: 24
	File System Counters
		FILE: Number of bytes read=37064
		FILE: Number of bytes written=2200256
		FILE: Number of read operations=0
		FILE: Number of large read operations=0
		FILE: Number of write operations=0
	Map-Reduce Framework
		Combine input records=0
		Combine output records=0
		Reduce input groups=10
		Reduce shuffle bytes=482
		Reduce input records=28
		Reduce output records=10
		Spilled Records=28
		Shuffled Maps =1
		Failed Shuffles=0
		Merged Map outputs=1
		GC time elapsed (ms)=0
		Total committed heap usage (bytes)=2147483648
	Shuffle Errors
		BAD_ID=0
		CONNECTION=0
		IO_ERROR=0
		WRONG_LENGTH=0
		WRONG_MAP=0
		WRONG_REDUCE=0
	File Output Format Counters 
		Bytes Written=345
2022-10-17 16:26:33,142 INFO  [pool-14-thread-1] mapred.LocalJobRunner (LocalJobRunner.java:run(353)) - Finishing task: attempt_local1590306003_0004_r_000000_0
2022-10-17 16:26:33,142 INFO  [Thread-21] mapred.LocalJobRunner (LocalJobRunner.java:runTasks(486)) - reduce task executor complete.
2022-10-17 16:26:33,965 INFO  [main] mapreduce.Job (Job.java:monitorAndPrintJob(1635)) - Job job_local1590306003_0004 running in uber mode : false
2022-10-17 16:26:33,965 INFO  [main] mapreduce.Job (Job.java:monitorAndPrintJob(1642)) -  map 100% reduce 100%
2022-10-17 16:26:33,965 INFO  [main] mapreduce.Job (Job.java:monitorAndPrintJob(1653)) - Job job_local1590306003_0004 completed successfully
2022-10-17 16:26:33,967 INFO  [main] mapreduce.Job (Job.java:monitorAndPrintJob(1660)) - Counters: 30
	File System Counters
		FILE: Number of bytes read=73132
		FILE: Number of bytes written=4399685
		FILE: Number of read operations=0
		FILE: Number of large read operations=0
		FILE: Number of write operations=0
	Map-Reduce Framework
		Map input records=10
		Map output records=28
		Map output bytes=420
		Map output materialized bytes=482
		Input split bytes=112
		Combine input records=0
		Combine output records=0
		Reduce input groups=10
		Reduce shuffle bytes=482
		Reduce input records=28
		Reduce output records=10
		Spilled Records=56
		Shuffled Maps =1
		Failed Shuffles=0
		Merged Map outputs=1
		GC time elapsed (ms)=0
		Total committed heap usage (bytes)=4294967296
	Shuffle Errors
		BAD_ID=0
		CONNECTION=0
		IO_ERROR=0
		WRONG_LENGTH=0
		WRONG_MAP=0
		WRONG_REDUCE=0
	File Input Format Counters 
		Bytes Read=345
	File Output Format Counters 
		Bytes Written=345
2022-10-17 16:26:33,976 WARN  [main] impl.MetricsSystemImpl (MetricsSystemImpl.java:init(151)) - JobTracker metrics system already initialized!
2022-10-17 16:26:33,978 WARN  [main] mapreduce.JobResourceUploader (JobResourceUploader.java:uploadResourcesInternal(149)) - Hadoop command-line option parsing not performed. Implement the Tool interface and execute your application with ToolRunner to remedy this.
2022-10-17 16:26:33,980 INFO  [main] input.FileInputFormat (FileInputFormat.java:listStatus(292)) - Total input files to process : 1
2022-10-17 16:26:33,981 INFO  [main] mapreduce.JobSubmitter (JobSubmitter.java:submitJobInternal(202)) - number of splits:1
2022-10-17 16:26:33,989 INFO  [main] mapreduce.JobSubmitter (JobSubmitter.java:printTokens(298)) - Submitting tokens for job: job_local385052111_0005
2022-10-17 16:26:33,989 INFO  [main] mapreduce.JobSubmitter (JobSubmitter.java:printTokens(299)) - Executing with tokens: []
2022-10-17 16:26:34,043 INFO  [main] mapreduce.Job (Job.java:submit(1569)) - The url to track the job: http://localhost:8080/
2022-10-17 16:26:34,043 INFO  [Thread-28] mapred.LocalJobRunner (LocalJobRunner.java:createOutputCommitter(501)) - OutputCommitter set in config null
2022-10-17 16:26:34,044 INFO  [main] mapreduce.Job (Job.java:monitorAndPrintJob(1614)) - Running job: job_local385052111_0005
2022-10-17 16:26:34,044 INFO  [Thread-28] output.FileOutputCommitter (FileOutputCommitter.java:<init>(141)) - File Output Committer Algorithm version is 2
2022-10-17 16:26:34,044 INFO  [Thread-28] output.FileOutputCommitter (FileOutputCommitter.java:<init>(156)) - FileOutputCommitter skip cleanup _temporary folders under output directory:false, ignore cleanup failures: false
2022-10-17 16:26:34,044 INFO  [Thread-28] mapred.LocalJobRunner (LocalJobRunner.java:createOutputCommitter(519)) - OutputCommitter is org.apache.hadoop.mapreduce.lib.output.FileOutputCommitter
2022-10-17 16:26:34,120 INFO  [Thread-28] mapred.LocalJobRunner (LocalJobRunner.java:runTasks(478)) - Waiting for map tasks
2022-10-17 16:26:34,120 INFO  [LocalJobRunner Map Task Executor #0] mapred.LocalJobRunner (LocalJobRunner.java:run(252)) - Starting task: attempt_local385052111_0005_m_000000_0
2022-10-17 16:26:34,121 INFO  [LocalJobRunner Map Task Executor #0] output.FileOutputCommitter (FileOutputCommitter.java:<init>(141)) - File Output Committer Algorithm version is 2
2022-10-17 16:26:34,121 INFO  [LocalJobRunner Map Task Executor #0] output.FileOutputCommitter (FileOutputCommitter.java:<init>(156)) - FileOutputCommitter skip cleanup _temporary folders under output directory:false, ignore cleanup failures: false
2022-10-17 16:26:34,121 INFO  [LocalJobRunner Map Task Executor #0] mapred.Task (Task.java:initialize(626)) -  Using ResourceCalculatorProcessTree : [ ]
2022-10-17 16:26:34,122 INFO  [LocalJobRunner Map Task Executor #0] mapred.MapTask (MapTask.java:runNewMapper(768)) - Processing split: file:/home/ajaved/project3/temp/f3/part-r-00000:0+333
2022-10-17 16:26:34,130 INFO  [LocalJobRunner Map Task Executor #0] mapred.MapTask (MapTask.java:setEquator(1219)) - (EQUATOR) 0 kvi 26214396(104857584)
2022-10-17 16:26:34,130 INFO  [LocalJobRunner Map Task Executor #0] mapred.MapTask (MapTask.java:init(1012)) - mapreduce.task.io.sort.mb: 100
2022-10-17 16:26:34,130 INFO  [LocalJobRunner Map Task Executor #0] mapred.MapTask (MapTask.java:init(1013)) - soft limit at 83886080
2022-10-17 16:26:34,130 INFO  [LocalJobRunner Map Task Executor #0] mapred.MapTask (MapTask.java:init(1014)) - bufstart = 0; bufvoid = 104857600
2022-10-17 16:26:34,130 INFO  [LocalJobRunner Map Task Executor #0] mapred.MapTask (MapTask.java:init(1015)) - kvstart = 26214396; length = 6553600
2022-10-17 16:26:34,131 INFO  [LocalJobRunner Map Task Executor #0] mapred.MapTask (MapTask.java:createSortingCollector(409)) - Map output collector class = org.apache.hadoop.mapred.MapTask$MapOutputBuffer
Tag=0
Group=0
VID = 0
Value0= 8
Value1= 9
GroupMapper
0,0,0,8,9
2
1,0
1,0
Tag=0
Group=1
VID = 1
Value0= 3
Value1= 4
Value2= 6
GroupMapper
0,1,1,3,4,6
3
1,1
1,1
1,1
Tag=0
Group=1
VID = 2
Value0= 4
Value1= 3
GroupMapper
0,1,2,4,3
2
1,1
1,1
Tag=0
Group=1
VID = 3
Value0= 2
Value1= 1
GroupMapper
0,1,3,2,1
2
1,1
1,1
Tag=0
Group=1
VID = 4
Value0= 2
Value1= 1
GroupMapper
0,1,4,2,1
2
1,1
1,1
Tag=0
Group=1
VID = 5
Value0= 6
GroupMapper
0,1,5,6
1
1,1
Tag=0
Group=1
VID = 6
Value0= 5
Value1= 7
Value2= 1
GroupMapper
0,1,6,5,7,1
3
1,1
1,1
1,1
Tag=0
Group=1
VID = 7
Value0= 6
GroupMapper
0,1,7,6
1
1,1
Tag=0
Group=0
VID = 8
Value0= 0
GroupMapper
0,0,8,0
1
1,0
Tag=0
Group=0
VID = 9
Value0= 0
GroupMapper
0,0,9,0
1
1,0
2022-10-17 16:26:34,133 INFO  [LocalJobRunner Map Task Executor #0] mapred.LocalJobRunner (LocalJobRunner.java:statusUpdate(634)) - 
2022-10-17 16:26:34,133 INFO  [LocalJobRunner Map Task Executor #0] mapred.MapTask (MapTask.java:flush(1476)) - Starting flush of map output
2022-10-17 16:26:34,134 INFO  [LocalJobRunner Map Task Executor #0] mapred.MapTask (MapTask.java:flush(1498)) - Spilling map output
2022-10-17 16:26:34,134 INFO  [LocalJobRunner Map Task Executor #0] mapred.MapTask (MapTask.java:flush(1499)) - bufstart = 0; bufend = 420; bufvoid = 104857600
2022-10-17 16:26:34,134 INFO  [LocalJobRunner Map Task Executor #0] mapred.MapTask (MapTask.java:flush(1501)) - kvstart = 26214396(104857584); kvend = 26214288(104857152); length = 109/6553600
2022-10-17 16:26:34,134 INFO  [LocalJobRunner Map Task Executor #0] mapred.MapTask (MapTask.java:sortAndSpill(1696)) - Finished spill 0
2022-10-17 16:26:34,135 INFO  [LocalJobRunner Map Task Executor #0] mapred.Task (Task.java:done(1244)) - Task:attempt_local385052111_0005_m_000000_0 is done. And is in the process of committing
2022-10-17 16:26:34,136 INFO  [LocalJobRunner Map Task Executor #0] mapred.LocalJobRunner (LocalJobRunner.java:statusUpdate(634)) - map
2022-10-17 16:26:34,136 INFO  [LocalJobRunner Map Task Executor #0] mapred.Task (Task.java:sendDone(1380)) - Task 'attempt_local385052111_0005_m_000000_0' done.
2022-10-17 16:26:34,136 INFO  [LocalJobRunner Map Task Executor #0] mapred.Task (Task.java:done(1276)) - Final Counters for attempt_local385052111_0005_m_000000_0: Counters: 17
	File System Counters
		FILE: Number of bytes read=45657
		FILE: Number of bytes written=2750061
		FILE: Number of read operations=0
		FILE: Number of large read operations=0
		FILE: Number of write operations=0
	Map-Reduce Framework
		Map input records=10
		Map output records=28
		Map output bytes=420
		Map output materialized bytes=482
		Input split bytes=112
		Combine input records=0
		Spilled Records=28
		Failed Shuffles=0
		Merged Map outputs=0
		GC time elapsed (ms)=0
		Total committed heap usage (bytes)=2147483648
	File Input Format Counters 
		Bytes Read=345
2022-10-17 16:26:34,136 INFO  [LocalJobRunner Map Task Executor #0] mapred.LocalJobRunner (LocalJobRunner.java:run(277)) - Finishing task: attempt_local385052111_0005_m_000000_0
2022-10-17 16:26:34,136 INFO  [Thread-28] mapred.LocalJobRunner (LocalJobRunner.java:runTasks(486)) - map task executor complete.
2022-10-17 16:26:34,137 INFO  [Thread-28] mapred.LocalJobRunner (LocalJobRunner.java:runTasks(478)) - Waiting for reduce tasks
2022-10-17 16:26:34,137 INFO  [pool-17-thread-1] mapred.LocalJobRunner (LocalJobRunner.java:run(330)) - Starting task: attempt_local385052111_0005_r_000000_0
2022-10-17 16:26:34,138 INFO  [pool-17-thread-1] output.FileOutputCommitter (FileOutputCommitter.java:<init>(141)) - File Output Committer Algorithm version is 2
2022-10-17 16:26:34,139 INFO  [pool-17-thread-1] output.FileOutputCommitter (FileOutputCommitter.java:<init>(156)) - FileOutputCommitter skip cleanup _temporary folders under output directory:false, ignore cleanup failures: false
2022-10-17 16:26:34,139 INFO  [pool-17-thread-1] mapred.Task (Task.java:initialize(626)) -  Using ResourceCalculatorProcessTree : [ ]
2022-10-17 16:26:34,139 INFO  [pool-17-thread-1] mapred.ReduceTask (ReduceTask.java:run(363)) - Using ShuffleConsumerPlugin: org.apache.hadoop.mapreduce.task.reduce.Shuffle@7be3a00d
2022-10-17 16:26:34,139 WARN  [pool-17-thread-1] impl.MetricsSystemImpl (MetricsSystemImpl.java:init(151)) - JobTracker metrics system already initialized!
2022-10-17 16:26:34,140 INFO  [pool-17-thread-1] reduce.MergeManagerImpl (MergeManagerImpl.java:<init>(198)) - The max number of bytes for a single in-memory shuffle cannot be larger than Integer.MAX_VALUE. Setting it to Integer.MAX_VALUE
2022-10-17 16:26:34,140 INFO  [pool-17-thread-1] reduce.MergeManagerImpl (MergeManagerImpl.java:<init>(208)) - MergerManager: memoryLimit=22525089792, maxSingleShuffleLimit=2147483647, mergeThreshold=14866560000, ioSortFactor=10, memToMemMergeOutputsThreshold=10
2022-10-17 16:26:34,140 INFO  [EventFetcher for fetching Map Completion Events] reduce.EventFetcher (EventFetcher.java:run(61)) - attempt_local385052111_0005_r_000000_0 Thread started: EventFetcher for fetching Map Completion Events
2022-10-17 16:26:34,141 INFO  [localfetcher#4] reduce.LocalFetcher (LocalFetcher.java:copyMapOutput(145)) - localfetcher#4 about to shuffle output of map attempt_local385052111_0005_m_000000_0 decomp: 478 len: 482 to MEMORY
2022-10-17 16:26:34,141 INFO  [localfetcher#4] reduce.InMemoryMapOutput (InMemoryMapOutput.java:doShuffle(94)) - Read 478 bytes from map-output for attempt_local385052111_0005_m_000000_0
2022-10-17 16:26:34,141 INFO  [localfetcher#4] reduce.MergeManagerImpl (MergeManagerImpl.java:closeInMemoryFile(323)) - closeInMemoryFile -> map-output of size: 478, inMemoryMapOutputs.size() -> 1, commitMemory -> 0, usedMemory ->478
2022-10-17 16:26:34,142 INFO  [EventFetcher for fetching Map Completion Events] reduce.EventFetcher (EventFetcher.java:run(76)) - EventFetcher is interrupted.. Returning
2022-10-17 16:26:34,142 INFO  [pool-17-thread-1] mapred.LocalJobRunner (LocalJobRunner.java:statusUpdate(634)) - 1 / 1 copied.
2022-10-17 16:26:34,142 INFO  [pool-17-thread-1] reduce.MergeManagerImpl (MergeManagerImpl.java:finalMerge(695)) - finalMerge called with 1 in-memory map-outputs and 0 on-disk map-outputs
2022-10-17 16:26:34,143 INFO  [pool-17-thread-1] mapred.Merger (Merger.java:merge(606)) - Merging 1 sorted segments
2022-10-17 16:26:34,143 INFO  [pool-17-thread-1] mapred.Merger (Merger.java:merge(705)) - Down to the last merge-pass, with 1 segments left of total size: 468 bytes
2022-10-17 16:26:34,144 INFO  [pool-17-thread-1] reduce.MergeManagerImpl (MergeManagerImpl.java:finalMerge(762)) - Merged 1 segments, 478 bytes to disk to satisfy reduce memory limit
2022-10-17 16:26:34,144 INFO  [pool-17-thread-1] reduce.MergeManagerImpl (MergeManagerImpl.java:finalMerge(792)) - Merging 1 files, 482 bytes from disk
2022-10-17 16:26:34,144 INFO  [pool-17-thread-1] reduce.MergeManagerImpl (MergeManagerImpl.java:finalMerge(807)) - Merging 0 segments, 0 bytes from memory into reduce
2022-10-17 16:26:34,144 INFO  [pool-17-thread-1] mapred.Merger (Merger.java:merge(606)) - Merging 1 sorted segments
2022-10-17 16:26:34,144 INFO  [pool-17-thread-1] mapred.Merger (Merger.java:merge(705)) - Down to the last merge-pass, with 1 segments left of total size: 468 bytes
2022-10-17 16:26:34,144 INFO  [pool-17-thread-1] mapred.LocalJobRunner (LocalJobRunner.java:statusUpdate(634)) - 1 / 1 copied.
Tag=0
Group=0
VID = 0
Value0= 8
Value1= 9
0,0,0,8,9
Tag=0
Group=1
VID = 1
Value0= 3
Value1= 4
Value2= 6
0,1,1,3,4,6
Tag=0
Group=1
VID = 2
Value0= 4
Value1= 3
0,1,2,4,3
Tag=0
Group=1
VID = 3
Value0= 2
Value1= 1
0,1,3,2,1
Tag=0
Group=1
VID = 4
Value0= 2
Value1= 1
0,1,4,2,1
Tag=0
Group=1
VID = 5
Value0= 6
0,1,5,6
Tag=0
Group=1
VID = 6
Value0= 5
Value1= 7
Value2= 1
0,1,6,5,7,1
Tag=0
Group=1
VID = 7
Value0= 6
0,1,7,6
Tag=0
Group=0
VID = 8
Value0= 0
0,0,8,0
Tag=0
Group=0
VID = 9
Value0= 0
0,0,9,0
2022-10-17 16:26:34,250 INFO  [pool-17-thread-1] mapred.Task (Task.java:done(1244)) - Task:attempt_local385052111_0005_r_000000_0 is done. And is in the process of committing
2022-10-17 16:26:34,251 INFO  [pool-17-thread-1] mapred.LocalJobRunner (LocalJobRunner.java:statusUpdate(634)) - 1 / 1 copied.
2022-10-17 16:26:34,251 INFO  [pool-17-thread-1] mapred.Task (Task.java:commit(1421)) - Task attempt_local385052111_0005_r_000000_0 is allowed to commit now
2022-10-17 16:26:34,270 INFO  [pool-17-thread-1] output.FileOutputCommitter (FileOutputCommitter.java:commitTask(606)) - Saved output of task 'attempt_local385052111_0005_r_000000_0' to file:/home/ajaved/project3/temp/f4
2022-10-17 16:26:34,270 INFO  [pool-17-thread-1] mapred.LocalJobRunner (LocalJobRunner.java:statusUpdate(634)) - reduce > reduce
2022-10-17 16:26:34,270 INFO  [pool-17-thread-1] mapred.Task (Task.java:sendDone(1380)) - Task 'attempt_local385052111_0005_r_000000_0' done.
2022-10-17 16:26:34,270 INFO  [pool-17-thread-1] mapred.Task (Task.java:done(1276)) - Final Counters for attempt_local385052111_0005_r_000000_0: Counters: 24
	File System Counters
		FILE: Number of bytes read=46653
		FILE: Number of bytes written=2750888
		FILE: Number of read operations=0
		FILE: Number of large read operations=0
		FILE: Number of write operations=0
	Map-Reduce Framework
		Combine input records=0
		Combine output records=0
		Reduce input groups=10
		Reduce shuffle bytes=482
		Reduce input records=28
		Reduce output records=10
		Spilled Records=28
		Shuffled Maps =1
		Failed Shuffles=0
		Merged Map outputs=1
		GC time elapsed (ms)=0
		Total committed heap usage (bytes)=2147483648
	Shuffle Errors
		BAD_ID=0
		CONNECTION=0
		IO_ERROR=0
		WRONG_LENGTH=0
		WRONG_MAP=0
		WRONG_REDUCE=0
	File Output Format Counters 
		Bytes Written=345
2022-10-17 16:26:34,270 INFO  [pool-17-thread-1] mapred.LocalJobRunner (LocalJobRunner.java:run(353)) - Finishing task: attempt_local385052111_0005_r_000000_0
2022-10-17 16:26:34,270 INFO  [Thread-28] mapred.LocalJobRunner (LocalJobRunner.java:runTasks(486)) - reduce task executor complete.
2022-10-17 16:26:35,044 INFO  [main] mapreduce.Job (Job.java:monitorAndPrintJob(1635)) - Job job_local385052111_0005 running in uber mode : false
2022-10-17 16:26:35,044 INFO  [main] mapreduce.Job (Job.java:monitorAndPrintJob(1642)) -  map 100% reduce 100%
2022-10-17 16:26:35,044 INFO  [main] mapreduce.Job (Job.java:monitorAndPrintJob(1653)) - Job job_local385052111_0005 completed successfully
2022-10-17 16:26:35,046 INFO  [main] mapreduce.Job (Job.java:monitorAndPrintJob(1660)) - Counters: 30
	File System Counters
		FILE: Number of bytes read=92310
		FILE: Number of bytes written=5500949
		FILE: Number of read operations=0
		FILE: Number of large read operations=0
		FILE: Number of write operations=0
	Map-Reduce Framework
		Map input records=10
		Map output records=28
		Map output bytes=420
		Map output materialized bytes=482
		Input split bytes=112
		Combine input records=0
		Combine output records=0
		Reduce input groups=10
		Reduce shuffle bytes=482
		Reduce input records=28
		Reduce output records=10
		Spilled Records=56
		Shuffled Maps =1
		Failed Shuffles=0
		Merged Map outputs=1
		GC time elapsed (ms)=0
		Total committed heap usage (bytes)=4294967296
	Shuffle Errors
		BAD_ID=0
		CONNECTION=0
		IO_ERROR=0
		WRONG_LENGTH=0
		WRONG_MAP=0
		WRONG_REDUCE=0
	File Input Format Counters 
		Bytes Read=345
	File Output Format Counters 
		Bytes Written=345
2022-10-17 16:26:35,055 WARN  [main] impl.MetricsSystemImpl (MetricsSystemImpl.java:init(151)) - JobTracker metrics system already initialized!
2022-10-17 16:26:35,056 WARN  [main] mapreduce.JobResourceUploader (JobResourceUploader.java:uploadResourcesInternal(149)) - Hadoop command-line option parsing not performed. Implement the Tool interface and execute your application with ToolRunner to remedy this.
2022-10-17 16:26:35,058 INFO  [main] input.FileInputFormat (FileInputFormat.java:listStatus(292)) - Total input files to process : 1
2022-10-17 16:26:35,059 INFO  [main] mapreduce.JobSubmitter (JobSubmitter.java:submitJobInternal(202)) - number of splits:1
2022-10-17 16:26:35,065 INFO  [main] mapreduce.JobSubmitter (JobSubmitter.java:printTokens(298)) - Submitting tokens for job: job_local1178039138_0006
2022-10-17 16:26:35,065 INFO  [main] mapreduce.JobSubmitter (JobSubmitter.java:printTokens(299)) - Executing with tokens: []
2022-10-17 16:26:35,101 INFO  [main] mapreduce.Job (Job.java:submit(1569)) - The url to track the job: http://localhost:8080/
2022-10-17 16:26:35,101 INFO  [Thread-35] mapred.LocalJobRunner (LocalJobRunner.java:createOutputCommitter(501)) - OutputCommitter set in config null
2022-10-17 16:26:35,101 INFO  [main] mapreduce.Job (Job.java:monitorAndPrintJob(1614)) - Running job: job_local1178039138_0006
2022-10-17 16:26:35,101 INFO  [Thread-35] output.FileOutputCommitter (FileOutputCommitter.java:<init>(141)) - File Output Committer Algorithm version is 2
2022-10-17 16:26:35,102 INFO  [Thread-35] output.FileOutputCommitter (FileOutputCommitter.java:<init>(156)) - FileOutputCommitter skip cleanup _temporary folders under output directory:false, ignore cleanup failures: false
2022-10-17 16:26:35,102 INFO  [Thread-35] mapred.LocalJobRunner (LocalJobRunner.java:createOutputCommitter(519)) - OutputCommitter is org.apache.hadoop.mapreduce.lib.output.FileOutputCommitter
2022-10-17 16:26:35,177 INFO  [Thread-35] mapred.LocalJobRunner (LocalJobRunner.java:runTasks(478)) - Waiting for map tasks
2022-10-17 16:26:35,177 INFO  [LocalJobRunner Map Task Executor #0] mapred.LocalJobRunner (LocalJobRunner.java:run(252)) - Starting task: attempt_local1178039138_0006_m_000000_0
2022-10-17 16:26:35,178 INFO  [LocalJobRunner Map Task Executor #0] output.FileOutputCommitter (FileOutputCommitter.java:<init>(141)) - File Output Committer Algorithm version is 2
2022-10-17 16:26:35,178 INFO  [LocalJobRunner Map Task Executor #0] output.FileOutputCommitter (FileOutputCommitter.java:<init>(156)) - FileOutputCommitter skip cleanup _temporary folders under output directory:false, ignore cleanup failures: false
2022-10-17 16:26:35,178 INFO  [LocalJobRunner Map Task Executor #0] mapred.Task (Task.java:initialize(626)) -  Using ResourceCalculatorProcessTree : [ ]
2022-10-17 16:26:35,179 INFO  [LocalJobRunner Map Task Executor #0] mapred.MapTask (MapTask.java:runNewMapper(768)) - Processing split: file:/home/ajaved/project3/temp/f4/part-r-00000:0+333
2022-10-17 16:26:35,186 INFO  [LocalJobRunner Map Task Executor #0] mapred.MapTask (MapTask.java:setEquator(1219)) - (EQUATOR) 0 kvi 26214396(104857584)
2022-10-17 16:26:35,186 INFO  [LocalJobRunner Map Task Executor #0] mapred.MapTask (MapTask.java:init(1012)) - mapreduce.task.io.sort.mb: 100
2022-10-17 16:26:35,186 INFO  [LocalJobRunner Map Task Executor #0] mapred.MapTask (MapTask.java:init(1013)) - soft limit at 83886080
2022-10-17 16:26:35,186 INFO  [LocalJobRunner Map Task Executor #0] mapred.MapTask (MapTask.java:init(1014)) - bufstart = 0; bufvoid = 104857600
2022-10-17 16:26:35,186 INFO  [LocalJobRunner Map Task Executor #0] mapred.MapTask (MapTask.java:init(1015)) - kvstart = 26214396; length = 6553600
2022-10-17 16:26:35,187 INFO  [LocalJobRunner Map Task Executor #0] mapred.MapTask (MapTask.java:createSortingCollector(409)) - Map output collector class = org.apache.hadoop.mapred.MapTask$MapOutputBuffer
Tag=0
Group=0
VID = 0
Value0= 8
Value1= 9
GroupMapper
0,0,0,8,9
2
1,0
1,0
Tag=0
Group=1
VID = 1
Value0= 3
Value1= 4
Value2= 6
GroupMapper
0,1,1,3,4,6
3
1,1
1,1
1,1
Tag=0
Group=1
VID = 2
Value0= 4
Value1= 3
GroupMapper
0,1,2,4,3
2
1,1
1,1
Tag=0
Group=1
VID = 3
Value0= 2
Value1= 1
GroupMapper
0,1,3,2,1
2
1,1
1,1
Tag=0
Group=1
VID = 4
Value0= 2
Value1= 1
GroupMapper
0,1,4,2,1
2
1,1
1,1
Tag=0
Group=1
VID = 5
Value0= 6
GroupMapper
0,1,5,6
1
1,1
Tag=0
Group=1
VID = 6
Value0= 5
Value1= 7
Value2= 1
GroupMapper
0,1,6,5,7,1
3
1,1
1,1
1,1
Tag=0
Group=1
VID = 7
Value0= 6
GroupMapper
0,1,7,6
1
1,1
Tag=0
Group=0
VID = 8
Value0= 0
GroupMapper
0,0,8,0
1
1,0
Tag=0
Group=0
VID = 9
Value0= 0
GroupMapper
0,0,9,0
1
1,0
2022-10-17 16:26:35,189 INFO  [LocalJobRunner Map Task Executor #0] mapred.LocalJobRunner (LocalJobRunner.java:statusUpdate(634)) - 
2022-10-17 16:26:35,189 INFO  [LocalJobRunner Map Task Executor #0] mapred.MapTask (MapTask.java:flush(1476)) - Starting flush of map output
2022-10-17 16:26:35,189 INFO  [LocalJobRunner Map Task Executor #0] mapred.MapTask (MapTask.java:flush(1498)) - Spilling map output
2022-10-17 16:26:35,189 INFO  [LocalJobRunner Map Task Executor #0] mapred.MapTask (MapTask.java:flush(1499)) - bufstart = 0; bufend = 420; bufvoid = 104857600
2022-10-17 16:26:35,189 INFO  [LocalJobRunner Map Task Executor #0] mapred.MapTask (MapTask.java:flush(1501)) - kvstart = 26214396(104857584); kvend = 26214288(104857152); length = 109/6553600
2022-10-17 16:26:35,190 INFO  [LocalJobRunner Map Task Executor #0] mapred.MapTask (MapTask.java:sortAndSpill(1696)) - Finished spill 0
2022-10-17 16:26:35,191 INFO  [LocalJobRunner Map Task Executor #0] mapred.Task (Task.java:done(1244)) - Task:attempt_local1178039138_0006_m_000000_0 is done. And is in the process of committing
2022-10-17 16:26:35,191 INFO  [LocalJobRunner Map Task Executor #0] mapred.LocalJobRunner (LocalJobRunner.java:statusUpdate(634)) - map
2022-10-17 16:26:35,191 INFO  [LocalJobRunner Map Task Executor #0] mapred.Task (Task.java:sendDone(1380)) - Task 'attempt_local1178039138_0006_m_000000_0' done.
2022-10-17 16:26:35,192 INFO  [LocalJobRunner Map Task Executor #0] mapred.Task (Task.java:done(1276)) - Final Counters for attempt_local1178039138_0006_m_000000_0: Counters: 17
	File System Counters
		FILE: Number of bytes read=55246
		FILE: Number of bytes written=3303321
		FILE: Number of read operations=0
		FILE: Number of large read operations=0
		FILE: Number of write operations=0
	Map-Reduce Framework
		Map input records=10
		Map output records=28
		Map output bytes=420
		Map output materialized bytes=482
		Input split bytes=112
		Combine input records=0
		Spilled Records=28
		Failed Shuffles=0
		Merged Map outputs=0
		GC time elapsed (ms)=0
		Total committed heap usage (bytes)=2147483648
	File Input Format Counters 
		Bytes Read=345
2022-10-17 16:26:35,192 INFO  [LocalJobRunner Map Task Executor #0] mapred.LocalJobRunner (LocalJobRunner.java:run(277)) - Finishing task: attempt_local1178039138_0006_m_000000_0
2022-10-17 16:26:35,192 INFO  [Thread-35] mapred.LocalJobRunner (LocalJobRunner.java:runTasks(486)) - map task executor complete.
2022-10-17 16:26:35,192 INFO  [Thread-35] mapred.LocalJobRunner (LocalJobRunner.java:runTasks(478)) - Waiting for reduce tasks
2022-10-17 16:26:35,193 INFO  [pool-20-thread-1] mapred.LocalJobRunner (LocalJobRunner.java:run(330)) - Starting task: attempt_local1178039138_0006_r_000000_0
2022-10-17 16:26:35,193 INFO  [pool-20-thread-1] output.FileOutputCommitter (FileOutputCommitter.java:<init>(141)) - File Output Committer Algorithm version is 2
2022-10-17 16:26:35,193 INFO  [pool-20-thread-1] output.FileOutputCommitter (FileOutputCommitter.java:<init>(156)) - FileOutputCommitter skip cleanup _temporary folders under output directory:false, ignore cleanup failures: false
2022-10-17 16:26:35,194 INFO  [pool-20-thread-1] mapred.Task (Task.java:initialize(626)) -  Using ResourceCalculatorProcessTree : [ ]
2022-10-17 16:26:35,194 INFO  [pool-20-thread-1] mapred.ReduceTask (ReduceTask.java:run(363)) - Using ShuffleConsumerPlugin: org.apache.hadoop.mapreduce.task.reduce.Shuffle@14f10f9e
2022-10-17 16:26:35,194 WARN  [pool-20-thread-1] impl.MetricsSystemImpl (MetricsSystemImpl.java:init(151)) - JobTracker metrics system already initialized!
2022-10-17 16:26:35,194 INFO  [pool-20-thread-1] reduce.MergeManagerImpl (MergeManagerImpl.java:<init>(198)) - The max number of bytes for a single in-memory shuffle cannot be larger than Integer.MAX_VALUE. Setting it to Integer.MAX_VALUE
2022-10-17 16:26:35,194 INFO  [pool-20-thread-1] reduce.MergeManagerImpl (MergeManagerImpl.java:<init>(208)) - MergerManager: memoryLimit=22525089792, maxSingleShuffleLimit=2147483647, mergeThreshold=14866560000, ioSortFactor=10, memToMemMergeOutputsThreshold=10
2022-10-17 16:26:35,195 INFO  [EventFetcher for fetching Map Completion Events] reduce.EventFetcher (EventFetcher.java:run(61)) - attempt_local1178039138_0006_r_000000_0 Thread started: EventFetcher for fetching Map Completion Events
2022-10-17 16:26:35,196 INFO  [localfetcher#5] reduce.LocalFetcher (LocalFetcher.java:copyMapOutput(145)) - localfetcher#5 about to shuffle output of map attempt_local1178039138_0006_m_000000_0 decomp: 478 len: 482 to MEMORY
2022-10-17 16:26:35,196 INFO  [localfetcher#5] reduce.InMemoryMapOutput (InMemoryMapOutput.java:doShuffle(94)) - Read 478 bytes from map-output for attempt_local1178039138_0006_m_000000_0
2022-10-17 16:26:35,196 INFO  [localfetcher#5] reduce.MergeManagerImpl (MergeManagerImpl.java:closeInMemoryFile(323)) - closeInMemoryFile -> map-output of size: 478, inMemoryMapOutputs.size() -> 1, commitMemory -> 0, usedMemory ->478
2022-10-17 16:26:35,196 INFO  [EventFetcher for fetching Map Completion Events] reduce.EventFetcher (EventFetcher.java:run(76)) - EventFetcher is interrupted.. Returning
2022-10-17 16:26:35,197 INFO  [pool-20-thread-1] mapred.LocalJobRunner (LocalJobRunner.java:statusUpdate(634)) - 1 / 1 copied.
2022-10-17 16:26:35,197 INFO  [pool-20-thread-1] reduce.MergeManagerImpl (MergeManagerImpl.java:finalMerge(695)) - finalMerge called with 1 in-memory map-outputs and 0 on-disk map-outputs
2022-10-17 16:26:35,197 INFO  [pool-20-thread-1] mapred.Merger (Merger.java:merge(606)) - Merging 1 sorted segments
2022-10-17 16:26:35,197 INFO  [pool-20-thread-1] mapred.Merger (Merger.java:merge(705)) - Down to the last merge-pass, with 1 segments left of total size: 468 bytes
2022-10-17 16:26:35,198 INFO  [pool-20-thread-1] reduce.MergeManagerImpl (MergeManagerImpl.java:finalMerge(762)) - Merged 1 segments, 478 bytes to disk to satisfy reduce memory limit
2022-10-17 16:26:35,198 INFO  [pool-20-thread-1] reduce.MergeManagerImpl (MergeManagerImpl.java:finalMerge(792)) - Merging 1 files, 482 bytes from disk
2022-10-17 16:26:35,198 INFO  [pool-20-thread-1] reduce.MergeManagerImpl (MergeManagerImpl.java:finalMerge(807)) - Merging 0 segments, 0 bytes from memory into reduce
2022-10-17 16:26:35,198 INFO  [pool-20-thread-1] mapred.Merger (Merger.java:merge(606)) - Merging 1 sorted segments
2022-10-17 16:26:35,198 INFO  [pool-20-thread-1] mapred.Merger (Merger.java:merge(705)) - Down to the last merge-pass, with 1 segments left of total size: 468 bytes
2022-10-17 16:26:35,198 INFO  [pool-20-thread-1] mapred.LocalJobRunner (LocalJobRunner.java:statusUpdate(634)) - 1 / 1 copied.
Tag=0
Group=0
VID = 0
Value0= 8
Value1= 9
0,0,0,8,9
Tag=0
Group=1
VID = 1
Value0= 3
Value1= 4
Value2= 6
0,1,1,3,4,6
Tag=0
Group=1
VID = 2
Value0= 4
Value1= 3
0,1,2,4,3
Tag=0
Group=1
VID = 3
Value0= 2
Value1= 1
0,1,3,2,1
Tag=0
Group=1
VID = 4
Value0= 2
Value1= 1
0,1,4,2,1
Tag=0
Group=1
VID = 5
Value0= 6
0,1,5,6
Tag=0
Group=1
VID = 6
Value0= 5
Value1= 7
Value2= 1
0,1,6,5,7,1
Tag=0
Group=1
VID = 7
Value0= 6
0,1,7,6
Tag=0
Group=0
VID = 8
Value0= 0
0,0,8,0
Tag=0
Group=0
VID = 9
Value0= 0
0,0,9,0
2022-10-17 16:26:35,253 INFO  [pool-20-thread-1] mapred.Task (Task.java:done(1244)) - Task:attempt_local1178039138_0006_r_000000_0 is done. And is in the process of committing
2022-10-17 16:26:35,254 INFO  [pool-20-thread-1] mapred.LocalJobRunner (LocalJobRunner.java:statusUpdate(634)) - 1 / 1 copied.
2022-10-17 16:26:35,254 INFO  [pool-20-thread-1] mapred.Task (Task.java:commit(1421)) - Task attempt_local1178039138_0006_r_000000_0 is allowed to commit now
2022-10-17 16:26:35,262 INFO  [pool-20-thread-1] output.FileOutputCommitter (FileOutputCommitter.java:commitTask(606)) - Saved output of task 'attempt_local1178039138_0006_r_000000_0' to file:/home/ajaved/project3/temp/f5
2022-10-17 16:26:35,262 INFO  [pool-20-thread-1] mapred.LocalJobRunner (LocalJobRunner.java:statusUpdate(634)) - reduce > reduce
2022-10-17 16:26:35,262 INFO  [pool-20-thread-1] mapred.Task (Task.java:sendDone(1380)) - Task 'attempt_local1178039138_0006_r_000000_0' done.
2022-10-17 16:26:35,263 INFO  [pool-20-thread-1] mapred.Task (Task.java:done(1276)) - Final Counters for attempt_local1178039138_0006_r_000000_0: Counters: 24
	File System Counters
		FILE: Number of bytes read=56242
		FILE: Number of bytes written=3304148
		FILE: Number of read operations=0
		FILE: Number of large read operations=0
		FILE: Number of write operations=0
	Map-Reduce Framework
		Combine input records=0
		Combine output records=0
		Reduce input groups=10
		Reduce shuffle bytes=482
		Reduce input records=28
		Reduce output records=10
		Spilled Records=28
		Shuffled Maps =1
		Failed Shuffles=0
		Merged Map outputs=1
		GC time elapsed (ms)=0
		Total committed heap usage (bytes)=2147483648
	Shuffle Errors
		BAD_ID=0
		CONNECTION=0
		IO_ERROR=0
		WRONG_LENGTH=0
		WRONG_MAP=0
		WRONG_REDUCE=0
	File Output Format Counters 
		Bytes Written=345
2022-10-17 16:26:35,263 INFO  [pool-20-thread-1] mapred.LocalJobRunner (LocalJobRunner.java:run(353)) - Finishing task: attempt_local1178039138_0006_r_000000_0
2022-10-17 16:26:35,263 INFO  [Thread-35] mapred.LocalJobRunner (LocalJobRunner.java:runTasks(486)) - reduce task executor complete.
2022-10-17 16:26:36,102 INFO  [main] mapreduce.Job (Job.java:monitorAndPrintJob(1635)) - Job job_local1178039138_0006 running in uber mode : false
2022-10-17 16:26:36,102 INFO  [main] mapreduce.Job (Job.java:monitorAndPrintJob(1642)) -  map 100% reduce 100%
2022-10-17 16:26:36,102 INFO  [main] mapreduce.Job (Job.java:monitorAndPrintJob(1653)) - Job job_local1178039138_0006 completed successfully
2022-10-17 16:26:36,104 INFO  [main] mapreduce.Job (Job.java:monitorAndPrintJob(1660)) - Counters: 30
	File System Counters
		FILE: Number of bytes read=111488
		FILE: Number of bytes written=6607469
		FILE: Number of read operations=0
		FILE: Number of large read operations=0
		FILE: Number of write operations=0
	Map-Reduce Framework
		Map input records=10
		Map output records=28
		Map output bytes=420
		Map output materialized bytes=482
		Input split bytes=112
		Combine input records=0
		Combine output records=0
		Reduce input groups=10
		Reduce shuffle bytes=482
		Reduce input records=28
		Reduce output records=10
		Spilled Records=56
		Shuffled Maps =1
		Failed Shuffles=0
		Merged Map outputs=1
		GC time elapsed (ms)=0
		Total committed heap usage (bytes)=4294967296
	Shuffle Errors
		BAD_ID=0
		CONNECTION=0
		IO_ERROR=0
		WRONG_LENGTH=0
		WRONG_MAP=0
		WRONG_REDUCE=0
	File Input Format Counters 
		Bytes Read=345
	File Output Format Counters 
		Bytes Written=345
Starting Job 3
2022-10-17 16:26:36,115 WARN  [main] impl.MetricsSystemImpl (MetricsSystemImpl.java:init(151)) - JobTracker metrics system already initialized!
2022-10-17 16:26:36,116 WARN  [main] mapreduce.JobResourceUploader (JobResourceUploader.java:uploadResourcesInternal(149)) - Hadoop command-line option parsing not performed. Implement the Tool interface and execute your application with ToolRunner to remedy this.
2022-10-17 16:26:36,118 INFO  [main] input.FileInputFormat (FileInputFormat.java:listStatus(292)) - Total input files to process : 1
2022-10-17 16:26:36,119 INFO  [main] mapreduce.JobSubmitter (JobSubmitter.java:submitJobInternal(202)) - number of splits:1
2022-10-17 16:26:36,125 INFO  [main] mapreduce.JobSubmitter (JobSubmitter.java:printTokens(298)) - Submitting tokens for job: job_local584512700_0007
2022-10-17 16:26:36,125 INFO  [main] mapreduce.JobSubmitter (JobSubmitter.java:printTokens(299)) - Executing with tokens: []
2022-10-17 16:26:36,161 INFO  [main] mapreduce.Job (Job.java:submit(1569)) - The url to track the job: http://localhost:8080/
2022-10-17 16:26:36,161 INFO  [main] mapreduce.Job (Job.java:monitorAndPrintJob(1614)) - Running job: job_local584512700_0007
2022-10-17 16:26:36,161 INFO  [Thread-42] mapred.LocalJobRunner (LocalJobRunner.java:createOutputCommitter(501)) - OutputCommitter set in config null
2022-10-17 16:26:36,161 INFO  [Thread-42] output.FileOutputCommitter (FileOutputCommitter.java:<init>(141)) - File Output Committer Algorithm version is 2
2022-10-17 16:26:36,161 INFO  [Thread-42] output.FileOutputCommitter (FileOutputCommitter.java:<init>(156)) - FileOutputCommitter skip cleanup _temporary folders under output directory:false, ignore cleanup failures: false
2022-10-17 16:26:36,161 INFO  [Thread-42] mapred.LocalJobRunner (LocalJobRunner.java:createOutputCommitter(519)) - OutputCommitter is org.apache.hadoop.mapreduce.lib.output.FileOutputCommitter
2022-10-17 16:26:36,239 INFO  [Thread-42] mapred.LocalJobRunner (LocalJobRunner.java:runTasks(478)) - Waiting for map tasks
2022-10-17 16:26:36,239 INFO  [LocalJobRunner Map Task Executor #0] mapred.LocalJobRunner (LocalJobRunner.java:run(252)) - Starting task: attempt_local584512700_0007_m_000000_0
2022-10-17 16:26:36,240 INFO  [LocalJobRunner Map Task Executor #0] output.FileOutputCommitter (FileOutputCommitter.java:<init>(141)) - File Output Committer Algorithm version is 2
2022-10-17 16:26:36,240 INFO  [LocalJobRunner Map Task Executor #0] output.FileOutputCommitter (FileOutputCommitter.java:<init>(156)) - FileOutputCommitter skip cleanup _temporary folders under output directory:false, ignore cleanup failures: false
2022-10-17 16:26:36,240 INFO  [LocalJobRunner Map Task Executor #0] mapred.Task (Task.java:initialize(626)) -  Using ResourceCalculatorProcessTree : [ ]
2022-10-17 16:26:36,241 INFO  [LocalJobRunner Map Task Executor #0] mapred.MapTask (MapTask.java:runNewMapper(768)) - Processing split: file:/home/ajaved/project3/temp/f5/part-r-00000:0+333
2022-10-17 16:26:36,252 INFO  [LocalJobRunner Map Task Executor #0] mapred.MapTask (MapTask.java:setEquator(1219)) - (EQUATOR) 0 kvi 26214396(104857584)
2022-10-17 16:26:36,252 INFO  [LocalJobRunner Map Task Executor #0] mapred.MapTask (MapTask.java:init(1012)) - mapreduce.task.io.sort.mb: 100
2022-10-17 16:26:36,252 INFO  [LocalJobRunner Map Task Executor #0] mapred.MapTask (MapTask.java:init(1013)) - soft limit at 83886080
2022-10-17 16:26:36,252 INFO  [LocalJobRunner Map Task Executor #0] mapred.MapTask (MapTask.java:init(1014)) - bufstart = 0; bufvoid = 104857600
2022-10-17 16:26:36,252 INFO  [LocalJobRunner Map Task Executor #0] mapred.MapTask (MapTask.java:init(1015)) - kvstart = 26214396; length = 6553600
2022-10-17 16:26:36,253 INFO  [LocalJobRunner Map Task Executor #0] mapred.MapTask (MapTask.java:createSortingCollector(409)) - Map output collector class = org.apache.hadoop.mapred.MapTask$MapOutputBuffer
Tag=0
Group=0
VID = 0
Value0= 8
Value1= 9
Reading the files
Tag=0
Group=1
VID = 1
Value0= 3
Value1= 4
Value2= 6
Reading the files
Tag=0
Group=1
VID = 2
Value0= 4
Value1= 3
Reading the files
Tag=0
Group=1
VID = 3
Value0= 2
Value1= 1
Reading the files
Tag=0
Group=1
VID = 4
Value0= 2
Value1= 1
Reading the files
Tag=0
Group=1
VID = 5
Value0= 6
Reading the files
Tag=0
Group=1
VID = 6
Value0= 5
Value1= 7
Value2= 1
Reading the files
Tag=0
Group=1
VID = 7
Value0= 6
Reading the files
Tag=0
Group=0
VID = 8
Value0= 0
Reading the files
Tag=0
Group=0
VID = 9
Value0= 0
Reading the files
2022-10-17 16:26:36,255 INFO  [LocalJobRunner Map Task Executor #0] mapred.LocalJobRunner (LocalJobRunner.java:statusUpdate(634)) - 
2022-10-17 16:26:36,255 INFO  [LocalJobRunner Map Task Executor #0] mapred.MapTask (MapTask.java:flush(1476)) - Starting flush of map output
2022-10-17 16:26:36,256 INFO  [LocalJobRunner Map Task Executor #0] mapred.MapTask (MapTask.java:flush(1498)) - Spilling map output
2022-10-17 16:26:36,256 INFO  [LocalJobRunner Map Task Executor #0] mapred.MapTask (MapTask.java:flush(1499)) - bufstart = 0; bufend = 120; bufvoid = 104857600
2022-10-17 16:26:36,256 INFO  [LocalJobRunner Map Task Executor #0] mapred.MapTask (MapTask.java:flush(1501)) - kvstart = 26214396(104857584); kvend = 26214360(104857440); length = 37/6553600
2022-10-17 16:26:36,256 INFO  [LocalJobRunner Map Task Executor #0] mapred.MapTask (MapTask.java:sortAndSpill(1696)) - Finished spill 0
2022-10-17 16:26:36,257 INFO  [LocalJobRunner Map Task Executor #0] mapred.Task (Task.java:done(1244)) - Task:attempt_local584512700_0007_m_000000_0 is done. And is in the process of committing
2022-10-17 16:26:36,258 INFO  [LocalJobRunner Map Task Executor #0] mapred.LocalJobRunner (LocalJobRunner.java:statusUpdate(634)) - map
2022-10-17 16:26:36,258 INFO  [LocalJobRunner Map Task Executor #0] mapred.Task (Task.java:sendDone(1380)) - Task 'attempt_local584512700_0007_m_000000_0' done.
2022-10-17 16:26:36,258 INFO  [LocalJobRunner Map Task Executor #0] mapred.Task (Task.java:done(1276)) - Final Counters for attempt_local584512700_0007_m_000000_0: Counters: 17
	File System Counters
		FILE: Number of bytes read=64835
		FILE: Number of bytes written=3853695
		FILE: Number of read operations=0
		FILE: Number of large read operations=0
		FILE: Number of write operations=0
	Map-Reduce Framework
		Map input records=10
		Map output records=10
		Map output bytes=120
		Map output materialized bytes=146
		Input split bytes=112
		Combine input records=0
		Spilled Records=10
		Failed Shuffles=0
		Merged Map outputs=0
		GC time elapsed (ms)=0
		Total committed heap usage (bytes)=2147483648
	File Input Format Counters 
		Bytes Read=345
2022-10-17 16:26:36,258 INFO  [LocalJobRunner Map Task Executor #0] mapred.LocalJobRunner (LocalJobRunner.java:run(277)) - Finishing task: attempt_local584512700_0007_m_000000_0
2022-10-17 16:26:36,258 INFO  [Thread-42] mapred.LocalJobRunner (LocalJobRunner.java:runTasks(486)) - map task executor complete.
2022-10-17 16:26:36,259 INFO  [Thread-42] mapred.LocalJobRunner (LocalJobRunner.java:runTasks(478)) - Waiting for reduce tasks
2022-10-17 16:26:36,259 INFO  [pool-23-thread-1] mapred.LocalJobRunner (LocalJobRunner.java:run(330)) - Starting task: attempt_local584512700_0007_r_000000_0
2022-10-17 16:26:36,259 INFO  [pool-23-thread-1] output.FileOutputCommitter (FileOutputCommitter.java:<init>(141)) - File Output Committer Algorithm version is 2
2022-10-17 16:26:36,259 INFO  [pool-23-thread-1] output.FileOutputCommitter (FileOutputCommitter.java:<init>(156)) - FileOutputCommitter skip cleanup _temporary folders under output directory:false, ignore cleanup failures: false
2022-10-17 16:26:36,260 INFO  [pool-23-thread-1] mapred.Task (Task.java:initialize(626)) -  Using ResourceCalculatorProcessTree : [ ]
2022-10-17 16:26:36,260 INFO  [pool-23-thread-1] mapred.ReduceTask (ReduceTask.java:run(363)) - Using ShuffleConsumerPlugin: org.apache.hadoop.mapreduce.task.reduce.Shuffle@3d8d1663
2022-10-17 16:26:36,260 WARN  [pool-23-thread-1] impl.MetricsSystemImpl (MetricsSystemImpl.java:init(151)) - JobTracker metrics system already initialized!
2022-10-17 16:26:36,260 INFO  [pool-23-thread-1] reduce.MergeManagerImpl (MergeManagerImpl.java:<init>(198)) - The max number of bytes for a single in-memory shuffle cannot be larger than Integer.MAX_VALUE. Setting it to Integer.MAX_VALUE
2022-10-17 16:26:36,260 INFO  [pool-23-thread-1] reduce.MergeManagerImpl (MergeManagerImpl.java:<init>(208)) - MergerManager: memoryLimit=22525089792, maxSingleShuffleLimit=2147483647, mergeThreshold=14866560000, ioSortFactor=10, memToMemMergeOutputsThreshold=10
2022-10-17 16:26:36,261 INFO  [EventFetcher for fetching Map Completion Events] reduce.EventFetcher (EventFetcher.java:run(61)) - attempt_local584512700_0007_r_000000_0 Thread started: EventFetcher for fetching Map Completion Events
2022-10-17 16:26:36,261 INFO  [localfetcher#6] reduce.LocalFetcher (LocalFetcher.java:copyMapOutput(145)) - localfetcher#6 about to shuffle output of map attempt_local584512700_0007_m_000000_0 decomp: 142 len: 146 to MEMORY
2022-10-17 16:26:36,262 INFO  [localfetcher#6] reduce.InMemoryMapOutput (InMemoryMapOutput.java:doShuffle(94)) - Read 142 bytes from map-output for attempt_local584512700_0007_m_000000_0
2022-10-17 16:26:36,262 INFO  [localfetcher#6] reduce.MergeManagerImpl (MergeManagerImpl.java:closeInMemoryFile(323)) - closeInMemoryFile -> map-output of size: 142, inMemoryMapOutputs.size() -> 1, commitMemory -> 0, usedMemory ->142
2022-10-17 16:26:36,262 INFO  [EventFetcher for fetching Map Completion Events] reduce.EventFetcher (EventFetcher.java:run(76)) - EventFetcher is interrupted.. Returning
2022-10-17 16:26:36,262 INFO  [pool-23-thread-1] mapred.LocalJobRunner (LocalJobRunner.java:statusUpdate(634)) - 1 / 1 copied.
2022-10-17 16:26:36,262 INFO  [pool-23-thread-1] reduce.MergeManagerImpl (MergeManagerImpl.java:finalMerge(695)) - finalMerge called with 1 in-memory map-outputs and 0 on-disk map-outputs
2022-10-17 16:26:36,263 INFO  [pool-23-thread-1] mapred.Merger (Merger.java:merge(606)) - Merging 1 sorted segments
2022-10-17 16:26:36,263 INFO  [pool-23-thread-1] mapred.Merger (Merger.java:merge(705)) - Down to the last merge-pass, with 1 segments left of total size: 132 bytes
2022-10-17 16:26:36,263 INFO  [pool-23-thread-1] reduce.MergeManagerImpl (MergeManagerImpl.java:finalMerge(762)) - Merged 1 segments, 142 bytes to disk to satisfy reduce memory limit
2022-10-17 16:26:36,264 INFO  [pool-23-thread-1] reduce.MergeManagerImpl (MergeManagerImpl.java:finalMerge(792)) - Merging 1 files, 146 bytes from disk
2022-10-17 16:26:36,264 INFO  [pool-23-thread-1] reduce.MergeManagerImpl (MergeManagerImpl.java:finalMerge(807)) - Merging 0 segments, 0 bytes from memory into reduce
2022-10-17 16:26:36,264 INFO  [pool-23-thread-1] mapred.Merger (Merger.java:merge(606)) - Merging 1 sorted segments
2022-10-17 16:26:36,264 INFO  [pool-23-thread-1] mapred.Merger (Merger.java:merge(705)) - Down to the last merge-pass, with 1 segments left of total size: 132 bytes
2022-10-17 16:26:36,264 INFO  [pool-23-thread-1] mapred.LocalJobRunner (LocalJobRunner.java:statusUpdate(634)) - 1 / 1 copied.
2022-10-17 16:26:36,321 INFO  [pool-23-thread-1] mapred.Task (Task.java:done(1244)) - Task:attempt_local584512700_0007_r_000000_0 is done. And is in the process of committing
2022-10-17 16:26:36,321 INFO  [pool-23-thread-1] mapred.LocalJobRunner (LocalJobRunner.java:statusUpdate(634)) - 1 / 1 copied.
2022-10-17 16:26:36,321 INFO  [pool-23-thread-1] mapred.Task (Task.java:commit(1421)) - Task attempt_local584512700_0007_r_000000_0 is allowed to commit now
2022-10-17 16:26:36,329 INFO  [pool-23-thread-1] output.FileOutputCommitter (FileOutputCommitter.java:commitTask(606)) - Saved output of task 'attempt_local584512700_0007_r_000000_0' to file:/home/ajaved/project3/output
2022-10-17 16:26:36,329 INFO  [pool-23-thread-1] mapred.LocalJobRunner (LocalJobRunner.java:statusUpdate(634)) - reduce > reduce
2022-10-17 16:26:36,329 INFO  [pool-23-thread-1] mapred.Task (Task.java:sendDone(1380)) - Task 'attempt_local584512700_0007_r_000000_0' done.
2022-10-17 16:26:36,330 INFO  [pool-23-thread-1] mapred.Task (Task.java:done(1276)) - Final Counters for attempt_local584512700_0007_r_000000_0: Counters: 24
	File System Counters
		FILE: Number of bytes read=65159
		FILE: Number of bytes written=3853861
		FILE: Number of read operations=0
		FILE: Number of large read operations=0
		FILE: Number of write operations=0
	Map-Reduce Framework
		Combine input records=0
		Combine output records=0
		Reduce input groups=2
		Reduce shuffle bytes=146
		Reduce input records=10
		Reduce output records=2
		Spilled Records=10
		Shuffled Maps =1
		Failed Shuffles=0
		Merged Map outputs=1
		GC time elapsed (ms)=0
		Total committed heap usage (bytes)=2147483648
	Shuffle Errors
		BAD_ID=0
		CONNECTION=0
		IO_ERROR=0
		WRONG_LENGTH=0
		WRONG_MAP=0
		WRONG_REDUCE=0
	File Output Format Counters 
		Bytes Written=20
2022-10-17 16:26:36,330 INFO  [pool-23-thread-1] mapred.LocalJobRunner (LocalJobRunner.java:run(353)) - Finishing task: attempt_local584512700_0007_r_000000_0
2022-10-17 16:26:36,330 INFO  [Thread-42] mapred.LocalJobRunner (LocalJobRunner.java:runTasks(486)) - reduce task executor complete.
2022-10-17 16:26:37,161 INFO  [main] mapreduce.Job (Job.java:monitorAndPrintJob(1635)) - Job job_local584512700_0007 running in uber mode : false
2022-10-17 16:26:37,162 INFO  [main] mapreduce.Job (Job.java:monitorAndPrintJob(1642)) -  map 100% reduce 100%
2022-10-17 16:26:37,162 INFO  [main] mapreduce.Job (Job.java:monitorAndPrintJob(1653)) - Job job_local584512700_0007 completed successfully
2022-10-17 16:26:37,164 INFO  [main] mapreduce.Job (Job.java:monitorAndPrintJob(1660)) - Counters: 30
	File System Counters
		FILE: Number of bytes read=129994
		FILE: Number of bytes written=7707556
		FILE: Number of read operations=0
		FILE: Number of large read operations=0
		FILE: Number of write operations=0
	Map-Reduce Framework
		Map input records=10
		Map output records=10
		Map output bytes=120
		Map output materialized bytes=146
		Input split bytes=112
		Combine input records=0
		Combine output records=0
		Reduce input groups=2
		Reduce shuffle bytes=146
		Reduce input records=10
		Reduce output records=2
		Spilled Records=20
		Shuffled Maps =1
		Failed Shuffles=0
		Merged Map outputs=1
		GC time elapsed (ms)=0
		Total committed heap usage (bytes)=4294967296
	Shuffle Errors
		BAD_ID=0
		CONNECTION=0
		IO_ERROR=0
		WRONG_LENGTH=0
		WRONG_MAP=0
		WRONG_REDUCE=0
	File Input Format Counters 
		Bytes Read=345
	File Output Format Counters 
		Bytes Written=20
