Evaluating Simple.java:
2022-09-22 17:07:05,372 INFO impl.MetricsConfig: Loaded properties from hadoop-metrics2.properties
2022-09-22 17:07:05,453 INFO impl.MetricsSystemImpl: Scheduled Metric snapshot period at 10 second(s).
2022-09-22 17:07:05,453 INFO impl.MetricsSystemImpl: JobTracker metrics system started
2022-09-22 17:07:05,517 WARN mapreduce.JobResourceUploader: Hadoop command-line option parsing not performed. Implement the Tool interface and execute your application with ToolRunner to remedy this.
2022-09-22 17:07:05,546 INFO input.FileInputFormat: Total input files to process : 1
2022-09-22 17:07:05,599 INFO mapreduce.JobSubmitter: number of splits:1
2022-09-22 17:07:05,759 INFO mapreduce.JobSubmitter: Submitting tokens for job: job_local378508391_0001
2022-09-22 17:07:05,759 INFO mapreduce.JobSubmitter: Executing with tokens: []
2022-09-22 17:07:05,857 INFO mapreduce.Job: The url to track the job: http://localhost:8080/
2022-09-22 17:07:05,857 INFO mapreduce.Job: Running job: job_local378508391_0001
2022-09-22 17:07:05,863 INFO mapred.LocalJobRunner: OutputCommitter set in config null
2022-09-22 17:07:05,869 INFO output.FileOutputCommitter: File Output Committer Algorithm version is 2
2022-09-22 17:07:05,869 INFO output.FileOutputCommitter: FileOutputCommitter skip cleanup _temporary folders under output directory:false, ignore cleanup failures: false
2022-09-22 17:07:05,869 INFO mapred.LocalJobRunner: OutputCommitter is org.apache.hadoop.mapreduce.lib.output.FileOutputCommitter
2022-09-22 17:07:06,180 INFO mapred.LocalJobRunner: Waiting for map tasks
2022-09-22 17:07:06,185 INFO mapred.LocalJobRunner: Starting task: attempt_local378508391_0001_m_000000_0
2022-09-22 17:07:06,205 INFO output.FileOutputCommitter: File Output Committer Algorithm version is 2
2022-09-22 17:07:06,205 INFO output.FileOutputCommitter: FileOutputCommitter skip cleanup _temporary folders under output directory:false, ignore cleanup failures: false
2022-09-22 17:07:06,244 INFO mapred.Task:  Using ResourceCalculatorProcessTree : [ ]
2022-09-22 17:07:06,246 INFO mapred.MapTask: Processing split: file:/home/ajaved/project1/examples/simple.txt:0+30
2022-09-22 17:07:06,280 INFO mapred.MapTask: (EQUATOR) 0 kvi 26214396(104857584)
2022-09-22 17:07:06,280 INFO mapred.MapTask: mapreduce.task.io.sort.mb: 100
2022-09-22 17:07:06,280 INFO mapred.MapTask: soft limit at 83886080
2022-09-22 17:07:06,281 INFO mapred.MapTask: bufstart = 0; bufvoid = 104857600
2022-09-22 17:07:06,281 INFO mapred.MapTask: kvstart = 26214396; length = 6553600
2022-09-22 17:07:06,283 INFO mapred.MapTask: Map output collector class = org.apache.hadoop.mapred.MapTask$MapOutputBuffer
2022-09-22 17:07:06,310 INFO mapred.LocalJobRunner: 
2022-09-22 17:07:06,310 INFO mapred.MapTask: Starting flush of map output
2022-09-22 17:07:06,310 INFO mapred.MapTask: Spilling map output
2022-09-22 17:07:06,310 INFO mapred.MapTask: bufstart = 0; bufend = 60; bufvoid = 104857600
2022-09-22 17:07:06,310 INFO mapred.MapTask: kvstart = 26214396(104857584); kvend = 26214380(104857520); length = 17/6553600
2022-09-22 17:07:06,314 INFO mapred.MapTask: Finished spill 0
2022-09-22 17:07:06,319 INFO mapred.Task: Task:attempt_local378508391_0001_m_000000_0 is done. And is in the process of committing
2022-09-22 17:07:06,321 INFO mapred.LocalJobRunner: map
2022-09-22 17:07:06,321 INFO mapred.Task: Task 'attempt_local378508391_0001_m_000000_0' done.
2022-09-22 17:07:06,325 INFO mapred.Task: Final Counters for attempt_local378508391_0001_m_000000_0: Counters: 17
	File System Counters
		FILE: Number of bytes read=9792
		FILE: Number of bytes written=551069
		FILE: Number of read operations=0
		FILE: Number of large read operations=0
		FILE: Number of write operations=0
	Map-Reduce Framework
		Map input records=5
		Map output records=5
		Map output bytes=60
		Map output materialized bytes=76
		Input split bytes=111
		Combine input records=0
		Spilled Records=5
		Failed Shuffles=0
		Merged Map outputs=0
		GC time elapsed (ms)=0
		Total committed heap usage (bytes)=268435456
	File Input Format Counters 
		Bytes Read=30
2022-09-22 17:07:06,325 INFO mapred.LocalJobRunner: Finishing task: attempt_local378508391_0001_m_000000_0
2022-09-22 17:07:06,326 INFO mapred.LocalJobRunner: map task executor complete.
2022-09-22 17:07:06,328 INFO mapred.LocalJobRunner: Waiting for reduce tasks
2022-09-22 17:07:06,328 INFO mapred.LocalJobRunner: Starting task: attempt_local378508391_0001_r_000000_0
2022-09-22 17:07:06,334 INFO output.FileOutputCommitter: File Output Committer Algorithm version is 2
2022-09-22 17:07:06,334 INFO output.FileOutputCommitter: FileOutputCommitter skip cleanup _temporary folders under output directory:false, ignore cleanup failures: false
2022-09-22 17:07:06,334 INFO mapred.Task:  Using ResourceCalculatorProcessTree : [ ]
2022-09-22 17:07:06,336 INFO mapred.ReduceTask: Using ShuffleConsumerPlugin: org.apache.hadoop.mapreduce.task.reduce.Shuffle@3d4035a2
2022-09-22 17:07:06,344 WARN impl.MetricsSystemImpl: JobTracker metrics system already initialized!
2022-09-22 17:07:06,358 INFO reduce.MergeManagerImpl: MergerManager: memoryLimit=3006477056, maxSingleShuffleLimit=751619264, mergeThreshold=1984274944, ioSortFactor=10, memToMemMergeOutputsThreshold=10
2022-09-22 17:07:06,360 INFO reduce.EventFetcher: attempt_local378508391_0001_r_000000_0 Thread started: EventFetcher for fetching Map Completion Events
2022-09-22 17:07:06,390 INFO reduce.LocalFetcher: localfetcher#1 about to shuffle output of map attempt_local378508391_0001_m_000000_0 decomp: 72 len: 76 to MEMORY
2022-09-22 17:07:06,392 INFO reduce.InMemoryMapOutput: Read 72 bytes from map-output for attempt_local378508391_0001_m_000000_0
2022-09-22 17:07:06,393 INFO reduce.MergeManagerImpl: closeInMemoryFile -> map-output of size: 72, inMemoryMapOutputs.size() -> 1, commitMemory -> 0, usedMemory ->72
2022-09-22 17:07:06,395 INFO reduce.EventFetcher: EventFetcher is interrupted.. Returning
2022-09-22 17:07:06,396 INFO mapred.LocalJobRunner: 1 / 1 copied.
2022-09-22 17:07:06,396 INFO reduce.MergeManagerImpl: finalMerge called with 1 in-memory map-outputs and 0 on-disk map-outputs
2022-09-22 17:07:06,399 INFO mapred.Merger: Merging 1 sorted segments
2022-09-22 17:07:06,399 INFO mapred.Merger: Down to the last merge-pass, with 1 segments left of total size: 66 bytes
2022-09-22 17:07:06,400 INFO reduce.MergeManagerImpl: Merged 1 segments, 72 bytes to disk to satisfy reduce memory limit
2022-09-22 17:07:06,400 INFO reduce.MergeManagerImpl: Merging 1 files, 76 bytes from disk
2022-09-22 17:07:06,400 INFO reduce.MergeManagerImpl: Merging 0 segments, 0 bytes from memory into reduce
2022-09-22 17:07:06,400 INFO mapred.Merger: Merging 1 sorted segments
2022-09-22 17:07:06,401 INFO mapred.Merger: Down to the last merge-pass, with 1 segments left of total size: 66 bytes
2022-09-22 17:07:06,401 INFO mapred.LocalJobRunner: 1 / 1 copied.
2022-09-22 17:07:06,655 INFO Configuration.deprecation: mapred.skip.on is deprecated. Instead, use mapreduce.job.skiprecords
2022-09-22 17:07:06,680 INFO mapred.Task: Task:attempt_local378508391_0001_r_000000_0 is done. And is in the process of committing
2022-09-22 17:07:06,681 INFO mapred.LocalJobRunner: 1 / 1 copied.
2022-09-22 17:07:06,681 INFO mapred.Task: Task attempt_local378508391_0001_r_000000_0 is allowed to commit now
2022-09-22 17:07:06,740 INFO output.FileOutputCommitter: Saved output of task 'attempt_local378508391_0001_r_000000_0' to file:/home/ajaved/project1/examples/output-simple
2022-09-22 17:07:06,741 INFO mapred.LocalJobRunner: reduce > reduce
2022-09-22 17:07:06,741 INFO mapred.Task: Task 'attempt_local378508391_0001_r_000000_0' done.
2022-09-22 17:07:06,741 INFO mapred.Task: Final Counters for attempt_local378508391_0001_r_000000_0: Counters: 24
	File System Counters
		FILE: Number of bytes read=9976
		FILE: Number of bytes written=551175
		FILE: Number of read operations=0
		FILE: Number of large read operations=0
		FILE: Number of write operations=0
	Map-Reduce Framework
		Combine input records=0
		Combine output records=0
		Reduce input groups=3
		Reduce shuffle bytes=76
		Reduce input records=5
		Reduce output records=3
		Spilled Records=5
		Shuffled Maps =1
		Failed Shuffles=0
		Merged Map outputs=1
		GC time elapsed (ms)=7
		Total committed heap usage (bytes)=413138944
	Shuffle Errors
		BAD_ID=0
		CONNECTION=0
		IO_ERROR=0
		WRONG_LENGTH=0
		WRONG_MAP=0
		WRONG_REDUCE=0
	File Output Format Counters 
		Bytes Written=30
2022-09-22 17:07:06,741 INFO mapred.LocalJobRunner: Finishing task: attempt_local378508391_0001_r_000000_0
2022-09-22 17:07:06,742 INFO mapred.LocalJobRunner: reduce task executor complete.
2022-09-22 17:07:06,862 INFO mapreduce.Job: Job job_local378508391_0001 running in uber mode : false
2022-09-22 17:07:06,862 INFO mapreduce.Job:  map 100% reduce 100%
2022-09-22 17:07:07,864 INFO mapreduce.Job: Job job_local378508391_0001 completed successfully
2022-09-22 17:07:07,869 INFO mapreduce.Job: Counters: 30
	File System Counters
		FILE: Number of bytes read=19768
		FILE: Number of bytes written=1102244
		FILE: Number of read operations=0
		FILE: Number of large read operations=0
		FILE: Number of write operations=0
	Map-Reduce Framework
		Map input records=5
		Map output records=5
		Map output bytes=60
		Map output materialized bytes=76
		Input split bytes=111
		Combine input records=0
		Combine output records=0
		Reduce input groups=3
		Reduce shuffle bytes=76
		Reduce input records=5
		Reduce output records=3
		Spilled Records=10
		Shuffled Maps =1
		Failed Shuffles=0
		Merged Map outputs=1
		GC time elapsed (ms)=7
		Total committed heap usage (bytes)=681574400
	Shuffle Errors
		BAD_ID=0
		CONNECTION=0
		IO_ERROR=0
		WRONG_LENGTH=0
		WRONG_MAP=0
		WRONG_REDUCE=0
	File Input Format Counters 
		Bytes Read=30
	File Output Format Counters 
		Bytes Written=30
Evaluating Join.java:
2022-09-22 17:07:09,061 INFO impl.MetricsConfig: Loaded properties from hadoop-metrics2.properties
2022-09-22 17:07:09,128 INFO impl.MetricsSystemImpl: Scheduled Metric snapshot period at 10 second(s).
2022-09-22 17:07:09,128 INFO impl.MetricsSystemImpl: JobTracker metrics system started
2022-09-22 17:07:09,183 WARN mapreduce.JobResourceUploader: Hadoop command-line option parsing not performed. Implement the Tool interface and execute your application with ToolRunner to remedy this.
2022-09-22 17:07:09,214 INFO input.FileInputFormat: Total input files to process : 1
2022-09-22 17:07:09,245 INFO input.FileInputFormat: Total input files to process : 1
2022-09-22 17:07:09,253 INFO mapreduce.JobSubmitter: number of splits:2
2022-09-22 17:07:09,395 INFO mapreduce.JobSubmitter: Submitting tokens for job: job_local744208142_0001
2022-09-22 17:07:09,395 INFO mapreduce.JobSubmitter: Executing with tokens: []
2022-09-22 17:07:09,494 INFO mapreduce.Job: The url to track the job: http://localhost:8080/
2022-09-22 17:07:09,497 INFO mapreduce.Job: Running job: job_local744208142_0001
2022-09-22 17:07:09,506 INFO mapred.LocalJobRunner: OutputCommitter set in config null
2022-09-22 17:07:09,510 INFO output.FileOutputCommitter: File Output Committer Algorithm version is 2
2022-09-22 17:07:09,511 INFO output.FileOutputCommitter: FileOutputCommitter skip cleanup _temporary folders under output directory:false, ignore cleanup failures: false
2022-09-22 17:07:09,511 INFO mapred.LocalJobRunner: OutputCommitter is org.apache.hadoop.mapreduce.lib.output.FileOutputCommitter
2022-09-22 17:07:09,640 INFO mapred.LocalJobRunner: Waiting for map tasks
2022-09-22 17:07:09,643 INFO mapred.LocalJobRunner: Starting task: attempt_local744208142_0001_m_000000_0
2022-09-22 17:07:09,672 INFO output.FileOutputCommitter: File Output Committer Algorithm version is 2
2022-09-22 17:07:09,672 INFO output.FileOutputCommitter: FileOutputCommitter skip cleanup _temporary folders under output directory:false, ignore cleanup failures: false
2022-09-22 17:07:09,711 INFO mapred.Task:  Using ResourceCalculatorProcessTree : [ ]
2022-09-22 17:07:09,714 INFO mapred.MapTask: Processing split: file:/home/ajaved/project1/examples/e.txt:0+64
2022-09-22 17:07:09,746 INFO mapred.MapTask: (EQUATOR) 0 kvi 26214396(104857584)
2022-09-22 17:07:09,746 INFO mapred.MapTask: mapreduce.task.io.sort.mb: 100
2022-09-22 17:07:09,746 INFO mapred.MapTask: soft limit at 83886080
2022-09-22 17:07:09,746 INFO mapred.MapTask: bufstart = 0; bufvoid = 104857600
2022-09-22 17:07:09,746 INFO mapred.MapTask: kvstart = 26214396; length = 6553600
2022-09-22 17:07:09,749 INFO mapred.MapTask: Map output collector class = org.apache.hadoop.mapred.MapTask$MapOutputBuffer
2022-09-22 17:07:09,769 INFO mapred.LocalJobRunner: 
2022-09-22 17:07:09,769 INFO mapred.MapTask: Starting flush of map output
2022-09-22 17:07:09,769 INFO mapred.MapTask: Spilling map output
2022-09-22 17:07:09,769 INFO mapred.MapTask: bufstart = 0; bufend = 94; bufvoid = 104857600
2022-09-22 17:07:09,769 INFO mapred.MapTask: kvstart = 26214396(104857584); kvend = 26214388(104857552); length = 9/6553600
2022-09-22 17:07:09,774 INFO mapred.MapTask: Finished spill 0
2022-09-22 17:07:09,813 INFO mapred.Task: Task:attempt_local744208142_0001_m_000000_0 is done. And is in the process of committing
2022-09-22 17:07:09,814 INFO mapred.LocalJobRunner: map
2022-09-22 17:07:09,815 INFO mapred.Task: Task 'attempt_local744208142_0001_m_000000_0' done.
2022-09-22 17:07:09,819 INFO mapred.Task: Final Counters for attempt_local744208142_0001_m_000000_0: Counters: 17
	File System Counters
		FILE: Number of bytes read=10201
		FILE: Number of bytes written=551702
		FILE: Number of read operations=0
		FILE: Number of large read operations=0
		FILE: Number of write operations=0
	Map-Reduce Framework
		Map input records=3
		Map output records=3
		Map output bytes=94
		Map output materialized bytes=106
		Input split bytes=235
		Combine input records=0
		Spilled Records=3
		Failed Shuffles=0
		Merged Map outputs=0
		GC time elapsed (ms)=22
		Total committed heap usage (bytes)=322961408
	File Input Format Counters 
		Bytes Read=0
2022-09-22 17:07:09,820 INFO mapred.LocalJobRunner: Finishing task: attempt_local744208142_0001_m_000000_0
2022-09-22 17:07:09,820 INFO mapred.LocalJobRunner: Starting task: attempt_local744208142_0001_m_000001_0
2022-09-22 17:07:09,821 INFO output.FileOutputCommitter: File Output Committer Algorithm version is 2
2022-09-22 17:07:09,821 INFO output.FileOutputCommitter: FileOutputCommitter skip cleanup _temporary folders under output directory:false, ignore cleanup failures: false
2022-09-22 17:07:09,822 INFO mapred.Task:  Using ResourceCalculatorProcessTree : [ ]
2022-09-22 17:07:09,823 INFO mapred.MapTask: Processing split: file:/home/ajaved/project1/examples/d.txt:0+11
2022-09-22 17:07:09,832 INFO mapred.MapTask: (EQUATOR) 0 kvi 26214396(104857584)
2022-09-22 17:07:09,832 INFO mapred.MapTask: mapreduce.task.io.sort.mb: 100
2022-09-22 17:07:09,832 INFO mapred.MapTask: soft limit at 83886080
2022-09-22 17:07:09,832 INFO mapred.MapTask: bufstart = 0; bufvoid = 104857600
2022-09-22 17:07:09,832 INFO mapred.MapTask: kvstart = 26214396; length = 6553600
2022-09-22 17:07:09,833 INFO mapred.MapTask: Map output collector class = org.apache.hadoop.mapred.MapTask$MapOutputBuffer
2022-09-22 17:07:09,837 INFO mapred.LocalJobRunner: 
2022-09-22 17:07:09,837 INFO mapred.MapTask: Starting flush of map output
2022-09-22 17:07:09,837 INFO mapred.MapTask: Spilling map output
2022-09-22 17:07:09,837 INFO mapred.MapTask: bufstart = 0; bufend = 29; bufvoid = 104857600
2022-09-22 17:07:09,837 INFO mapred.MapTask: kvstart = 26214396(104857584); kvend = 26214392(104857568); length = 5/6553600
2022-09-22 17:07:09,838 INFO mapred.MapTask: Finished spill 0
2022-09-22 17:07:09,839 INFO mapred.Task: Task:attempt_local744208142_0001_m_000001_0 is done. And is in the process of committing
2022-09-22 17:07:09,840 INFO mapred.LocalJobRunner: map
2022-09-22 17:07:09,840 INFO mapred.Task: Task 'attempt_local744208142_0001_m_000001_0' done.
2022-09-22 17:07:09,840 INFO mapred.Task: Final Counters for attempt_local744208142_0001_m_000001_0: Counters: 17
	File System Counters
		FILE: Number of bytes read=10703
		FILE: Number of bytes written=551773
		FILE: Number of read operations=0
		FILE: Number of large read operations=0
		FILE: Number of write operations=0
	Map-Reduce Framework
		Map input records=2
		Map output records=2
		Map output bytes=29
		Map output materialized bytes=39
		Input split bytes=237
		Combine input records=0
		Spilled Records=2
		Failed Shuffles=0
		Merged Map outputs=0
		GC time elapsed (ms)=0
		Total committed heap usage (bytes)=322961408
	File Input Format Counters 
		Bytes Read=0
2022-09-22 17:07:09,840 INFO mapred.LocalJobRunner: Finishing task: attempt_local744208142_0001_m_000001_0
2022-09-22 17:07:09,841 INFO mapred.LocalJobRunner: map task executor complete.
2022-09-22 17:07:09,843 INFO mapred.LocalJobRunner: Waiting for reduce tasks
2022-09-22 17:07:09,843 INFO mapred.LocalJobRunner: Starting task: attempt_local744208142_0001_r_000000_0
2022-09-22 17:07:09,848 INFO output.FileOutputCommitter: File Output Committer Algorithm version is 2
2022-09-22 17:07:09,848 INFO output.FileOutputCommitter: FileOutputCommitter skip cleanup _temporary folders under output directory:false, ignore cleanup failures: false
2022-09-22 17:07:09,848 INFO mapred.Task:  Using ResourceCalculatorProcessTree : [ ]
2022-09-22 17:07:09,850 INFO mapred.ReduceTask: Using ShuffleConsumerPlugin: org.apache.hadoop.mapreduce.task.reduce.Shuffle@7b2f1463
2022-09-22 17:07:09,851 WARN impl.MetricsSystemImpl: JobTracker metrics system already initialized!
2022-09-22 17:07:09,861 INFO reduce.MergeManagerImpl: MergerManager: memoryLimit=3006477056, maxSingleShuffleLimit=751619264, mergeThreshold=1984274944, ioSortFactor=10, memToMemMergeOutputsThreshold=10
2022-09-22 17:07:09,862 INFO reduce.EventFetcher: attempt_local744208142_0001_r_000000_0 Thread started: EventFetcher for fetching Map Completion Events
2022-09-22 17:07:09,882 INFO reduce.LocalFetcher: localfetcher#1 about to shuffle output of map attempt_local744208142_0001_m_000001_0 decomp: 35 len: 39 to MEMORY
2022-09-22 17:07:09,884 INFO reduce.InMemoryMapOutput: Read 35 bytes from map-output for attempt_local744208142_0001_m_000001_0
2022-09-22 17:07:09,885 INFO reduce.MergeManagerImpl: closeInMemoryFile -> map-output of size: 35, inMemoryMapOutputs.size() -> 1, commitMemory -> 0, usedMemory ->35
2022-09-22 17:07:09,888 INFO reduce.LocalFetcher: localfetcher#1 about to shuffle output of map attempt_local744208142_0001_m_000000_0 decomp: 102 len: 106 to MEMORY
2022-09-22 17:07:09,888 INFO reduce.InMemoryMapOutput: Read 102 bytes from map-output for attempt_local744208142_0001_m_000000_0
2022-09-22 17:07:09,888 INFO reduce.MergeManagerImpl: closeInMemoryFile -> map-output of size: 102, inMemoryMapOutputs.size() -> 2, commitMemory -> 35, usedMemory ->137
2022-09-22 17:07:09,888 INFO reduce.EventFetcher: EventFetcher is interrupted.. Returning
2022-09-22 17:07:09,889 INFO mapred.LocalJobRunner: 2 / 2 copied.
2022-09-22 17:07:09,889 INFO reduce.MergeManagerImpl: finalMerge called with 2 in-memory map-outputs and 0 on-disk map-outputs
2022-09-22 17:07:09,893 INFO mapred.Merger: Merging 2 sorted segments
2022-09-22 17:07:09,893 INFO mapred.Merger: Down to the last merge-pass, with 2 segments left of total size: 125 bytes
2022-09-22 17:07:09,893 INFO reduce.MergeManagerImpl: Merged 2 segments, 137 bytes to disk to satisfy reduce memory limit
2022-09-22 17:07:09,894 INFO reduce.MergeManagerImpl: Merging 1 files, 139 bytes from disk
2022-09-22 17:07:09,894 INFO reduce.MergeManagerImpl: Merging 0 segments, 0 bytes from memory into reduce
2022-09-22 17:07:09,894 INFO mapred.Merger: Merging 1 sorted segments
2022-09-22 17:07:09,894 INFO mapred.Merger: Down to the last merge-pass, with 1 segments left of total size: 129 bytes
2022-09-22 17:07:09,895 INFO mapred.LocalJobRunner: 2 / 2 copied.
2022-09-22 17:07:10,087 INFO Configuration.deprecation: mapred.skip.on is deprecated. Instead, use mapreduce.job.skiprecords
2022-09-22 17:07:10,125 INFO mapred.Task: Task:attempt_local744208142_0001_r_000000_0 is done. And is in the process of committing
2022-09-22 17:07:10,126 INFO mapred.LocalJobRunner: 2 / 2 copied.
2022-09-22 17:07:10,126 INFO mapred.Task: Task attempt_local744208142_0001_r_000000_0 is allowed to commit now
2022-09-22 17:07:10,200 INFO output.FileOutputCommitter: Saved output of task 'attempt_local744208142_0001_r_000000_0' to file:/home/ajaved/project1/examples/output-join
2022-09-22 17:07:10,201 INFO mapred.LocalJobRunner: reduce > reduce
2022-09-22 17:07:10,201 INFO mapred.Task: Task 'attempt_local744208142_0001_r_000000_0' done.
2022-09-22 17:07:10,201 INFO mapred.Task: Final Counters for attempt_local744208142_0001_r_000000_0: Counters: 24
	File System Counters
		FILE: Number of bytes read=11051
		FILE: Number of bytes written=551958
		FILE: Number of read operations=0
		FILE: Number of large read operations=0
		FILE: Number of write operations=0
	Map-Reduce Framework
		Combine input records=0
		Combine output records=0
		Reduce input groups=2
		Reduce shuffle bytes=145
		Reduce input records=5
		Reduce output records=3
		Spilled Records=5
		Shuffled Maps =2
		Failed Shuffles=0
		Merged Map outputs=2
		GC time elapsed (ms)=0
		Total committed heap usage (bytes)=322961408
	Shuffle Errors
		BAD_ID=0
		CONNECTION=0
		IO_ERROR=0
		WRONG_LENGTH=0
		WRONG_MAP=0
		WRONG_REDUCE=0
	File Output Format Counters 
		Bytes Written=46
2022-09-22 17:07:10,201 INFO mapred.LocalJobRunner: Finishing task: attempt_local744208142_0001_r_000000_0
2022-09-22 17:07:10,201 INFO mapred.LocalJobRunner: reduce task executor complete.
2022-09-22 17:07:10,500 INFO mapreduce.Job: Job job_local744208142_0001 running in uber mode : false
2022-09-22 17:07:10,501 INFO mapreduce.Job:  map 100% reduce 100%
2022-09-22 17:07:10,502 INFO mapreduce.Job: Job job_local744208142_0001 completed successfully
2022-09-22 17:07:10,509 INFO mapreduce.Job: Counters: 30
	File System Counters
		FILE: Number of bytes read=31955
		FILE: Number of bytes written=1655433
		FILE: Number of read operations=0
		FILE: Number of large read operations=0
		FILE: Number of write operations=0
	Map-Reduce Framework
		Map input records=5
		Map output records=5
		Map output bytes=123
		Map output materialized bytes=145
		Input split bytes=472
		Combine input records=0
		Combine output records=0
		Reduce input groups=2
		Reduce shuffle bytes=145
		Reduce input records=5
		Reduce output records=3
		Spilled Records=10
		Shuffled Maps =2
		Failed Shuffles=0
		Merged Map outputs=2
		GC time elapsed (ms)=22
		Total committed heap usage (bytes)=968884224
	Shuffle Errors
		BAD_ID=0
		CONNECTION=0
		IO_ERROR=0
		WRONG_LENGTH=0
		WRONG_MAP=0
		WRONG_REDUCE=0
	File Input Format Counters 
		Bytes Read=0
	File Output Format Counters 
		Bytes Written=46
