2022-11-15 12:43:01,946 INFO pig.ExecTypeProvider: Trying ExecType : LOCAL
2022-11-15 12:43:01,947 INFO pig.ExecTypeProvider: Picked LOCAL as the ExecType
2022-11-15 12:43:02,002 [main] INFO  org.apache.pig.Main - Apache Pig version 0.17.0 (r1797386) compiled Jun 02 2017, 15:41:58
2022-11-15 12:43:02,002 [main] INFO  org.apache.pig.Main - Logging error messages to: /home/ajaved/project6/pig_1668544982000.log
2022-11-15 12:43:02,013 [main] INFO  org.apache.hadoop.conf.Configuration.deprecation - user.name is deprecated. Instead, use mapreduce.job.user.name
2022-11-15 12:43:02,118 [main] INFO  org.apache.pig.impl.util.Utils - Default bootup file /home/ajaved/.pigbootup not found
2022-11-15 12:43:02,153 [main] INFO  org.apache.hadoop.conf.Configuration.deprecation - mapred.job.tracker is deprecated. Instead, use mapreduce.jobtracker.address
2022-11-15 12:43:02,155 [main] INFO  org.apache.pig.backend.hadoop.executionengine.HExecutionEngine - Connecting to hadoop file system at: file:///
2022-11-15 12:43:02,168 [main] INFO  org.apache.pig.PigServer - Pig Script ID for the session: PIG-netflix.pig-536407e9-d42f-44bf-83d4-1bd336db75ec
2022-11-15 12:43:02,168 [main] WARN  org.apache.pig.PigServer - ATS is disabled since yarn.timeline-service.enabled set to false
2022-11-15 12:43:02,466 [main] WARN  org.apache.pig.newplan.BaseOperatorPlan - Encountered Warning IMPLICIT_CAST_TO_DOUBLE 1 time(s).
2022-11-15 12:43:02,466 [main] WARN  org.apache.pig.newplan.BaseOperatorPlan - Encountered Warning IMPLICIT_CAST_TO_LONG 1 time(s).
2022-11-15 12:43:02,469 [main] INFO  org.apache.hadoop.conf.Configuration.deprecation - mapred.textoutputformat.separator is deprecated. Instead, use mapreduce.output.textoutputformat.separator
2022-11-15 12:43:02,477 [main] INFO  org.apache.pig.tools.pigstats.ScriptState - Pig features used in the script: GROUP_BY,FILTER
2022-11-15 12:43:02,508 [main] INFO  org.apache.pig.newplan.logical.optimizer.LogicalPlanOptimizer - {RULES_ENABLED=[AddForEach, ColumnMapKeyPrune, ConstantCalculator, GroupByConstParallelSetter, LimitOptimizer, LoadTypeCastInserter, MergeFilter, MergeForEach, NestedLimitOptimizer, PartitionFilterOptimizer, PredicatePushdownOptimizer, PushDownForEachFlatten, PushUpFilter, SplitFilter, StreamTypeCastInserter]}
2022-11-15 12:43:02,531 [main] INFO  org.apache.pig.impl.util.SpillableMemoryManager - Selected heap (G1 Old Gen) of size 1048576000 to monitor. collectionUsageThreshold = 734003200, usageThreshold = 734003200
2022-11-15 12:43:02,592 [main] INFO  org.apache.pig.backend.hadoop.executionengine.mapReduceLayer.MRCompiler - File concatenation threshold: 100 optimistic? false
2022-11-15 12:43:02,614 [main] INFO  org.apache.pig.backend.hadoop.executionengine.util.CombinerOptimizerUtil - Choosing to move algebraic foreach to combiner
2022-11-15 12:43:02,619 [main] INFO  org.apache.pig.backend.hadoop.executionengine.util.CombinerOptimizerUtil - Choosing to move algebraic foreach to combiner
2022-11-15 12:43:02,628 [main] INFO  org.apache.pig.backend.hadoop.executionengine.mapReduceLayer.MultiQueryOptimizer - MR plan size before optimization: 2
2022-11-15 12:43:02,628 [main] INFO  org.apache.pig.backend.hadoop.executionengine.mapReduceLayer.MultiQueryOptimizer - MR plan size after optimization: 2
2022-11-15 12:43:02,703 [main] INFO  org.apache.hadoop.metrics2.impl.MetricsConfig - Loaded properties from hadoop-metrics2.properties
2022-11-15 12:43:02,767 [main] INFO  org.apache.hadoop.metrics2.impl.MetricsSystemImpl - Scheduled Metric snapshot period at 10 second(s).
2022-11-15 12:43:02,767 [main] INFO  org.apache.hadoop.metrics2.impl.MetricsSystemImpl - JobTracker metrics system started
2022-11-15 12:43:02,781 [main] INFO  org.apache.pig.tools.pigstats.mapreduce.MRScriptState - Pig script settings are added to the job
2022-11-15 12:43:02,785 [main] INFO  org.apache.hadoop.conf.Configuration.deprecation - mapred.job.reduce.markreset.buffer.percent is deprecated. Instead, use mapreduce.reduce.markreset.buffer.percent
2022-11-15 12:43:02,785 [main] INFO  org.apache.pig.backend.hadoop.executionengine.mapReduceLayer.JobControlCompiler - mapred.job.reduce.markreset.buffer.percent is not set, set to default 0.3
2022-11-15 12:43:02,786 [main] INFO  org.apache.hadoop.conf.Configuration.deprecation - mapred.output.compress is deprecated. Instead, use mapreduce.output.fileoutputformat.compress
2022-11-15 12:43:02,787 [main] INFO  org.apache.pig.backend.hadoop.executionengine.mapReduceLayer.JobControlCompiler - Reduce phase detected, estimating # of required reducers.
2022-11-15 12:43:02,787 [main] INFO  org.apache.pig.backend.hadoop.executionengine.mapReduceLayer.JobControlCompiler - Using reducer estimator: org.apache.pig.backend.hadoop.executionengine.mapReduceLayer.InputSizeReducerEstimator
2022-11-15 12:43:02,791 [main] INFO  org.apache.pig.backend.hadoop.executionengine.mapReduceLayer.InputSizeReducerEstimator - BytesPerReducer=1000000000 maxReducers=999 totalInputFileSize=252
2022-11-15 12:43:02,791 [main] INFO  org.apache.pig.backend.hadoop.executionengine.mapReduceLayer.JobControlCompiler - Setting Parallelism to 1
2022-11-15 12:43:02,791 [main] INFO  org.apache.hadoop.conf.Configuration.deprecation - mapred.reduce.tasks is deprecated. Instead, use mapreduce.job.reduces
2022-11-15 12:43:02,799 [main] INFO  org.apache.pig.backend.hadoop.executionengine.mapReduceLayer.JobControlCompiler - Setting up single store job
2022-11-15 12:43:02,804 [main] INFO  org.apache.pig.data.SchemaTupleFrontend - Key [pig.schematuple] is false, will not generate code.
2022-11-15 12:43:02,804 [main] INFO  org.apache.pig.data.SchemaTupleFrontend - Starting process to move generated code to distributed cacche
2022-11-15 12:43:02,804 [main] INFO  org.apache.pig.data.SchemaTupleFrontend - Distributed cache not supported or needed in local mode. Setting key [pig.schematuple.local.dir] with code temp directory: /tmp/1668544982804-0
2022-11-15 12:43:02,852 [main] INFO  org.apache.pig.backend.hadoop.executionengine.mapReduceLayer.MapReduceLauncher - 1 map-reduce job(s) waiting for submission.
2022-11-15 12:43:02,860 [JobControl] WARN  org.apache.hadoop.metrics2.impl.MetricsSystemImpl - JobTracker metrics system already initialized!
2022-11-15 12:43:02,871 [JobControl] INFO  org.apache.hadoop.conf.Configuration.deprecation - mapred.task.id is deprecated. Instead, use mapreduce.task.attempt.id
2022-11-15 12:43:02,912 [JobControl] WARN  org.apache.hadoop.mapreduce.JobResourceUploader - No job jar file set.  User classes may not be found. See Job or Job#setJar(String).
2022-11-15 12:43:02,919 [JobControl] INFO  org.apache.pig.builtin.PigStorage - Using PigTextInputFormat
2022-11-15 12:43:02,922 [JobControl] INFO  org.apache.hadoop.mapreduce.lib.input.FileInputFormat - Total input files to process : 1
2022-11-15 12:43:02,922 [JobControl] INFO  org.apache.pig.backend.hadoop.executionengine.util.MapRedUtil - Total input paths to process : 1
2022-11-15 12:43:02,929 [JobControl] INFO  org.apache.pig.backend.hadoop.executionengine.util.MapRedUtil - Total input paths (combined) to process : 1
2022-11-15 12:43:02,939 [JobControl] INFO  org.apache.hadoop.mapreduce.JobSubmitter - number of splits:1
2022-11-15 12:43:03,063 [JobControl] INFO  org.apache.hadoop.mapreduce.JobSubmitter - Submitting tokens for job: job_local68327687_0001
2022-11-15 12:43:03,063 [JobControl] INFO  org.apache.hadoop.mapreduce.JobSubmitter - Executing with tokens: []
2022-11-15 12:43:03,082 [JobControl] WARN  org.apache.hadoop.conf.Configuration - file:/tmp/hadoop/mapred/staging/ajaved68327687/.staging/job_local68327687_0001/job.xml:an attempt to override final parameter: yarn.resourcemanager.hostname;  Ignoring.
2022-11-15 12:43:03,146 [JobControl] INFO  org.apache.hadoop.mapreduce.Job - The url to track the job: http://localhost:8080/
2022-11-15 12:43:03,149 [Thread-5] INFO  org.apache.hadoop.mapred.LocalJobRunner - OutputCommitter set in config null
2022-11-15 12:43:03,165 [Thread-5] INFO  org.apache.hadoop.conf.Configuration.deprecation - mapred.reduce.tasks is deprecated. Instead, use mapreduce.job.reduces
2022-11-15 12:43:03,166 [Thread-5] INFO  org.apache.hadoop.conf.Configuration.deprecation - mapred.job.tracker is deprecated. Instead, use mapreduce.jobtracker.address
2022-11-15 12:43:03,166 [Thread-5] INFO  org.apache.hadoop.conf.Configuration.deprecation - mapred.job.reduce.markreset.buffer.percent is deprecated. Instead, use mapreduce.reduce.markreset.buffer.percent
2022-11-15 12:43:03,168 [Thread-5] INFO  org.apache.hadoop.mapreduce.lib.output.FileOutputCommitter - File Output Committer Algorithm version is 2
2022-11-15 12:43:03,168 [Thread-5] INFO  org.apache.hadoop.mapreduce.lib.output.FileOutputCommitter - FileOutputCommitter skip cleanup _temporary folders under output directory:false, ignore cleanup failures: false
2022-11-15 12:43:03,168 [Thread-5] INFO  org.apache.hadoop.mapred.LocalJobRunner - OutputCommitter is org.apache.pig.backend.hadoop.executionengine.mapReduceLayer.PigOutputCommitter
2022-11-15 12:43:03,191 [Thread-5] INFO  org.apache.hadoop.mapred.LocalJobRunner - Waiting for map tasks
2022-11-15 12:43:03,191 [LocalJobRunner Map Task Executor #0] INFO  org.apache.hadoop.mapred.LocalJobRunner - Starting task: attempt_local68327687_0001_m_000000_0
2022-11-15 12:43:03,217 [LocalJobRunner Map Task Executor #0] INFO  org.apache.hadoop.mapreduce.lib.output.FileOutputCommitter - File Output Committer Algorithm version is 2
2022-11-15 12:43:03,218 [LocalJobRunner Map Task Executor #0] INFO  org.apache.hadoop.mapreduce.lib.output.FileOutputCommitter - FileOutputCommitter skip cleanup _temporary folders under output directory:false, ignore cleanup failures: false
2022-11-15 12:43:03,249 [LocalJobRunner Map Task Executor #0] INFO  org.apache.hadoop.mapred.Task -  Using ResourceCalculatorProcessTree : [ ]
2022-11-15 12:43:03,254 [LocalJobRunner Map Task Executor #0] INFO  org.apache.hadoop.mapred.MapTask - Processing split: Number of splits :1
Total Length = 252
Input split[0]:
   Length = 252
   ClassName: org.apache.hadoop.mapreduce.lib.input.FileSplit
   Locations:

-----------------------

2022-11-15 12:43:03,261 [LocalJobRunner Map Task Executor #0] INFO  org.apache.pig.builtin.PigStorage - Using PigTextInputFormat
2022-11-15 12:43:03,262 [LocalJobRunner Map Task Executor #0] INFO  org.apache.pig.backend.hadoop.executionengine.mapReduceLayer.PigRecordReader - Current split being processed file:/home/ajaved/project6/small-netflix.csv:0+252
2022-11-15 12:43:03,277 [LocalJobRunner Map Task Executor #0] INFO  org.apache.hadoop.mapred.MapTask - (EQUATOR) 0 kvi 26214396(104857584)
2022-11-15 12:43:03,278 [LocalJobRunner Map Task Executor #0] INFO  org.apache.hadoop.mapred.MapTask - mapreduce.task.io.sort.mb: 100
2022-11-15 12:43:03,278 [LocalJobRunner Map Task Executor #0] INFO  org.apache.hadoop.mapred.MapTask - soft limit at 83886080
2022-11-15 12:43:03,278 [LocalJobRunner Map Task Executor #0] INFO  org.apache.hadoop.mapred.MapTask - bufstart = 0; bufvoid = 104857600
2022-11-15 12:43:03,278 [LocalJobRunner Map Task Executor #0] INFO  org.apache.hadoop.mapred.MapTask - kvstart = 26214396; length = 6553600
2022-11-15 12:43:03,287 [LocalJobRunner Map Task Executor #0] INFO  org.apache.hadoop.mapred.MapTask - Map output collector class = org.apache.hadoop.mapred.MapTask$MapOutputBuffer
2022-11-15 12:43:03,294 [LocalJobRunner Map Task Executor #0] INFO  org.apache.pig.impl.util.SpillableMemoryManager - Selected heap (G1 Old Gen) of size 1048576000 to monitor. collectionUsageThreshold = 734003200, usageThreshold = 734003200
2022-11-15 12:43:03,296 [LocalJobRunner Map Task Executor #0] INFO  org.apache.pig.data.SchemaTupleBackend - Key [pig.schematuple] was not set... will not generate code.
2022-11-15 12:43:03,304 [LocalJobRunner Map Task Executor #0] INFO  org.apache.pig.backend.hadoop.executionengine.mapReduceLayer.PigGenericMapReduce$Map - Aliases being processed per job phase (AliasName[line,offset]): M: E[1,4],E[-1,-1],total_ratings[3,16],F[2,4] C: total_ratings[3,16],F[2,4] R: total_ratings[3,16]
2022-11-15 12:43:03,314 [LocalJobRunner Map Task Executor #0] INFO  org.apache.hadoop.mapred.LocalJobRunner - 
2022-11-15 12:43:03,314 [LocalJobRunner Map Task Executor #0] INFO  org.apache.hadoop.mapred.MapTask - Starting flush of map output
2022-11-15 12:43:03,314 [LocalJobRunner Map Task Executor #0] INFO  org.apache.hadoop.mapred.MapTask - Spilling map output
2022-11-15 12:43:03,314 [LocalJobRunner Map Task Executor #0] INFO  org.apache.hadoop.mapred.MapTask - bufstart = 0; bufend = 235; bufvoid = 104857600
2022-11-15 12:43:03,314 [LocalJobRunner Map Task Executor #0] INFO  org.apache.hadoop.mapred.MapTask - kvstart = 26214396(104857584); kvend = 26214328(104857312); length = 69/6553600
2022-11-15 12:43:03,328 [LocalJobRunner Map Task Executor #0] INFO  org.apache.pig.backend.hadoop.executionengine.mapReduceLayer.PigCombiner$Combine - Aliases being processed per job phase (AliasName[line,offset]): M: E[1,4],E[-1,-1],total_ratings[3,16],F[2,4] C: total_ratings[3,16],F[2,4] R: total_ratings[3,16]
2022-11-15 12:43:03,334 [LocalJobRunner Map Task Executor #0] INFO  org.apache.hadoop.mapred.MapTask - Finished spill 0
2022-11-15 12:43:03,340 [LocalJobRunner Map Task Executor #0] INFO  org.apache.hadoop.mapred.Task - Task:attempt_local68327687_0001_m_000000_0 is done. And is in the process of committing
2022-11-15 12:43:03,341 [LocalJobRunner Map Task Executor #0] INFO  org.apache.hadoop.mapred.LocalJobRunner - map
2022-11-15 12:43:03,341 [LocalJobRunner Map Task Executor #0] INFO  org.apache.hadoop.mapred.Task - Task 'attempt_local68327687_0001_m_000000_0' done.
2022-11-15 12:43:03,345 [LocalJobRunner Map Task Executor #0] INFO  org.apache.hadoop.mapred.Task - Final Counters for attempt_local68327687_0001_m_000000_0: Counters: 20
	File System Counters
		FILE: Number of bytes read=678
		FILE: Number of bytes written=566760
		FILE: Number of read operations=0
		FILE: Number of large read operations=0
		FILE: Number of write operations=0
	Map-Reduce Framework
		Map input records=18
		Map output records=18
		Map output bytes=235
		Map output materialized bytes=134
		Input split bytes=371
		Combine input records=18
		Combine output records=8
		Spilled Records=8
		Failed Shuffles=0
		Merged Map outputs=0
		GC time elapsed (ms)=0
		Total committed heap usage (bytes)=1048576000
	File Input Format Counters 
		Bytes Read=0
	org.apache.pig.PigWarning
		ACCESSING_NON_EXISTENT_FIELD=3
		FIELD_DISCARDED_TYPE_CONVERSION_FAILED=3
2022-11-15 12:43:03,345 [LocalJobRunner Map Task Executor #0] INFO  org.apache.hadoop.mapred.LocalJobRunner - Finishing task: attempt_local68327687_0001_m_000000_0
2022-11-15 12:43:03,346 [Thread-5] INFO  org.apache.hadoop.mapred.LocalJobRunner - map task executor complete.
2022-11-15 12:43:03,348 [Thread-5] INFO  org.apache.hadoop.mapred.LocalJobRunner - Waiting for reduce tasks
2022-11-15 12:43:03,348 [pool-4-thread-1] INFO  org.apache.hadoop.mapred.LocalJobRunner - Starting task: attempt_local68327687_0001_r_000000_0
2022-11-15 12:43:03,355 [main] INFO  org.apache.pig.backend.hadoop.executionengine.mapReduceLayer.MapReduceLauncher - HadoopJobId: job_local68327687_0001
2022-11-15 12:43:03,355 [main] INFO  org.apache.pig.backend.hadoop.executionengine.mapReduceLayer.MapReduceLauncher - Processing aliases E,F,total_ratings
2022-11-15 12:43:03,355 [main] INFO  org.apache.pig.backend.hadoop.executionengine.mapReduceLayer.MapReduceLauncher - detailed locations: M: E[1,4],E[-1,-1],total_ratings[3,16],F[2,4] C: total_ratings[3,16],F[2,4] R: total_ratings[3,16]
2022-11-15 12:43:03,357 [main] INFO  org.apache.pig.backend.hadoop.executionengine.mapReduceLayer.MapReduceLauncher - 25% complete
2022-11-15 12:43:03,357 [main] INFO  org.apache.pig.backend.hadoop.executionengine.mapReduceLayer.MapReduceLauncher - Running jobs are [job_local68327687_0001]
2022-11-15 12:43:03,359 [pool-4-thread-1] INFO  org.apache.hadoop.mapreduce.lib.output.FileOutputCommitter - File Output Committer Algorithm version is 2
2022-11-15 12:43:03,359 [pool-4-thread-1] INFO  org.apache.hadoop.mapreduce.lib.output.FileOutputCommitter - FileOutputCommitter skip cleanup _temporary folders under output directory:false, ignore cleanup failures: false
2022-11-15 12:43:03,361 [pool-4-thread-1] INFO  org.apache.hadoop.mapred.Task -  Using ResourceCalculatorProcessTree : [ ]
2022-11-15 12:43:03,362 [pool-4-thread-1] INFO  org.apache.hadoop.mapred.ReduceTask - Using ShuffleConsumerPlugin: org.apache.hadoop.mapreduce.task.reduce.Shuffle@2ca1db4e
2022-11-15 12:43:03,363 [pool-4-thread-1] WARN  org.apache.hadoop.metrics2.impl.MetricsSystemImpl - JobTracker metrics system already initialized!
2022-11-15 12:43:03,374 [pool-4-thread-1] INFO  org.apache.hadoop.mapreduce.task.reduce.MergeManagerImpl - MergerManager: memoryLimit=734003200, maxSingleShuffleLimit=183500800, mergeThreshold=484442144, ioSortFactor=10, memToMemMergeOutputsThreshold=10
2022-11-15 12:43:03,375 [EventFetcher for fetching Map Completion Events] INFO  org.apache.hadoop.mapreduce.task.reduce.EventFetcher - attempt_local68327687_0001_r_000000_0 Thread started: EventFetcher for fetching Map Completion Events
2022-11-15 12:43:03,396 [localfetcher#1] INFO  org.apache.hadoop.mapreduce.task.reduce.LocalFetcher - localfetcher#1 about to shuffle output of map attempt_local68327687_0001_m_000000_0 decomp: 130 len: 134 to MEMORY
2022-11-15 12:43:03,398 [localfetcher#1] INFO  org.apache.hadoop.mapreduce.task.reduce.InMemoryMapOutput - Read 130 bytes from map-output for attempt_local68327687_0001_m_000000_0
2022-11-15 12:43:03,398 [localfetcher#1] INFO  org.apache.hadoop.mapreduce.task.reduce.MergeManagerImpl - closeInMemoryFile -> map-output of size: 130, inMemoryMapOutputs.size() -> 1, commitMemory -> 0, usedMemory ->130
2022-11-15 12:43:03,400 [EventFetcher for fetching Map Completion Events] INFO  org.apache.hadoop.mapreduce.task.reduce.EventFetcher - EventFetcher is interrupted.. Returning
2022-11-15 12:43:03,401 [pool-4-thread-1] INFO  org.apache.hadoop.mapred.LocalJobRunner - 1 / 1 copied.
2022-11-15 12:43:03,401 [pool-4-thread-1] INFO  org.apache.hadoop.mapreduce.task.reduce.MergeManagerImpl - finalMerge called with 1 in-memory map-outputs and 0 on-disk map-outputs
2022-11-15 12:43:03,404 [pool-4-thread-1] INFO  org.apache.hadoop.mapred.Merger - Merging 1 sorted segments
2022-11-15 12:43:03,404 [pool-4-thread-1] INFO  org.apache.hadoop.mapred.Merger - Down to the last merge-pass, with 1 segments left of total size: 122 bytes
2022-11-15 12:43:03,405 [pool-4-thread-1] INFO  org.apache.hadoop.mapreduce.task.reduce.MergeManagerImpl - Merged 1 segments, 130 bytes to disk to satisfy reduce memory limit
2022-11-15 12:43:03,405 [pool-4-thread-1] INFO  org.apache.hadoop.mapreduce.task.reduce.MergeManagerImpl - Merging 1 files, 134 bytes from disk
2022-11-15 12:43:03,405 [pool-4-thread-1] INFO  org.apache.hadoop.mapreduce.task.reduce.MergeManagerImpl - Merging 0 segments, 0 bytes from memory into reduce
2022-11-15 12:43:03,405 [pool-4-thread-1] INFO  org.apache.hadoop.mapred.Merger - Merging 1 sorted segments
2022-11-15 12:43:03,406 [pool-4-thread-1] INFO  org.apache.hadoop.mapred.Merger - Down to the last merge-pass, with 1 segments left of total size: 122 bytes
2022-11-15 12:43:03,406 [pool-4-thread-1] INFO  org.apache.hadoop.mapred.LocalJobRunner - 1 / 1 copied.
2022-11-15 12:43:03,409 [pool-4-thread-1] INFO  org.apache.hadoop.mapreduce.lib.output.FileOutputCommitter - File Output Committer Algorithm version is 2
2022-11-15 12:43:03,409 [pool-4-thread-1] INFO  org.apache.hadoop.mapreduce.lib.output.FileOutputCommitter - FileOutputCommitter skip cleanup _temporary folders under output directory:false, ignore cleanup failures: false
2022-11-15 12:43:03,410 [pool-4-thread-1] INFO  org.apache.hadoop.conf.Configuration.deprecation - mapred.skip.on is deprecated. Instead, use mapreduce.job.skiprecords
2022-11-15 12:43:03,411 [pool-4-thread-1] INFO  org.apache.pig.impl.util.SpillableMemoryManager - Selected heap (G1 Old Gen) of size 1048576000 to monitor. collectionUsageThreshold = 734003200, usageThreshold = 734003200
2022-11-15 12:43:03,411 [pool-4-thread-1] WARN  org.apache.pig.data.SchemaTupleBackend - SchemaTupleBackend has already been initialized
2022-11-15 12:43:03,415 [pool-4-thread-1] INFO  org.apache.pig.backend.hadoop.executionengine.mapReduceLayer.PigMapReduce$Reduce - Aliases being processed per job phase (AliasName[line,offset]): M: E[1,4],E[-1,-1],total_ratings[3,16],F[2,4] C: total_ratings[3,16],F[2,4] R: total_ratings[3,16]
2022-11-15 12:43:03,417 [pool-4-thread-1] INFO  org.apache.hadoop.mapred.Task - Task:attempt_local68327687_0001_r_000000_0 is done. And is in the process of committing
2022-11-15 12:43:03,419 [pool-4-thread-1] INFO  org.apache.hadoop.mapred.LocalJobRunner - 1 / 1 copied.
2022-11-15 12:43:03,419 [pool-4-thread-1] INFO  org.apache.hadoop.mapred.Task - Task attempt_local68327687_0001_r_000000_0 is allowed to commit now
2022-11-15 12:43:03,422 [pool-4-thread-1] INFO  org.apache.hadoop.mapreduce.lib.output.FileOutputCommitter - Saved output of task 'attempt_local68327687_0001_r_000000_0' to file:/tmp/temp-1441977551/tmp175981485
2022-11-15 12:43:03,423 [pool-4-thread-1] INFO  org.apache.hadoop.mapred.LocalJobRunner - reduce > reduce
2022-11-15 12:43:03,423 [pool-4-thread-1] INFO  org.apache.hadoop.mapred.Task - Task 'attempt_local68327687_0001_r_000000_0' done.
2022-11-15 12:43:03,423 [pool-4-thread-1] INFO  org.apache.hadoop.mapred.Task - Final Counters for attempt_local68327687_0001_r_000000_0: Counters: 24
	File System Counters
		FILE: Number of bytes read=978
		FILE: Number of bytes written=566968
		FILE: Number of read operations=0
		FILE: Number of large read operations=0
		FILE: Number of write operations=0
	Map-Reduce Framework
		Combine input records=0
		Combine output records=0
		Reduce input groups=8
		Reduce shuffle bytes=134
		Reduce input records=8
		Reduce output records=8
		Spilled Records=8
		Shuffled Maps =1
		Failed Shuffles=0
		Merged Map outputs=1
		GC time elapsed (ms)=0
		Total committed heap usage (bytes)=1048576000
	Shuffle Errors
		BAD_ID=0
		CONNECTION=0
		IO_ERROR=0
		WRONG_LENGTH=0
		WRONG_MAP=0
		WRONG_REDUCE=0
	File Output Format Counters 
		Bytes Written=0
2022-11-15 12:43:03,423 [pool-4-thread-1] INFO  org.apache.hadoop.mapred.LocalJobRunner - Finishing task: attempt_local68327687_0001_r_000000_0
2022-11-15 12:43:03,423 [Thread-5] INFO  org.apache.hadoop.mapred.LocalJobRunner - reduce task executor complete.
2022-11-15 12:43:03,551 [main] INFO  org.apache.pig.backend.hadoop.executionengine.mapReduceLayer.MapReduceLauncher - 50% complete
2022-11-15 12:43:03,553 [main] WARN  org.apache.hadoop.metrics2.impl.MetricsSystemImpl - JobTracker metrics system already initialized!
2022-11-15 12:43:03,572 [main] WARN  org.apache.hadoop.metrics2.impl.MetricsSystemImpl - JobTracker metrics system already initialized!
2022-11-15 12:43:03,572 [main] INFO  org.apache.hadoop.conf.Configuration.deprecation - mapred.map.tasks is deprecated. Instead, use mapreduce.job.maps
2022-11-15 12:43:03,573 [main] WARN  org.apache.hadoop.metrics2.impl.MetricsSystemImpl - JobTracker metrics system already initialized!
2022-11-15 12:43:03,594 [main] INFO  org.apache.pig.tools.pigstats.mapreduce.MRScriptState - Pig script settings are added to the job
2022-11-15 12:43:03,595 [main] INFO  org.apache.pig.backend.hadoop.executionengine.mapReduceLayer.JobControlCompiler - mapred.job.reduce.markreset.buffer.percent is not set, set to default 0.3
2022-11-15 12:43:03,595 [main] INFO  org.apache.pig.backend.hadoop.executionengine.mapReduceLayer.JobControlCompiler - Reduce phase detected, estimating # of required reducers.
2022-11-15 12:43:03,595 [main] INFO  org.apache.pig.backend.hadoop.executionengine.mapReduceLayer.JobControlCompiler - Using reducer estimator: org.apache.pig.backend.hadoop.executionengine.mapReduceLayer.InputSizeReducerEstimator
2022-11-15 12:43:03,596 [main] INFO  org.apache.pig.backend.hadoop.executionengine.mapReduceLayer.InputSizeReducerEstimator - BytesPerReducer=1000000000 maxReducers=999 totalInputFileSize=62
2022-11-15 12:43:03,596 [main] INFO  org.apache.pig.backend.hadoop.executionengine.mapReduceLayer.JobControlCompiler - Setting Parallelism to 1
2022-11-15 12:43:03,598 [main] INFO  org.apache.pig.backend.hadoop.executionengine.mapReduceLayer.JobControlCompiler - Setting up single store job
2022-11-15 12:43:03,616 [main] INFO  org.apache.pig.backend.hadoop.executionengine.mapReduceLayer.MapReduceLauncher - 1 map-reduce job(s) waiting for submission.
2022-11-15 12:43:03,618 [JobControl] WARN  org.apache.hadoop.metrics2.impl.MetricsSystemImpl - JobTracker metrics system already initialized!
2022-11-15 12:43:03,624 [JobControl] WARN  org.apache.hadoop.mapreduce.JobResourceUploader - No job jar file set.  User classes may not be found. See Job or Job#setJar(String).
2022-11-15 12:43:03,630 [JobControl] INFO  org.apache.hadoop.mapreduce.lib.input.FileInputFormat - Total input files to process : 1
2022-11-15 12:43:03,631 [JobControl] INFO  org.apache.pig.backend.hadoop.executionengine.util.MapRedUtil - Total input paths to process : 1
2022-11-15 12:43:03,631 [JobControl] INFO  org.apache.pig.backend.hadoop.executionengine.util.MapRedUtil - Total input paths (combined) to process : 1
2022-11-15 12:43:03,633 [JobControl] INFO  org.apache.hadoop.mapreduce.JobSubmitter - number of splits:1
2022-11-15 12:43:03,644 [JobControl] INFO  org.apache.hadoop.mapreduce.JobSubmitter - Submitting tokens for job: job_local383677028_0002
2022-11-15 12:43:03,644 [JobControl] INFO  org.apache.hadoop.mapreduce.JobSubmitter - Executing with tokens: []
2022-11-15 12:43:03,659 [JobControl] WARN  org.apache.hadoop.conf.Configuration - file:/tmp/hadoop/mapred/staging/ajaved383677028/.staging/job_local383677028_0002/job.xml:an attempt to override final parameter: yarn.resourcemanager.hostname;  Ignoring.
2022-11-15 12:43:03,701 [JobControl] INFO  org.apache.hadoop.mapreduce.Job - The url to track the job: http://localhost:8080/
2022-11-15 12:43:03,701 [Thread-14] INFO  org.apache.hadoop.mapred.LocalJobRunner - OutputCommitter set in config null
2022-11-15 12:43:03,707 [Thread-14] INFO  org.apache.hadoop.conf.Configuration.deprecation - mapred.textoutputformat.separator is deprecated. Instead, use mapreduce.output.textoutputformat.separator
2022-11-15 12:43:03,708 [Thread-14] INFO  org.apache.hadoop.conf.Configuration.deprecation - mapred.reduce.tasks is deprecated. Instead, use mapreduce.job.reduces
2022-11-15 12:43:03,708 [Thread-14] INFO  org.apache.hadoop.conf.Configuration.deprecation - mapred.job.tracker is deprecated. Instead, use mapreduce.jobtracker.address
2022-11-15 12:43:03,708 [Thread-14] INFO  org.apache.hadoop.conf.Configuration.deprecation - mapred.job.reduce.markreset.buffer.percent is deprecated. Instead, use mapreduce.reduce.markreset.buffer.percent
2022-11-15 12:43:03,708 [Thread-14] INFO  org.apache.hadoop.mapreduce.lib.output.FileOutputCommitter - File Output Committer Algorithm version is 2
2022-11-15 12:43:03,708 [Thread-14] INFO  org.apache.hadoop.mapreduce.lib.output.FileOutputCommitter - FileOutputCommitter skip cleanup _temporary folders under output directory:false, ignore cleanup failures: false
2022-11-15 12:43:03,708 [Thread-14] INFO  org.apache.hadoop.mapred.LocalJobRunner - OutputCommitter is org.apache.pig.backend.hadoop.executionengine.mapReduceLayer.PigOutputCommitter
2022-11-15 12:43:03,765 [Thread-14] INFO  org.apache.hadoop.mapred.LocalJobRunner - Waiting for map tasks
2022-11-15 12:43:03,765 [LocalJobRunner Map Task Executor #0] INFO  org.apache.hadoop.mapred.LocalJobRunner - Starting task: attempt_local383677028_0002_m_000000_0
2022-11-15 12:43:03,772 [LocalJobRunner Map Task Executor #0] INFO  org.apache.hadoop.mapreduce.lib.output.FileOutputCommitter - File Output Committer Algorithm version is 2
2022-11-15 12:43:03,772 [LocalJobRunner Map Task Executor #0] INFO  org.apache.hadoop.mapreduce.lib.output.FileOutputCommitter - FileOutputCommitter skip cleanup _temporary folders under output directory:false, ignore cleanup failures: false
2022-11-15 12:43:03,773 [LocalJobRunner Map Task Executor #0] INFO  org.apache.hadoop.mapred.Task -  Using ResourceCalculatorProcessTree : [ ]
2022-11-15 12:43:03,774 [LocalJobRunner Map Task Executor #0] INFO  org.apache.hadoop.mapred.MapTask - Processing split: Number of splits :1
Total Length = 62
Input split[0]:
   Length = 62
   ClassName: org.apache.hadoop.mapreduce.lib.input.FileSplit
   Locations:

-----------------------

2022-11-15 12:43:03,776 [LocalJobRunner Map Task Executor #0] INFO  org.apache.pig.backend.hadoop.executionengine.mapReduceLayer.PigRecordReader - Current split being processed file:/tmp/temp-1441977551/tmp175981485/part-r-00000:0+62
2022-11-15 12:43:03,788 [LocalJobRunner Map Task Executor #0] INFO  org.apache.hadoop.mapred.MapTask - (EQUATOR) 0 kvi 26214396(104857584)
2022-11-15 12:43:03,788 [LocalJobRunner Map Task Executor #0] INFO  org.apache.hadoop.mapred.MapTask - mapreduce.task.io.sort.mb: 100
2022-11-15 12:43:03,788 [LocalJobRunner Map Task Executor #0] INFO  org.apache.hadoop.mapred.MapTask - soft limit at 83886080
2022-11-15 12:43:03,788 [LocalJobRunner Map Task Executor #0] INFO  org.apache.hadoop.mapred.MapTask - bufstart = 0; bufvoid = 104857600
2022-11-15 12:43:03,788 [LocalJobRunner Map Task Executor #0] INFO  org.apache.hadoop.mapred.MapTask - kvstart = 26214396; length = 6553600
2022-11-15 12:43:03,789 [LocalJobRunner Map Task Executor #0] INFO  org.apache.hadoop.mapred.MapTask - Map output collector class = org.apache.hadoop.mapred.MapTask$MapOutputBuffer
2022-11-15 12:43:03,793 [LocalJobRunner Map Task Executor #0] INFO  org.apache.pig.impl.util.SpillableMemoryManager - Selected heap (G1 Old Gen) of size 1048576000 to monitor. collectionUsageThreshold = 734003200, usageThreshold = 734003200
2022-11-15 12:43:03,793 [LocalJobRunner Map Task Executor #0] WARN  org.apache.pig.data.SchemaTupleBackend - SchemaTupleBackend has already been initialized
2022-11-15 12:43:03,795 [LocalJobRunner Map Task Executor #0] INFO  org.apache.pig.backend.hadoop.executionengine.mapReduceLayer.PigGenericMapReduce$Map - Aliases being processed per job phase (AliasName[line,offset]): M: result[5,9],C[4,4] C: result[5,9],C[4,4] R: result[5,9],result[6,9]
2022-11-15 12:43:03,797 [LocalJobRunner Map Task Executor #0] INFO  org.apache.hadoop.mapred.LocalJobRunner - 
2022-11-15 12:43:03,797 [LocalJobRunner Map Task Executor #0] INFO  org.apache.hadoop.mapred.MapTask - Starting flush of map output
2022-11-15 12:43:03,797 [LocalJobRunner Map Task Executor #0] INFO  org.apache.hadoop.mapred.MapTask - Spilling map output
2022-11-15 12:43:03,797 [LocalJobRunner Map Task Executor #0] INFO  org.apache.hadoop.mapred.MapTask - bufstart = 0; bufend = 84; bufvoid = 104857600
2022-11-15 12:43:03,797 [LocalJobRunner Map Task Executor #0] INFO  org.apache.hadoop.mapred.MapTask - kvstart = 26214396(104857584); kvend = 26214368(104857472); length = 29/6553600
2022-11-15 12:43:03,803 [LocalJobRunner Map Task Executor #0] INFO  org.apache.hadoop.mapred.MapTask - Finished spill 0
2022-11-15 12:43:03,804 [LocalJobRunner Map Task Executor #0] INFO  org.apache.hadoop.mapred.Task - Task:attempt_local383677028_0002_m_000000_0 is done. And is in the process of committing
2022-11-15 12:43:03,805 [LocalJobRunner Map Task Executor #0] INFO  org.apache.hadoop.mapred.LocalJobRunner - map
2022-11-15 12:43:03,805 [LocalJobRunner Map Task Executor #0] INFO  org.apache.hadoop.mapred.Task - Task 'attempt_local383677028_0002_m_000000_0' done.
2022-11-15 12:43:03,805 [LocalJobRunner Map Task Executor #0] INFO  org.apache.hadoop.mapred.Task - Final Counters for attempt_local383677028_0002_m_000000_0: Counters: 18
	File System Counters
		FILE: Number of bytes read=1488
		FILE: Number of bytes written=1134732
		FILE: Number of read operations=0
		FILE: Number of large read operations=0
		FILE: Number of write operations=0
	Map-Reduce Framework
		Map input records=8
		Map output records=8
		Map output bytes=84
		Map output materialized bytes=94
		Input split bytes=378
		Combine input records=8
		Combine output records=7
		Spilled Records=7
		Failed Shuffles=0
		Merged Map outputs=0
		GC time elapsed (ms)=0
		Total committed heap usage (bytes)=1048576000
	File Input Format Counters 
		Bytes Read=0
2022-11-15 12:43:03,805 [LocalJobRunner Map Task Executor #0] INFO  org.apache.hadoop.mapred.LocalJobRunner - Finishing task: attempt_local383677028_0002_m_000000_0
2022-11-15 12:43:03,805 [Thread-14] INFO  org.apache.hadoop.mapred.LocalJobRunner - map task executor complete.
2022-11-15 12:43:03,806 [Thread-14] INFO  org.apache.hadoop.mapred.LocalJobRunner - Waiting for reduce tasks
2022-11-15 12:43:03,806 [pool-9-thread-1] INFO  org.apache.hadoop.mapred.LocalJobRunner - Starting task: attempt_local383677028_0002_r_000000_0
2022-11-15 12:43:03,813 [pool-9-thread-1] INFO  org.apache.hadoop.mapreduce.lib.output.FileOutputCommitter - File Output Committer Algorithm version is 2
2022-11-15 12:43:03,813 [pool-9-thread-1] INFO  org.apache.hadoop.mapreduce.lib.output.FileOutputCommitter - FileOutputCommitter skip cleanup _temporary folders under output directory:false, ignore cleanup failures: false
2022-11-15 12:43:03,815 [pool-9-thread-1] INFO  org.apache.hadoop.mapred.Task -  Using ResourceCalculatorProcessTree : [ ]
2022-11-15 12:43:03,815 [pool-9-thread-1] INFO  org.apache.hadoop.mapred.ReduceTask - Using ShuffleConsumerPlugin: org.apache.hadoop.mapreduce.task.reduce.Shuffle@18d88a59
2022-11-15 12:43:03,815 [pool-9-thread-1] WARN  org.apache.hadoop.metrics2.impl.MetricsSystemImpl - JobTracker metrics system already initialized!
2022-11-15 12:43:03,816 [pool-9-thread-1] INFO  org.apache.hadoop.mapreduce.task.reduce.MergeManagerImpl - MergerManager: memoryLimit=734003200, maxSingleShuffleLimit=183500800, mergeThreshold=484442144, ioSortFactor=10, memToMemMergeOutputsThreshold=10
2022-11-15 12:43:03,817 [EventFetcher for fetching Map Completion Events] INFO  org.apache.hadoop.mapreduce.task.reduce.EventFetcher - attempt_local383677028_0002_r_000000_0 Thread started: EventFetcher for fetching Map Completion Events
2022-11-15 12:43:03,818 [localfetcher#2] INFO  org.apache.hadoop.mapreduce.task.reduce.LocalFetcher - localfetcher#2 about to shuffle output of map attempt_local383677028_0002_m_000000_0 decomp: 90 len: 94 to MEMORY
2022-11-15 12:43:03,818 [localfetcher#2] INFO  org.apache.hadoop.mapreduce.task.reduce.InMemoryMapOutput - Read 90 bytes from map-output for attempt_local383677028_0002_m_000000_0
2022-11-15 12:43:03,818 [localfetcher#2] INFO  org.apache.hadoop.mapreduce.task.reduce.MergeManagerImpl - closeInMemoryFile -> map-output of size: 90, inMemoryMapOutputs.size() -> 1, commitMemory -> 0, usedMemory ->90
2022-11-15 12:43:03,819 [EventFetcher for fetching Map Completion Events] INFO  org.apache.hadoop.mapreduce.task.reduce.EventFetcher - EventFetcher is interrupted.. Returning
2022-11-15 12:43:03,819 [pool-9-thread-1] INFO  org.apache.hadoop.mapred.LocalJobRunner - 1 / 1 copied.
2022-11-15 12:43:03,819 [pool-9-thread-1] INFO  org.apache.hadoop.mapreduce.task.reduce.MergeManagerImpl - finalMerge called with 1 in-memory map-outputs and 0 on-disk map-outputs
2022-11-15 12:43:03,820 [pool-9-thread-1] INFO  org.apache.hadoop.mapred.Merger - Merging 1 sorted segments
2022-11-15 12:43:03,820 [pool-9-thread-1] INFO  org.apache.hadoop.mapred.Merger - Down to the last merge-pass, with 1 segments left of total size: 82 bytes
2022-11-15 12:43:03,820 [pool-9-thread-1] INFO  org.apache.hadoop.mapreduce.task.reduce.MergeManagerImpl - Merged 1 segments, 90 bytes to disk to satisfy reduce memory limit
2022-11-15 12:43:03,821 [pool-9-thread-1] INFO  org.apache.hadoop.mapreduce.task.reduce.MergeManagerImpl - Merging 1 files, 94 bytes from disk
2022-11-15 12:43:03,821 [pool-9-thread-1] INFO  org.apache.hadoop.mapreduce.task.reduce.MergeManagerImpl - Merging 0 segments, 0 bytes from memory into reduce
2022-11-15 12:43:03,821 [pool-9-thread-1] INFO  org.apache.hadoop.mapred.Merger - Merging 1 sorted segments
2022-11-15 12:43:03,821 [pool-9-thread-1] INFO  org.apache.hadoop.mapred.Merger - Down to the last merge-pass, with 1 segments left of total size: 82 bytes
2022-11-15 12:43:03,821 [pool-9-thread-1] INFO  org.apache.hadoop.mapred.LocalJobRunner - 1 / 1 copied.
2022-11-15 12:43:03,823 [pool-9-thread-1] INFO  org.apache.hadoop.mapreduce.lib.output.FileOutputCommitter - File Output Committer Algorithm version is 2
2022-11-15 12:43:03,823 [pool-9-thread-1] INFO  org.apache.hadoop.mapreduce.lib.output.FileOutputCommitter - FileOutputCommitter skip cleanup _temporary folders under output directory:false, ignore cleanup failures: false
2022-11-15 12:43:03,868 [pool-9-thread-1] INFO  org.apache.pig.impl.util.SpillableMemoryManager - Selected heap (G1 Old Gen) of size 1048576000 to monitor. collectionUsageThreshold = 734003200, usageThreshold = 734003200
2022-11-15 12:43:03,868 [pool-9-thread-1] WARN  org.apache.pig.data.SchemaTupleBackend - SchemaTupleBackend has already been initialized
2022-11-15 12:43:03,870 [pool-9-thread-1] INFO  org.apache.pig.backend.hadoop.executionengine.mapReduceLayer.PigMapReduce$Reduce - Aliases being processed per job phase (AliasName[line,offset]): M: result[5,9],C[4,4] C: result[5,9],C[4,4] R: result[5,9],result[6,9]
2022-11-15 12:43:03,881 [pool-9-thread-1] INFO  org.apache.hadoop.mapred.Task - Task:attempt_local383677028_0002_r_000000_0 is done. And is in the process of committing
2022-11-15 12:43:03,883 [pool-9-thread-1] INFO  org.apache.hadoop.mapred.LocalJobRunner - 1 / 1 copied.
2022-11-15 12:43:03,883 [pool-9-thread-1] INFO  org.apache.hadoop.mapred.Task - Task attempt_local383677028_0002_r_000000_0 is allowed to commit now
2022-11-15 12:43:03,894 [pool-9-thread-1] INFO  org.apache.hadoop.mapreduce.lib.output.FileOutputCommitter - Saved output of task 'attempt_local383677028_0002_r_000000_0' to file:/home/ajaved/project6/output
2022-11-15 12:43:03,894 [pool-9-thread-1] INFO  org.apache.hadoop.mapred.LocalJobRunner - reduce > reduce
2022-11-15 12:43:03,894 [pool-9-thread-1] INFO  org.apache.hadoop.mapred.Task - Task 'attempt_local383677028_0002_r_000000_0' done.
2022-11-15 12:43:03,895 [pool-9-thread-1] INFO  org.apache.hadoop.mapred.Task - Final Counters for attempt_local383677028_0002_r_000000_0: Counters: 24
	File System Counters
		FILE: Number of bytes read=1708
		FILE: Number of bytes written=1134874
		FILE: Number of read operations=0
		FILE: Number of large read operations=0
		FILE: Number of write operations=0
	Map-Reduce Framework
		Combine input records=0
		Combine output records=0
		Reduce input groups=7
		Reduce shuffle bytes=94
		Reduce input records=7
		Reduce output records=6
		Spilled Records=7
		Shuffled Maps =1
		Failed Shuffles=0
		Merged Map outputs=1
		GC time elapsed (ms)=0
		Total committed heap usage (bytes)=1048576000
	Shuffle Errors
		BAD_ID=0
		CONNECTION=0
		IO_ERROR=0
		WRONG_LENGTH=0
		WRONG_MAP=0
		WRONG_REDUCE=0
	File Output Format Counters 
		Bytes Written=0
2022-11-15 12:43:03,895 [pool-9-thread-1] INFO  org.apache.hadoop.mapred.LocalJobRunner - Finishing task: attempt_local383677028_0002_r_000000_0
2022-11-15 12:43:03,895 [Thread-14] INFO  org.apache.hadoop.mapred.LocalJobRunner - reduce task executor complete.
2022-11-15 12:43:04,102 [main] INFO  org.apache.pig.backend.hadoop.executionengine.mapReduceLayer.MapReduceLauncher - HadoopJobId: job_local383677028_0002
2022-11-15 12:43:04,102 [main] INFO  org.apache.pig.backend.hadoop.executionengine.mapReduceLayer.MapReduceLauncher - Processing aliases C,result
2022-11-15 12:43:04,102 [main] INFO  org.apache.pig.backend.hadoop.executionengine.mapReduceLayer.MapReduceLauncher - detailed locations: M: result[5,9],C[4,4] C: result[5,9],C[4,4] R: result[5,9],result[6,9]
2022-11-15 12:43:04,105 [main] WARN  org.apache.hadoop.metrics2.impl.MetricsSystemImpl - JobTracker metrics system already initialized!
2022-11-15 12:43:04,107 [main] WARN  org.apache.hadoop.metrics2.impl.MetricsSystemImpl - JobTracker metrics system already initialized!
2022-11-15 12:43:04,108 [main] WARN  org.apache.hadoop.metrics2.impl.MetricsSystemImpl - JobTracker metrics system already initialized!
2022-11-15 12:43:04,113 [main] INFO  org.apache.pig.backend.hadoop.executionengine.mapReduceLayer.MapReduceLauncher - 100% complete
2022-11-15 12:43:04,128 [main] INFO  org.apache.pig.tools.pigstats.mapreduce.SimplePigStats - Script Statistics: 

HadoopVersion	PigVersion	UserId	StartedAt	FinishedAt	Features
3.2.2	0.17.0	ajaved	2022-11-15 12:43:02	2022-11-15 12:43:04	GROUP_BY,FILTER

Success!

Job Stats (time in seconds):
JobId	Maps	Reduces	MaxMapTime	MinMapTime	AvgMapTime	MedianMapTime	MaxReduceTime	MinReduceTime	AvgReduceTime	MedianReducetime	Alias	Feature	Outputs
job_local383677028_0002	1	1	n/a	n/a	n/a	n/a	n/a	n/a	n/a	n/a	C,result	GROUP_BY,COMBINER	file:///home/ajaved/project6/output,
job_local68327687_0001	1	1	n/a	n/a	n/a	n/a	n/a	n/a	n/a	n/a	E,F,total_ratings	GROUP_BY,COMBINER	

Input(s):
Successfully read 18 records from: "file:///home/ajaved/project6/small-netflix.csv"

Output(s):
Successfully stored 6 records in: "file:///home/ajaved/project6/output"

Counters:
Total records written : 6
Total bytes written : 0
Spillable Memory Manager spill count : 0
Total bags proactively spilled: 0
Total records proactively spilled: 0

Job DAG:
job_local68327687_0001	->	job_local383677028_0002,
job_local383677028_0002


2022-11-15 12:43:04,135 [main] WARN  org.apache.hadoop.metrics2.impl.MetricsSystemImpl - JobTracker metrics system already initialized!
2022-11-15 12:43:04,137 [main] WARN  org.apache.hadoop.metrics2.impl.MetricsSystemImpl - JobTracker metrics system already initialized!
2022-11-15 12:43:04,138 [main] WARN  org.apache.hadoop.metrics2.impl.MetricsSystemImpl - JobTracker metrics system already initialized!
2022-11-15 12:43:04,142 [main] WARN  org.apache.hadoop.metrics2.impl.MetricsSystemImpl - JobTracker metrics system already initialized!
2022-11-15 12:43:04,144 [main] WARN  org.apache.hadoop.metrics2.impl.MetricsSystemImpl - JobTracker metrics system already initialized!
2022-11-15 12:43:04,144 [main] WARN  org.apache.hadoop.metrics2.impl.MetricsSystemImpl - JobTracker metrics system already initialized!
2022-11-15 12:43:04,147 [main] WARN  org.apache.pig.backend.hadoop.executionengine.mapReduceLayer.MapReduceLauncher - Encountered Warning ACCESSING_NON_EXISTENT_FIELD 3 time(s).
2022-11-15 12:43:04,147 [main] WARN  org.apache.pig.backend.hadoop.executionengine.mapReduceLayer.MapReduceLauncher - Encountered Warning FIELD_DISCARDED_TYPE_CONVERSION_FAILED 3 time(s).
2022-11-15 12:43:04,147 [main] INFO  org.apache.pig.backend.hadoop.executionengine.mapReduceLayer.MapReduceLauncher - Success!
2022-11-15 12:43:04,161 [main] INFO  org.apache.pig.Main - Pig script completed in 2 seconds and 348 milliseconds (2348 ms)
