2022-10-01 16:51:54,710 INFO impl.MetricsConfig: Loaded properties from hadoop-metrics2.properties
2022-10-01 16:51:54,779 INFO impl.MetricsSystemImpl: Scheduled Metric snapshot period at 10 second(s).
2022-10-01 16:51:54,779 INFO impl.MetricsSystemImpl: JobTracker metrics system started
2022-10-01 16:51:54,837 WARN mapreduce.JobResourceUploader: Hadoop command-line option parsing not performed. Implement the Tool interface and execute your application with ToolRunner to remedy this.
2022-10-01 16:51:54,927 INFO input.FileInputFormat: Total input files to process : 1
2022-10-01 16:51:54,956 INFO mapreduce.JobSubmitter: number of splits:1
2022-10-01 16:51:55,075 INFO mapreduce.JobSubmitter: Submitting tokens for job: job_local2124950859_0001
2022-10-01 16:51:55,075 INFO mapreduce.JobSubmitter: Executing with tokens: []
2022-10-01 16:51:55,156 INFO mapreduce.Job: The url to track the job: http://localhost:8080/
2022-10-01 16:51:55,157 INFO mapreduce.Job: Running job: job_local2124950859_0001
2022-10-01 16:51:55,163 INFO mapred.LocalJobRunner: OutputCommitter set in config null
2022-10-01 16:51:55,169 INFO output.FileOutputCommitter: File Output Committer Algorithm version is 2
2022-10-01 16:51:55,169 INFO output.FileOutputCommitter: FileOutputCommitter skip cleanup _temporary folders under output directory:false, ignore cleanup failures: false
2022-10-01 16:51:55,170 INFO mapred.LocalJobRunner: OutputCommitter is org.apache.hadoop.mapreduce.lib.output.FileOutputCommitter
2022-10-01 16:51:55,302 INFO mapred.LocalJobRunner: Waiting for map tasks
2022-10-01 16:51:55,303 INFO mapred.LocalJobRunner: Starting task: attempt_local2124950859_0001_m_000000_0
2022-10-01 16:51:55,317 INFO output.FileOutputCommitter: File Output Committer Algorithm version is 2
2022-10-01 16:51:55,318 INFO output.FileOutputCommitter: FileOutputCommitter skip cleanup _temporary folders under output directory:false, ignore cleanup failures: false
2022-10-01 16:51:55,336 INFO mapred.Task:  Using ResourceCalculatorProcessTree : [ ]
2022-10-01 16:51:55,338 INFO mapred.MapTask: Processing split: file:/home/ajaved/project2/M-matrix-small.txt:0+132
2022-10-01 16:51:55,356 INFO mapred.MapTask: (EQUATOR) 0 kvi 26214396(104857584)
2022-10-01 16:51:55,356 INFO mapred.MapTask: mapreduce.task.io.sort.mb: 100
2022-10-01 16:51:55,356 INFO mapred.MapTask: soft limit at 83886080
2022-10-01 16:51:55,356 INFO mapred.MapTask: bufstart = 0; bufvoid = 104857600
2022-10-01 16:51:55,356 INFO mapred.MapTask: kvstart = 26214396; length = 6553600
2022-10-01 16:51:55,358 INFO mapred.MapTask: Map output collector class = org.apache.hadoop.mapred.MapTask$MapOutputBuffer
2022-10-01 16:51:55,382 INFO mapred.LocalJobRunner: 
2022-10-01 16:51:55,382 INFO mapred.MapTask: Starting flush of map output
2022-10-01 16:51:55,382 INFO mapred.MapTask: Spilling map output
2022-10-01 16:51:55,382 INFO mapred.MapTask: bufstart = 0; bufend = 288; bufvoid = 104857600
2022-10-01 16:51:55,382 INFO mapred.MapTask: kvstart = 26214396(104857584); kvend = 26214352(104857408); length = 45/6553600
2022-10-01 16:51:55,385 INFO mapred.MapTask: Finished spill 0
2022-10-01 16:51:55,391 INFO mapred.Task: Task:attempt_local2124950859_0001_m_000000_0 is done. And is in the process of committing
2022-10-01 16:51:55,392 INFO mapred.LocalJobRunner: map
2022-10-01 16:51:55,392 INFO mapred.Task: Task 'attempt_local2124950859_0001_m_000000_0' done.
2022-10-01 16:51:55,396 INFO mapred.Task: Final Counters for attempt_local2124950859_0001_m_000000_0: Counters: 17
	File System Counters
		FILE: Number of bytes read=8706
		FILE: Number of bytes written=552030
		FILE: Number of read operations=0
		FILE: Number of large read operations=0
		FILE: Number of write operations=0
	Map-Reduce Framework
		Map input records=12
		Map output records=12
		Map output bytes=288
		Map output materialized bytes=318
		Input split bytes=110
		Combine input records=0
		Spilled Records=12
		Failed Shuffles=0
		Merged Map outputs=0
		GC time elapsed (ms)=0
		Total committed heap usage (bytes)=2147483648
	File Input Format Counters 
		Bytes Read=132
2022-10-01 16:51:55,396 INFO mapred.LocalJobRunner: Finishing task: attempt_local2124950859_0001_m_000000_0
2022-10-01 16:51:55,397 INFO mapred.LocalJobRunner: map task executor complete.
2022-10-01 16:51:55,399 INFO mapred.LocalJobRunner: Waiting for reduce tasks
2022-10-01 16:51:55,399 INFO mapred.LocalJobRunner: Starting task: attempt_local2124950859_0001_r_000000_0
2022-10-01 16:51:55,404 INFO output.FileOutputCommitter: File Output Committer Algorithm version is 2
2022-10-01 16:51:55,404 INFO output.FileOutputCommitter: FileOutputCommitter skip cleanup _temporary folders under output directory:false, ignore cleanup failures: false
2022-10-01 16:51:55,405 INFO mapred.Task:  Using ResourceCalculatorProcessTree : [ ]
2022-10-01 16:51:55,406 INFO mapred.ReduceTask: Using ShuffleConsumerPlugin: org.apache.hadoop.mapreduce.task.reduce.Shuffle@17cf46ab
2022-10-01 16:51:55,407 WARN impl.MetricsSystemImpl: JobTracker metrics system already initialized!
2022-10-01 16:51:55,417 INFO reduce.MergeManagerImpl: The max number of bytes for a single in-memory shuffle cannot be larger than Integer.MAX_VALUE. Setting it to Integer.MAX_VALUE
2022-10-01 16:51:55,417 INFO reduce.MergeManagerImpl: MergerManager: memoryLimit=22525089792, maxSingleShuffleLimit=2147483647, mergeThreshold=14866560000, ioSortFactor=10, memToMemMergeOutputsThreshold=10
2022-10-01 16:51:55,419 INFO reduce.EventFetcher: attempt_local2124950859_0001_r_000000_0 Thread started: EventFetcher for fetching Map Completion Events
2022-10-01 16:51:55,438 INFO reduce.LocalFetcher: localfetcher#1 about to shuffle output of map attempt_local2124950859_0001_m_000000_0 decomp: 314 len: 318 to MEMORY
2022-10-01 16:51:55,440 INFO reduce.InMemoryMapOutput: Read 314 bytes from map-output for attempt_local2124950859_0001_m_000000_0
2022-10-01 16:51:55,441 INFO reduce.MergeManagerImpl: closeInMemoryFile -> map-output of size: 314, inMemoryMapOutputs.size() -> 1, commitMemory -> 0, usedMemory ->314
2022-10-01 16:51:55,443 INFO reduce.EventFetcher: EventFetcher is interrupted.. Returning
2022-10-01 16:51:55,443 INFO mapred.LocalJobRunner: 1 / 1 copied.
2022-10-01 16:51:55,443 INFO reduce.MergeManagerImpl: finalMerge called with 1 in-memory map-outputs and 0 on-disk map-outputs
2022-10-01 16:51:55,446 INFO mapred.Merger: Merging 1 sorted segments
2022-10-01 16:51:55,447 INFO mapred.Merger: Down to the last merge-pass, with 1 segments left of total size: 304 bytes
2022-10-01 16:51:55,447 INFO reduce.MergeManagerImpl: Merged 1 segments, 314 bytes to disk to satisfy reduce memory limit
2022-10-01 16:51:55,448 INFO reduce.MergeManagerImpl: Merging 1 files, 318 bytes from disk
2022-10-01 16:51:55,448 INFO reduce.MergeManagerImpl: Merging 0 segments, 0 bytes from memory into reduce
2022-10-01 16:51:55,448 INFO mapred.Merger: Merging 1 sorted segments
2022-10-01 16:51:55,448 INFO mapred.Merger: Down to the last merge-pass, with 1 segments left of total size: 304 bytes
2022-10-01 16:51:55,449 INFO mapred.LocalJobRunner: 1 / 1 copied.
2022-10-01 16:51:55,531 INFO Configuration.deprecation: mapred.skip.on is deprecated. Instead, use mapreduce.job.skiprecords
2022-10-01 16:51:55,550 INFO mapred.Task: Task:attempt_local2124950859_0001_r_000000_0 is done. And is in the process of committing
2022-10-01 16:51:55,551 INFO mapred.LocalJobRunner: 1 / 1 copied.
2022-10-01 16:51:55,551 INFO mapred.Task: Task attempt_local2124950859_0001_r_000000_0 is allowed to commit now
2022-10-01 16:51:55,590 INFO output.FileOutputCommitter: Saved output of task 'attempt_local2124950859_0001_r_000000_0' to file:/home/ajaved/project2/left_tmp
2022-10-01 16:51:55,591 INFO mapred.LocalJobRunner: reduce > reduce
2022-10-01 16:51:55,591 INFO mapred.Task: Task 'attempt_local2124950859_0001_r_000000_0' done.
2022-10-01 16:51:55,591 INFO mapred.Task: Final Counters for attempt_local2124950859_0001_r_000000_0: Counters: 24
	File System Counters
		FILE: Number of bytes read=9374
		FILE: Number of bytes written=633037
		FILE: Number of read operations=0
		FILE: Number of large read operations=0
		FILE: Number of write operations=0
	Map-Reduce Framework
		Combine input records=0
		Combine output records=0
		Reduce input groups=1
		Reduce shuffle bytes=318
		Reduce input records=12
		Reduce output records=1
		Spilled Records=12
		Shuffled Maps =1
		Failed Shuffles=0
		Merged Map outputs=1
		GC time elapsed (ms)=0
		Total committed heap usage (bytes)=2147483648
	Shuffle Errors
		BAD_ID=0
		CONNECTION=0
		IO_ERROR=0
		WRONG_LENGTH=0
		WRONG_MAP=0
		WRONG_REDUCE=0
	File Output Format Counters 
		Bytes Written=80689
2022-10-01 16:51:55,591 INFO mapred.LocalJobRunner: Finishing task: attempt_local2124950859_0001_r_000000_0
2022-10-01 16:51:55,592 INFO mapred.LocalJobRunner: reduce task executor complete.
2022-10-01 16:51:56,166 INFO mapreduce.Job: Job job_local2124950859_0001 running in uber mode : false
2022-10-01 16:51:56,166 INFO mapreduce.Job:  map 100% reduce 100%
2022-10-01 16:51:56,167 INFO mapreduce.Job: Job job_local2124950859_0001 completed successfully
2022-10-01 16:51:56,172 INFO mapreduce.Job: Counters: 30
	File System Counters
		FILE: Number of bytes read=18080
		FILE: Number of bytes written=1185067
		FILE: Number of read operations=0
		FILE: Number of large read operations=0
		FILE: Number of write operations=0
	Map-Reduce Framework
		Map input records=12
		Map output records=12
		Map output bytes=288
		Map output materialized bytes=318
		Input split bytes=110
		Combine input records=0
		Combine output records=0
		Reduce input groups=1
		Reduce shuffle bytes=318
		Reduce input records=12
		Reduce output records=1
		Spilled Records=24
		Shuffled Maps =1
		Failed Shuffles=0
		Merged Map outputs=1
		GC time elapsed (ms)=0
		Total committed heap usage (bytes)=4294967296
	Shuffle Errors
		BAD_ID=0
		CONNECTION=0
		IO_ERROR=0
		WRONG_LENGTH=0
		WRONG_MAP=0
		WRONG_REDUCE=0
	File Input Format Counters 
		Bytes Read=132
	File Output Format Counters 
		Bytes Written=80689
2022-10-01 16:51:56,184 WARN impl.MetricsSystemImpl: JobTracker metrics system already initialized!
2022-10-01 16:51:56,185 WARN mapreduce.JobResourceUploader: Hadoop command-line option parsing not performed. Implement the Tool interface and execute your application with ToolRunner to remedy this.
2022-10-01 16:51:56,187 INFO input.FileInputFormat: Total input files to process : 1
2022-10-01 16:51:56,189 INFO mapreduce.JobSubmitter: number of splits:1
2022-10-01 16:51:56,198 INFO mapreduce.JobSubmitter: Submitting tokens for job: job_local956699383_0002
2022-10-01 16:51:56,198 INFO mapreduce.JobSubmitter: Executing with tokens: []
2022-10-01 16:51:56,284 INFO mapreduce.Job: The url to track the job: http://localhost:8080/
2022-10-01 16:51:56,284 INFO mapreduce.Job: Running job: job_local956699383_0002
2022-10-01 16:51:56,284 INFO mapred.LocalJobRunner: OutputCommitter set in config null
2022-10-01 16:51:56,285 INFO output.FileOutputCommitter: File Output Committer Algorithm version is 2
2022-10-01 16:51:56,285 INFO output.FileOutputCommitter: FileOutputCommitter skip cleanup _temporary folders under output directory:false, ignore cleanup failures: false
2022-10-01 16:51:56,285 INFO mapred.LocalJobRunner: OutputCommitter is org.apache.hadoop.mapreduce.lib.output.FileOutputCommitter
2022-10-01 16:51:56,361 INFO mapred.LocalJobRunner: Waiting for map tasks
2022-10-01 16:51:56,361 INFO mapred.LocalJobRunner: Starting task: attempt_local956699383_0002_m_000000_0
2022-10-01 16:51:56,362 INFO output.FileOutputCommitter: File Output Committer Algorithm version is 2
2022-10-01 16:51:56,362 INFO output.FileOutputCommitter: FileOutputCommitter skip cleanup _temporary folders under output directory:false, ignore cleanup failures: false
2022-10-01 16:51:56,362 INFO mapred.Task:  Using ResourceCalculatorProcessTree : [ ]
2022-10-01 16:51:56,363 INFO mapred.MapTask: Processing split: file:/home/ajaved/project2/N-matrix-small.txt:0+129
2022-10-01 16:51:56,370 INFO mapred.MapTask: (EQUATOR) 0 kvi 26214396(104857584)
2022-10-01 16:51:56,370 INFO mapred.MapTask: mapreduce.task.io.sort.mb: 100
2022-10-01 16:51:56,370 INFO mapred.MapTask: soft limit at 83886080
2022-10-01 16:51:56,370 INFO mapred.MapTask: bufstart = 0; bufvoid = 104857600
2022-10-01 16:51:56,370 INFO mapred.MapTask: kvstart = 26214396; length = 6553600
2022-10-01 16:51:56,371 INFO mapred.MapTask: Map output collector class = org.apache.hadoop.mapred.MapTask$MapOutputBuffer
2022-10-01 16:51:56,380 INFO mapred.LocalJobRunner: 
2022-10-01 16:51:56,380 INFO mapred.MapTask: Starting flush of map output
2022-10-01 16:51:56,380 INFO mapred.MapTask: Spilling map output
2022-10-01 16:51:56,380 INFO mapred.MapTask: bufstart = 0; bufend = 288; bufvoid = 104857600
2022-10-01 16:51:56,380 INFO mapred.MapTask: kvstart = 26214396(104857584); kvend = 26214352(104857408); length = 45/6553600
2022-10-01 16:51:56,381 INFO mapred.MapTask: Finished spill 0
2022-10-01 16:51:56,381 INFO mapred.Task: Task:attempt_local956699383_0002_m_000000_0 is done. And is in the process of committing
2022-10-01 16:51:56,382 INFO mapred.LocalJobRunner: map
2022-10-01 16:51:56,382 INFO mapred.Task: Task 'attempt_local956699383_0002_m_000000_0' done.
2022-10-01 16:51:56,383 INFO mapred.Task: Final Counters for attempt_local956699383_0002_m_000000_0: Counters: 17
	File System Counters
		FILE: Number of bytes read=18077
		FILE: Number of bytes written=1182451
		FILE: Number of read operations=0
		FILE: Number of large read operations=0
		FILE: Number of write operations=0
	Map-Reduce Framework
		Map input records=12
		Map output records=12
		Map output bytes=288
		Map output materialized bytes=318
		Input split bytes=110
		Combine input records=0
		Spilled Records=12
		Failed Shuffles=0
		Merged Map outputs=0
		GC time elapsed (ms)=0
		Total committed heap usage (bytes)=2147483648
	File Input Format Counters 
		Bytes Read=129
2022-10-01 16:51:56,383 INFO mapred.LocalJobRunner: Finishing task: attempt_local956699383_0002_m_000000_0
2022-10-01 16:51:56,383 INFO mapred.LocalJobRunner: map task executor complete.
2022-10-01 16:51:56,384 INFO mapred.LocalJobRunner: Waiting for reduce tasks
2022-10-01 16:51:56,384 INFO mapred.LocalJobRunner: Starting task: attempt_local956699383_0002_r_000000_0
2022-10-01 16:51:56,385 INFO output.FileOutputCommitter: File Output Committer Algorithm version is 2
2022-10-01 16:51:56,385 INFO output.FileOutputCommitter: FileOutputCommitter skip cleanup _temporary folders under output directory:false, ignore cleanup failures: false
2022-10-01 16:51:56,385 INFO mapred.Task:  Using ResourceCalculatorProcessTree : [ ]
2022-10-01 16:51:56,385 INFO mapred.ReduceTask: Using ShuffleConsumerPlugin: org.apache.hadoop.mapreduce.task.reduce.Shuffle@33135b16
2022-10-01 16:51:56,386 WARN impl.MetricsSystemImpl: JobTracker metrics system already initialized!
2022-10-01 16:51:56,387 INFO reduce.MergeManagerImpl: The max number of bytes for a single in-memory shuffle cannot be larger than Integer.MAX_VALUE. Setting it to Integer.MAX_VALUE
2022-10-01 16:51:56,387 INFO reduce.MergeManagerImpl: MergerManager: memoryLimit=22525089792, maxSingleShuffleLimit=2147483647, mergeThreshold=14866560000, ioSortFactor=10, memToMemMergeOutputsThreshold=10
2022-10-01 16:51:56,387 INFO reduce.EventFetcher: attempt_local956699383_0002_r_000000_0 Thread started: EventFetcher for fetching Map Completion Events
2022-10-01 16:51:56,388 INFO reduce.LocalFetcher: localfetcher#2 about to shuffle output of map attempt_local956699383_0002_m_000000_0 decomp: 314 len: 318 to MEMORY
2022-10-01 16:51:56,389 INFO reduce.InMemoryMapOutput: Read 314 bytes from map-output for attempt_local956699383_0002_m_000000_0
2022-10-01 16:51:56,389 INFO reduce.MergeManagerImpl: closeInMemoryFile -> map-output of size: 314, inMemoryMapOutputs.size() -> 1, commitMemory -> 0, usedMemory ->314
2022-10-01 16:51:56,389 INFO reduce.EventFetcher: EventFetcher is interrupted.. Returning
2022-10-01 16:51:56,390 INFO mapred.LocalJobRunner: 1 / 1 copied.
2022-10-01 16:51:56,390 INFO reduce.MergeManagerImpl: finalMerge called with 1 in-memory map-outputs and 0 on-disk map-outputs
2022-10-01 16:51:56,391 INFO mapred.Merger: Merging 1 sorted segments
2022-10-01 16:51:56,391 INFO mapred.Merger: Down to the last merge-pass, with 1 segments left of total size: 304 bytes
2022-10-01 16:51:56,392 INFO reduce.MergeManagerImpl: Merged 1 segments, 314 bytes to disk to satisfy reduce memory limit
2022-10-01 16:51:56,392 INFO reduce.MergeManagerImpl: Merging 1 files, 318 bytes from disk
2022-10-01 16:51:56,392 INFO reduce.MergeManagerImpl: Merging 0 segments, 0 bytes from memory into reduce
2022-10-01 16:51:56,392 INFO mapred.Merger: Merging 1 sorted segments
2022-10-01 16:51:56,392 INFO mapred.Merger: Down to the last merge-pass, with 1 segments left of total size: 304 bytes
2022-10-01 16:51:56,392 INFO mapred.LocalJobRunner: 1 / 1 copied.
2022-10-01 16:51:56,492 INFO mapred.Task: Task:attempt_local956699383_0002_r_000000_0 is done. And is in the process of committing
2022-10-01 16:51:56,493 INFO mapred.LocalJobRunner: 1 / 1 copied.
2022-10-01 16:51:56,493 INFO mapred.Task: Task attempt_local956699383_0002_r_000000_0 is allowed to commit now
2022-10-01 16:51:56,560 INFO output.FileOutputCommitter: Saved output of task 'attempt_local956699383_0002_r_000000_0' to file:/home/ajaved/project2/right_tmp
2022-10-01 16:51:56,561 INFO mapred.LocalJobRunner: reduce > reduce
2022-10-01 16:51:56,561 INFO mapred.Task: Task 'attempt_local956699383_0002_r_000000_0' done.
2022-10-01 16:51:56,561 INFO mapred.Task: Final Counters for attempt_local956699383_0002_r_000000_0: Counters: 24
	File System Counters
		FILE: Number of bytes read=18745
		FILE: Number of bytes written=1263458
		FILE: Number of read operations=0
		FILE: Number of large read operations=0
		FILE: Number of write operations=0
	Map-Reduce Framework
		Combine input records=0
		Combine output records=0
		Reduce input groups=1
		Reduce shuffle bytes=318
		Reduce input records=12
		Reduce output records=1
		Spilled Records=12
		Shuffled Maps =1
		Failed Shuffles=0
		Merged Map outputs=1
		GC time elapsed (ms)=0
		Total committed heap usage (bytes)=2147483648
	Shuffle Errors
		BAD_ID=0
		CONNECTION=0
		IO_ERROR=0
		WRONG_LENGTH=0
		WRONG_MAP=0
		WRONG_REDUCE=0
	File Output Format Counters 
		Bytes Written=80689
2022-10-01 16:51:56,561 INFO mapred.LocalJobRunner: Finishing task: attempt_local956699383_0002_r_000000_0
2022-10-01 16:51:56,561 INFO mapred.LocalJobRunner: reduce task executor complete.
2022-10-01 16:51:57,285 INFO mapreduce.Job: Job job_local956699383_0002 running in uber mode : false
2022-10-01 16:51:57,285 INFO mapreduce.Job:  map 100% reduce 100%
2022-10-01 16:51:57,285 INFO mapreduce.Job: Job job_local956699383_0002 completed successfully
2022-10-01 16:51:57,288 INFO mapreduce.Job: Counters: 30
	File System Counters
		FILE: Number of bytes read=36822
		FILE: Number of bytes written=2445909
		FILE: Number of read operations=0
		FILE: Number of large read operations=0
		FILE: Number of write operations=0
	Map-Reduce Framework
		Map input records=12
		Map output records=12
		Map output bytes=288
		Map output materialized bytes=318
		Input split bytes=110
		Combine input records=0
		Combine output records=0
		Reduce input groups=1
		Reduce shuffle bytes=318
		Reduce input records=12
		Reduce output records=1
		Spilled Records=24
		Shuffled Maps =1
		Failed Shuffles=0
		Merged Map outputs=1
		GC time elapsed (ms)=0
		Total committed heap usage (bytes)=4294967296
	Shuffle Errors
		BAD_ID=0
		CONNECTION=0
		IO_ERROR=0
		WRONG_LENGTH=0
		WRONG_MAP=0
		WRONG_REDUCE=0
	File Input Format Counters 
		Bytes Read=129
	File Output Format Counters 
		Bytes Written=80689
2022-10-01 16:51:57,302 WARN impl.MetricsSystemImpl: JobTracker metrics system already initialized!
2022-10-01 16:51:57,303 WARN mapreduce.JobResourceUploader: Hadoop command-line option parsing not performed. Implement the Tool interface and execute your application with ToolRunner to remedy this.
2022-10-01 16:51:57,311 INFO input.FileInputFormat: Total input files to process : 1
2022-10-01 16:51:57,313 INFO input.FileInputFormat: Total input files to process : 1
2022-10-01 16:51:57,315 INFO mapreduce.JobSubmitter: number of splits:2
2022-10-01 16:51:57,330 INFO mapreduce.JobSubmitter: Submitting tokens for job: job_local989830220_0003
2022-10-01 16:51:57,330 INFO mapreduce.JobSubmitter: Executing with tokens: []
2022-10-01 16:51:57,373 INFO mapreduce.Job: The url to track the job: http://localhost:8080/
2022-10-01 16:51:57,373 INFO mapreduce.Job: Running job: job_local989830220_0003
2022-10-01 16:51:57,374 INFO mapred.LocalJobRunner: OutputCommitter set in config null
2022-10-01 16:51:57,374 INFO output.FileOutputCommitter: File Output Committer Algorithm version is 2
2022-10-01 16:51:57,374 INFO output.FileOutputCommitter: FileOutputCommitter skip cleanup _temporary folders under output directory:false, ignore cleanup failures: false
2022-10-01 16:51:57,374 INFO mapred.LocalJobRunner: OutputCommitter is org.apache.hadoop.mapreduce.lib.output.FileOutputCommitter
2022-10-01 16:51:57,409 INFO mapred.LocalJobRunner: Waiting for map tasks
2022-10-01 16:51:57,409 INFO mapred.LocalJobRunner: Starting task: attempt_local989830220_0003_m_000000_0
2022-10-01 16:51:57,410 INFO output.FileOutputCommitter: File Output Committer Algorithm version is 2
2022-10-01 16:51:57,410 INFO output.FileOutputCommitter: FileOutputCommitter skip cleanup _temporary folders under output directory:false, ignore cleanup failures: false
2022-10-01 16:51:57,410 INFO mapred.Task:  Using ResourceCalculatorProcessTree : [ ]
2022-10-01 16:51:57,411 INFO mapred.MapTask: Processing split: file:/home/ajaved/project2/left_tmp/part-r-00000:0+80053
2022-10-01 16:51:57,423 INFO mapred.MapTask: (EQUATOR) 0 kvi 26214396(104857584)
2022-10-01 16:51:57,423 INFO mapred.MapTask: mapreduce.task.io.sort.mb: 100
2022-10-01 16:51:57,423 INFO mapred.MapTask: soft limit at 83886080
2022-10-01 16:51:57,423 INFO mapred.MapTask: bufstart = 0; bufvoid = 104857600
2022-10-01 16:51:57,423 INFO mapred.MapTask: kvstart = 26214396; length = 6553600
2022-10-01 16:51:57,425 INFO mapred.MapTask: Map output collector class = org.apache.hadoop.mapred.MapTask$MapOutputBuffer
2022-10-01 16:51:57,433 INFO mapred.LocalJobRunner: 
2022-10-01 16:51:57,433 INFO mapred.MapTask: Starting flush of map output
2022-10-01 16:51:57,433 INFO mapred.MapTask: Spilling map output
2022-10-01 16:51:57,433 INFO mapred.MapTask: bufstart = 0; bufend = 80008; bufvoid = 104857600
2022-10-01 16:51:57,433 INFO mapred.MapTask: kvstart = 26214396(104857584); kvend = 26214396(104857584); length = 1/6553600
2022-10-01 16:51:57,434 INFO mapred.MapTask: Finished spill 0
2022-10-01 16:51:57,435 INFO mapred.Task: Task:attempt_local989830220_0003_m_000000_0 is done. And is in the process of committing
2022-10-01 16:51:57,436 INFO mapred.LocalJobRunner: map
2022-10-01 16:51:57,436 INFO mapred.Task: Task 'attempt_local989830220_0003_m_000000_0' done.
2022-10-01 16:51:57,436 INFO mapred.Task: Final Counters for attempt_local989830220_0003_m_000000_0: Counters: 17
	File System Counters
		FILE: Number of bytes read=108412
		FILE: Number of bytes written=1893794
		FILE: Number of read operations=0
		FILE: Number of large read operations=0
		FILE: Number of write operations=0
	Map-Reduce Framework
		Map input records=1
		Map output records=1
		Map output bytes=80008
		Map output materialized bytes=80019
		Input split bytes=247
		Combine input records=0
		Spilled Records=1
		Failed Shuffles=0
		Merged Map outputs=0
		GC time elapsed (ms)=0
		Total committed heap usage (bytes)=2147483648
	File Input Format Counters 
		Bytes Read=0
2022-10-01 16:51:57,436 INFO mapred.LocalJobRunner: Finishing task: attempt_local989830220_0003_m_000000_0
2022-10-01 16:51:57,436 INFO mapred.LocalJobRunner: Starting task: attempt_local989830220_0003_m_000001_0
2022-10-01 16:51:57,437 INFO output.FileOutputCommitter: File Output Committer Algorithm version is 2
2022-10-01 16:51:57,437 INFO output.FileOutputCommitter: FileOutputCommitter skip cleanup _temporary folders under output directory:false, ignore cleanup failures: false
2022-10-01 16:51:57,437 INFO mapred.Task:  Using ResourceCalculatorProcessTree : [ ]
2022-10-01 16:51:57,438 INFO mapred.MapTask: Processing split: file:/home/ajaved/project2/right_tmp/part-r-00000:0+80053
2022-10-01 16:51:57,449 INFO mapred.MapTask: (EQUATOR) 0 kvi 26214396(104857584)
2022-10-01 16:51:57,449 INFO mapred.MapTask: mapreduce.task.io.sort.mb: 100
2022-10-01 16:51:57,449 INFO mapred.MapTask: soft limit at 83886080
2022-10-01 16:51:57,449 INFO mapred.MapTask: bufstart = 0; bufvoid = 104857600
2022-10-01 16:51:57,449 INFO mapred.MapTask: kvstart = 26214396; length = 6553600
2022-10-01 16:51:57,450 INFO mapred.MapTask: Map output collector class = org.apache.hadoop.mapred.MapTask$MapOutputBuffer
2022-10-01 16:51:57,454 INFO mapred.LocalJobRunner: 
2022-10-01 16:51:57,454 INFO mapred.MapTask: Starting flush of map output
2022-10-01 16:51:57,454 INFO mapred.MapTask: Spilling map output
2022-10-01 16:51:57,454 INFO mapred.MapTask: bufstart = 0; bufend = 80008; bufvoid = 104857600
2022-10-01 16:51:57,454 INFO mapred.MapTask: kvstart = 26214396(104857584); kvend = 26214396(104857584); length = 1/6553600
2022-10-01 16:51:57,455 INFO mapred.MapTask: Finished spill 0
2022-10-01 16:51:57,456 INFO mapred.Task: Task:attempt_local989830220_0003_m_000001_0 is done. And is in the process of committing
2022-10-01 16:51:57,456 INFO mapred.LocalJobRunner: map
2022-10-01 16:51:57,456 INFO mapred.Task: Task 'attempt_local989830220_0003_m_000001_0' done.
2022-10-01 16:51:57,457 INFO mapred.Task: Final Counters for attempt_local989830220_0003_m_000001_0: Counters: 17
	File System Counters
		FILE: Number of bytes read=189615
		FILE: Number of bytes written=1973845
		FILE: Number of read operations=0
		FILE: Number of large read operations=0
		FILE: Number of write operations=0
	Map-Reduce Framework
		Map input records=1
		Map output records=1
		Map output bytes=80008
		Map output materialized bytes=80019
		Input split bytes=248
		Combine input records=0
		Spilled Records=1
		Failed Shuffles=0
		Merged Map outputs=0
		GC time elapsed (ms)=0
		Total committed heap usage (bytes)=2147483648
	File Input Format Counters 
		Bytes Read=0
2022-10-01 16:51:57,457 INFO mapred.LocalJobRunner: Finishing task: attempt_local989830220_0003_m_000001_0
2022-10-01 16:51:57,457 INFO mapred.LocalJobRunner: map task executor complete.
2022-10-01 16:51:57,457 INFO mapred.LocalJobRunner: Waiting for reduce tasks
2022-10-01 16:51:57,458 INFO mapred.LocalJobRunner: Starting task: attempt_local989830220_0003_r_000000_0
2022-10-01 16:51:57,459 INFO output.FileOutputCommitter: File Output Committer Algorithm version is 2
2022-10-01 16:51:57,459 INFO output.FileOutputCommitter: FileOutputCommitter skip cleanup _temporary folders under output directory:false, ignore cleanup failures: false
2022-10-01 16:51:57,460 INFO mapred.Task:  Using ResourceCalculatorProcessTree : [ ]
2022-10-01 16:51:57,460 INFO mapred.ReduceTask: Using ShuffleConsumerPlugin: org.apache.hadoop.mapreduce.task.reduce.Shuffle@41a370cf
2022-10-01 16:51:57,460 WARN impl.MetricsSystemImpl: JobTracker metrics system already initialized!
2022-10-01 16:51:57,461 INFO reduce.MergeManagerImpl: The max number of bytes for a single in-memory shuffle cannot be larger than Integer.MAX_VALUE. Setting it to Integer.MAX_VALUE
2022-10-01 16:51:57,461 INFO reduce.MergeManagerImpl: MergerManager: memoryLimit=22525089792, maxSingleShuffleLimit=2147483647, mergeThreshold=14866560000, ioSortFactor=10, memToMemMergeOutputsThreshold=10
2022-10-01 16:51:57,461 INFO reduce.EventFetcher: attempt_local989830220_0003_r_000000_0 Thread started: EventFetcher for fetching Map Completion Events
2022-10-01 16:51:57,462 INFO reduce.LocalFetcher: localfetcher#3 about to shuffle output of map attempt_local989830220_0003_m_000000_0 decomp: 80015 len: 80019 to MEMORY
2022-10-01 16:51:57,463 INFO reduce.InMemoryMapOutput: Read 80015 bytes from map-output for attempt_local989830220_0003_m_000000_0
2022-10-01 16:51:57,463 INFO reduce.MergeManagerImpl: closeInMemoryFile -> map-output of size: 80015, inMemoryMapOutputs.size() -> 1, commitMemory -> 0, usedMemory ->80015
2022-10-01 16:51:57,463 INFO reduce.LocalFetcher: localfetcher#3 about to shuffle output of map attempt_local989830220_0003_m_000001_0 decomp: 80015 len: 80019 to MEMORY
2022-10-01 16:51:57,464 INFO reduce.InMemoryMapOutput: Read 80015 bytes from map-output for attempt_local989830220_0003_m_000001_0
2022-10-01 16:51:57,464 INFO reduce.MergeManagerImpl: closeInMemoryFile -> map-output of size: 80015, inMemoryMapOutputs.size() -> 2, commitMemory -> 80015, usedMemory ->160030
2022-10-01 16:51:57,464 INFO reduce.EventFetcher: EventFetcher is interrupted.. Returning
2022-10-01 16:51:57,464 INFO mapred.LocalJobRunner: 2 / 2 copied.
2022-10-01 16:51:57,464 INFO reduce.MergeManagerImpl: finalMerge called with 2 in-memory map-outputs and 0 on-disk map-outputs
2022-10-01 16:51:57,465 INFO mapred.Merger: Merging 2 sorted segments
2022-10-01 16:51:57,465 INFO mapred.Merger: Down to the last merge-pass, with 2 segments left of total size: 160004 bytes
2022-10-01 16:51:57,466 INFO reduce.MergeManagerImpl: Merged 2 segments, 160030 bytes to disk to satisfy reduce memory limit
2022-10-01 16:51:57,466 INFO reduce.MergeManagerImpl: Merging 1 files, 160032 bytes from disk
2022-10-01 16:51:57,466 INFO reduce.MergeManagerImpl: Merging 0 segments, 0 bytes from memory into reduce
2022-10-01 16:51:57,466 INFO mapred.Merger: Merging 1 sorted segments
2022-10-01 16:51:57,466 INFO mapred.Merger: Down to the last merge-pass, with 1 segments left of total size: 160015 bytes
2022-10-01 16:51:57,467 INFO mapred.LocalJobRunner: 2 / 2 copied.
2022-10-01 16:51:57,722 INFO mapred.Task: Task:attempt_local989830220_0003_r_000000_0 is done. And is in the process of committing
2022-10-01 16:51:57,723 INFO mapred.LocalJobRunner: 2 / 2 copied.
2022-10-01 16:51:57,723 INFO mapred.Task: Task attempt_local989830220_0003_r_000000_0 is allowed to commit now
2022-10-01 16:51:57,738 INFO output.FileOutputCommitter: Saved output of task 'attempt_local989830220_0003_r_000000_0' to file:/home/ajaved/project2/output
2022-10-01 16:51:57,738 INFO mapred.LocalJobRunner: reduce > reduce
2022-10-01 16:51:57,738 INFO mapred.Task: Task 'attempt_local989830220_0003_r_000000_0' done.
2022-10-01 16:51:57,738 INFO mapred.Task: Final Counters for attempt_local989830220_0003_r_000000_0: Counters: 24
	File System Counters
		FILE: Number of bytes read=509749
		FILE: Number of bytes written=2194480
		FILE: Number of read operations=0
		FILE: Number of large read operations=0
		FILE: Number of write operations=0
	Map-Reduce Framework
		Combine input records=0
		Combine output records=0
		Reduce input groups=1
		Reduce shuffle bytes=160038
		Reduce input records=2
		Reduce output records=1
		Spilled Records=2
		Shuffled Maps =2
		Failed Shuffles=0
		Merged Map outputs=2
		GC time elapsed (ms)=9
		Total committed heap usage (bytes)=2147483648
	Shuffle Errors
		BAD_ID=0
		CONNECTION=0
		IO_ERROR=0
		WRONG_LENGTH=0
		WRONG_MAP=0
		WRONG_REDUCE=0
	File Output Format Counters 
		Bytes Written=60603
2022-10-01 16:51:57,738 INFO mapred.LocalJobRunner: Finishing task: attempt_local989830220_0003_r_000000_0
2022-10-01 16:51:57,739 INFO mapred.LocalJobRunner: reduce task executor complete.
2022-10-01 16:51:58,374 INFO mapreduce.Job: Job job_local989830220_0003 running in uber mode : false
2022-10-01 16:51:58,374 INFO mapreduce.Job:  map 100% reduce 100%
2022-10-01 16:51:58,375 INFO mapreduce.Job: Job job_local989830220_0003 completed successfully
2022-10-01 16:51:58,377 INFO mapreduce.Job: Counters: 30
	File System Counters
		FILE: Number of bytes read=807776
		FILE: Number of bytes written=6062119
		FILE: Number of read operations=0
		FILE: Number of large read operations=0
		FILE: Number of write operations=0
	Map-Reduce Framework
		Map input records=2
		Map output records=2
		Map output bytes=160016
		Map output materialized bytes=160038
		Input split bytes=495
		Combine input records=0
		Combine output records=0
		Reduce input groups=1
		Reduce shuffle bytes=160038
		Reduce input records=2
		Reduce output records=1
		Spilled Records=4
		Shuffled Maps =2
		Failed Shuffles=0
		Merged Map outputs=2
		GC time elapsed (ms)=9
		Total committed heap usage (bytes)=6442450944
	Shuffle Errors
		BAD_ID=0
		CONNECTION=0
		IO_ERROR=0
		WRONG_LENGTH=0
		WRONG_MAP=0
		WRONG_REDUCE=0
	File Input Format Counters 
		Bytes Read=0
	File Output Format Counters 
		Bytes Written=60603
